nohup: ignoring input
Using device: cuda
main started
args parsed

============================================================
  M5 TRAINING (BaseModel) — baseline_ablation_sales_yen_hierarchy_flat_seq2seq_search
  Models : ['baseline_gru_det', 'baseline_gru_prob', 'baseline_quantile_gru']
  Search : True
============================================================
[config] Run directory: /workspace/comp0197-experiments/runs/baseline_ablation_sales_yen_hierarchy_flat_seq2seq_search
[config] Snapshotted experiment config → /workspace/comp0197-experiments/runs/baseline_ablation_sales_yen_hierarchy_flat_seq2seq_search/configs/experiment.yml
[config] Snapshotted model config  → /workspace/comp0197-experiments/runs/baseline_ablation_sales_yen_hierarchy_flat_seq2seq_search/configs/models/baseline_gru_det.yml
[config] Snapshotted model config  → /workspace/comp0197-experiments/runs/baseline_ablation_sales_yen_hierarchy_flat_seq2seq_search/configs/models/baseline_gru_prob.yml
[config] Snapshotted model config  → /workspace/comp0197-experiments/runs/baseline_ablation_sales_yen_hierarchy_flat_seq2seq_search/configs/models/baseline_quantile_gru.yml

============================================================
  TRAINING: baseline_gru_det
============================================================
[config] Run directory: /workspace/comp0197-experiments/runs/baseline_ablation_sales_yen_hierarchy_flat_seq2seq_search

[search] Loading data once for all models...
[search] Sampling  : stratified | top_k=1500 | feature_set=sales_yen_hierarchy
Random seed set to 42
[data] Found local sales
[data] Found local calendar
[data] Found local prices
[data] Sales    : (30490, 1947)
[data] Calendar : (1969, 14)
[data] Prices   : (6841121, 4)
[data] Original items: 30490 | Stratified 1500+1500+1500 = 4500 series
[data] Trimmed shape : (4500, 1947)
[data] After melt  : (8734500, 8)
[data] After calendar merge : (8734500, 20)
[data] After price merge    : (8734500, 21)
[data] After hierarchy encoding : (8734500, 27)
[data] Yen-style pipeline (sales_yen_hierarchy): (8734500, 27)
[data] Protocol: yen_v1 — val=112 days, test=56 days
[data] Train : 2011-01-29 -> 2015-12-06  (7,978,500 rows)
[data] Val   : 2015-12-07 -> 2016-03-27  (504,000 rows)
[data] Test  : 2016-03-28 -> 2016-05-22  (252,000 rows)
[data] No normalisation — using raw sales counts
[data] train: 7,731,000 windows  (autoregressive=False)
[data] val: 382,500 windows  (autoregressive=False)
[data] test: 130,500 windows  (autoregressive=False)

[data] Feature set  : sales_yen_hierarchy  (14 features)
[data] Input shape  : (seq_len=28, n_features=14)
[data] Autoregressive: False
[data] Train batches: 3775
[data] Val batches  : 187
[data] Test batches : 64
[DEBUG] Train windows: 7,731,000
[DEBUG] Val windows  : 382,500
[DEBUG] Test windows : 130,500
[data] Vocab sizes  : {'state_id_int': 3, 'store_id_int': 10, 'cat_id_int': 3, 'dept_id_int': 7}
Random seed set to 42
[data] Found local sales
[data] Found local calendar
[data] Found local prices
[data] Sales    : (30490, 1947)
[data] Calendar : (1969, 14)
[data] Prices   : (6841121, 4)
[data] Original items: 30490 | Stratified 1500+1500+1500 = 4500 series
[data] Trimmed shape : (4500, 1947)
[data] After melt  : (8734500, 8)
[data] After calendar merge : (8734500, 20)
[data] After price merge    : (8734500, 21)
[data] After hierarchy encoding : (8734500, 27)
[data] Yen-style pipeline (sales_yen_hierarchy): (8734500, 27)
[data] Protocol: yen_v1 — val=112 days, test=56 days
[data] Train : 2011-01-29 -> 2015-12-06  (7,978,500 rows)
[data] Val   : 2015-12-07 -> 2016-03-27  (504,000 rows)
[data] Test  : 2016-03-28 -> 2016-05-22  (252,000 rows)
[data] No normalisation — using raw sales counts
[data] Revenue weights computed (4500 series, protocol=yen_v1)
[data] train: 7,731,000 windows  (autoregressive=False)
[data] val: 382,500 windows  (autoregressive=False)
[data] test: 130,500 windows  (autoregressive=False)

[data] Feature set  : sales_yen_hierarchy  (14 features)
[data] Input shape  : (seq_len=28, n_features=14)
[data] Autoregressive: False
[data] Train batches: 3775
[data] Val batches  : 187
[data] Test batches : 64
[DEBUG] Train windows: 7,731,000
[DEBUG] Val windows  : 382,500
[DEBUG] Test windows : 130,500
[data] Vocab sizes  : {'state_id_int': 3, 'store_id_int': 10, 'cat_id_int': 3, 'dept_id_int': 7}

============================================================
  SEARCH: baseline_gru_det
============================================================

Starting baseline_gru_det hyperparameter search

Stage 0: training 8 models for 10 epochs

Starting training...
/workspace/comp0197-experiments/utils/common/training.py:66: FutureWarning: `torch.cuda.amp.GradScaler(args...)` is deprecated. Please use `torch.amp.GradScaler('cuda', args...)` instead.
  scaler = torch.cuda.amp.GradScaler() if use_amp else None
Epoch 01 | train_loss=61.7304 | val_loss=36.1894 | val_rmse=6.0158 | val_mae=2.6391 | val_mape=64.2419 | val_r2=0.3836
Epoch 02 | train_loss=50.3291 | val_loss=32.0160 | val_rmse=5.6583 | val_mae=2.5245 | val_mape=68.1473 | val_r2=0.4547
Epoch 03 | train_loss=45.2099 | val_loss=28.4544 | val_rmse=5.3343 | val_mae=2.2629 | val_mape=72.7146 | val_r2=0.5153
Epoch 04 | train_loss=41.2290 | val_loss=26.2471 | val_rmse=5.1232 | val_mae=2.1617 | val_mape=75.5271 | val_r2=0.5529
Epoch 05 | train_loss=38.9746 | val_loss=25.2358 | val_rmse=5.0235 | val_mae=2.1211 | val_mape=73.1513 | val_r2=0.5701
Epoch 06 | train_loss=37.5218 | val_loss=25.4812 | val_rmse=5.0479 | val_mae=2.0317 | val_mape=82.7153 | val_r2=0.5660
Epoch 07 | train_loss=36.5588 | val_loss=26.2064 | val_rmse=5.1192 | val_mae=2.2050 | val_mape=75.7977 | val_r2=0.5536
Epoch 08 | train_loss=36.0904 | val_loss=24.7884 | val_rmse=4.9788 | val_mae=2.3794 | val_mape=73.7550 | val_r2=0.5778
Epoch 09 | train_loss=35.8625 | val_loss=28.2748 | val_rmse=5.3174 | val_mae=2.1733 | val_mape=69.8430 | val_r2=0.5184
Epoch 10 | train_loss=35.7238 | val_loss=24.8106 | val_rmse=4.9810 | val_mae=2.1794 | val_mape=74.8298 | val_r2=0.5774
Training finished.
Restored best model from early stopping.
Best validation loss 24.7884 at epoch 8

search_stage0_0 training completed in 455.88 seconds

Starting training...
Epoch 01 | train_loss=60.5687 | val_loss=36.5438 | val_rmse=6.0451 | val_mae=2.2644 | val_mape=82.9981 | val_r2=0.3775
Epoch 02 | train_loss=52.5658 | val_loss=41.4325 | val_rmse=6.4368 | val_mae=3.0131 | val_mape=111.3039 | val_r2=0.2943
Epoch 03 | train_loss=48.9636 | val_loss=31.2518 | val_rmse=5.5903 | val_mae=2.2942 | val_mape=61.7642 | val_r2=0.4677
Epoch 04 | train_loss=50.6961 | val_loss=30.6729 | val_rmse=5.5383 | val_mae=2.3210 | val_mape=60.3654 | val_r2=0.4775
Epoch 05 | train_loss=46.5677 | val_loss=28.9731 | val_rmse=5.3827 | val_mae=2.7801 | val_mape=91.5206 | val_r2=0.5065
Epoch 06 | train_loss=42.7079 | val_loss=27.6370 | val_rmse=5.2571 | val_mae=2.2182 | val_mape=61.0015 | val_r2=0.5292
Epoch 07 | train_loss=43.6525 | val_loss=33.7358 | val_rmse=5.8082 | val_mae=2.3265 | val_mape=69.4982 | val_r2=0.4254
Epoch 08 | train_loss=42.6563 | val_loss=50.3848 | val_rmse=7.0982 | val_mae=5.6973 | val_mape=226.0482 | val_r2=0.1418
Epoch 09 | train_loss=45.3591 | val_loss=38.3294 | val_rmse=6.1911 | val_mae=4.3913 | val_mape=167.8557 | val_r2=0.3471
Epoch 10 | train_loss=43.5666 | val_loss=30.2388 | val_rmse=5.4990 | val_mae=3.3578 | val_mape=115.4896 | val_r2=0.4849
Training finished.
Restored best model from early stopping.
Best validation loss 27.6370 at epoch 6

search_stage0_1 training completed in 480.29 seconds

Starting training...
Epoch 01 | train_loss=62.5490 | val_loss=34.1926 | val_rmse=5.8474 | val_mae=2.1238 | val_mape=70.9102 | val_r2=0.4176
Epoch 02 | train_loss=47.7906 | val_loss=29.4283 | val_rmse=5.4248 | val_mae=2.0305 | val_mape=80.0187 | val_r2=0.4987
Epoch 03 | train_loss=41.5253 | val_loss=24.7136 | val_rmse=4.9713 | val_mae=2.0267 | val_mape=69.4539 | val_r2=0.5790
Epoch 04 | train_loss=38.3042 | val_loss=26.3805 | val_rmse=5.1362 | val_mae=2.7146 | val_mape=82.1838 | val_r2=0.5507
Epoch 05 | train_loss=37.7912 | val_loss=25.0384 | val_rmse=5.0038 | val_mae=2.0094 | val_mape=71.6095 | val_r2=0.5735
Epoch 06 | train_loss=34.9551 | val_loss=29.5554 | val_rmse=5.4365 | val_mae=2.3710 | val_mape=87.6951 | val_r2=0.4966
Epoch 07 | train_loss=35.3709 | val_loss=22.9473 | val_rmse=4.7903 | val_mae=2.2478 | val_mape=68.9806 | val_r2=0.6091
Epoch 08 | train_loss=34.6934 | val_loss=28.4859 | val_rmse=5.3372 | val_mae=2.7078 | val_mape=58.6929 | val_r2=0.5148
Epoch 09 | train_loss=36.0335 | val_loss=22.8760 | val_rmse=4.7829 | val_mae=2.0811 | val_mape=71.1825 | val_r2=0.6103
Epoch 10 | train_loss=34.7971 | val_loss=27.9855 | val_rmse=5.2901 | val_mae=2.1405 | val_mape=78.3910 | val_r2=0.5233
Training finished.
Restored best model from early stopping.
Best validation loss 22.8760 at epoch 9

search_stage0_2 training completed in 491.61 seconds

Starting training...
Epoch 01 | train_loss=57.8552 | val_loss=52.5684 | val_rmse=7.2504 | val_mae=5.6250 | val_mape=208.6291 | val_r2=0.1046
Epoch 02 | train_loss=51.4850 | val_loss=32.6862 | val_rmse=5.7172 | val_mae=2.8262 | val_mape=65.6425 | val_r2=0.4432
Epoch 03 | train_loss=48.1947 | val_loss=37.3934 | val_rmse=6.1150 | val_mae=4.2510 | val_mape=160.6661 | val_r2=0.3631
Epoch 04 | train_loss=44.6981 | val_loss=29.6327 | val_rmse=5.4436 | val_mae=2.1340 | val_mape=72.3409 | val_r2=0.4953
Epoch 05 | train_loss=47.0785 | val_loss=32.1042 | val_rmse=5.6661 | val_mae=2.3072 | val_mape=74.4011 | val_r2=0.4532
Epoch 06 | train_loss=46.5593 | val_loss=29.4900 | val_rmse=5.4305 | val_mae=2.9881 | val_mape=102.2209 | val_r2=0.4977
Epoch 07 | train_loss=41.4708 | val_loss=27.7434 | val_rmse=5.2672 | val_mae=2.1840 | val_mape=64.6921 | val_r2=0.5274
Epoch 08 | train_loss=44.0180 | val_loss=28.1201 | val_rmse=5.3028 | val_mae=2.3091 | val_mape=70.4645 | val_r2=0.5210
Epoch 09 | train_loss=46.3093 | val_loss=28.0950 | val_rmse=5.3005 | val_mae=2.2251 | val_mape=63.4939 | val_r2=0.5214
Epoch 10 | train_loss=44.1197 | val_loss=30.0081 | val_rmse=5.4780 | val_mae=2.2246 | val_mape=80.9262 | val_r2=0.4889
Training finished.
Restored best model from early stopping.
Best validation loss 27.7434 at epoch 7

search_stage0_3 training completed in 469.65 seconds

Starting training...
Epoch 01 | train_loss=80.4498 | val_loss=58.7151 | val_rmse=7.6626 | val_mae=4.3279 | val_mape=99.8163 | val_r2=-0.0001
Epoch 02 | train_loss=80.4024 | val_loss=58.7126 | val_rmse=7.6624 | val_mae=4.2950 | val_mape=98.0901 | val_r2=-0.0001
Epoch 03 | train_loss=80.4018 | val_loss=58.7094 | val_rmse=7.6622 | val_mae=4.3134 | val_mape=99.0772 | val_r2=-0.0000
Epoch 04 | train_loss=80.4016 | val_loss=58.7752 | val_rmse=7.6665 | val_mae=4.4320 | val_mape=105.2854 | val_r2=-0.0011
Epoch 05 | train_loss=80.4022 | val_loss=58.7445 | val_rmse=7.6645 | val_mae=4.3897 | val_mape=103.0561 | val_r2=-0.0006
Epoch 06 | train_loss=80.4030 | val_loss=58.7172 | val_rmse=7.6627 | val_mae=4.3208 | val_mape=99.4336 | val_r2=-0.0002
Epoch 07 | train_loss=80.4018 | val_loss=58.7476 | val_rmse=7.6647 | val_mae=4.3914 | val_mape=103.1260 | val_r2=-0.0007
Epoch 08 | train_loss=80.3966 | val_loss=58.7150 | val_rmse=7.6626 | val_mae=4.3299 | val_mape=99.9192 | val_r2=-0.0001
Epoch 09 | train_loss=80.3963 | val_loss=58.7154 | val_rmse=7.6626 | val_mae=4.3156 | val_mape=99.1545 | val_r2=-0.0001
Epoch 10 | train_loss=80.3966 | val_loss=58.7087 | val_rmse=7.6622 | val_mae=4.2953 | val_mape=98.1159 | val_r2=-0.0000
Training finished.
Restored best model from early stopping.
Best validation loss 58.7087 at epoch 10

search_stage0_4 training completed in 460.89 seconds

Starting training...
Epoch 01 | train_loss=71.6512 | val_loss=44.4162 | val_rmse=6.6645 | val_mae=3.2047 | val_mape=74.5856 | val_r2=0.2434
Epoch 02 | train_loss=59.3749 | val_loss=37.6064 | val_rmse=6.1324 | val_mae=2.7435 | val_mape=72.8155 | val_r2=0.3594
Epoch 03 | train_loss=52.0190 | val_loss=33.3617 | val_rmse=5.7760 | val_mae=2.4392 | val_mape=58.9766 | val_r2=0.4317
Epoch 04 | train_loss=48.1034 | val_loss=30.8943 | val_rmse=5.5583 | val_mae=2.3657 | val_mape=62.3772 | val_r2=0.4738
Epoch 05 | train_loss=45.1642 | val_loss=30.1695 | val_rmse=5.4927 | val_mae=2.7823 | val_mape=88.5750 | val_r2=0.4861
Epoch 06 | train_loss=43.6057 | val_loss=31.7205 | val_rmse=5.6321 | val_mae=3.3153 | val_mape=116.9343 | val_r2=0.4597
Epoch 07 | train_loss=42.1253 | val_loss=28.7150 | val_rmse=5.3586 | val_mae=2.9294 | val_mape=94.7850 | val_r2=0.5109
Epoch 08 | train_loss=40.3379 | val_loss=27.0606 | val_rmse=5.2020 | val_mae=2.3084 | val_mape=61.8742 | val_r2=0.5391
Epoch 09 | train_loss=41.1406 | val_loss=27.4748 | val_rmse=5.2416 | val_mae=2.2816 | val_mape=62.3186 | val_r2=0.5320
Epoch 10 | train_loss=40.4866 | val_loss=26.8638 | val_rmse=5.1830 | val_mae=2.2533 | val_mape=64.6732 | val_r2=0.5424
Training finished.
Restored best model from early stopping.
Best validation loss 26.8638 at epoch 10

search_stage0_5 training completed in 447.32 seconds

Starting training...
Epoch 01 | train_loss=80.4640 | val_loss=58.7100 | val_rmse=7.6622 | val_mae=4.3065 | val_mape=98.7060 | val_r2=-0.0000
Epoch 02 | train_loss=80.3984 | val_loss=58.7096 | val_rmse=7.6622 | val_mae=4.2934 | val_mape=98.0078 | val_r2=-0.0000
Epoch 03 | train_loss=80.3991 | val_loss=58.7113 | val_rmse=7.6623 | val_mae=4.2600 | val_mape=96.2718 | val_r2=-0.0001
Epoch 04 | train_loss=80.3983 | val_loss=58.7257 | val_rmse=7.6633 | val_mae=4.3631 | val_mape=101.6762 | val_r2=-0.0003
Epoch 05 | train_loss=80.3992 | val_loss=58.7215 | val_rmse=7.6630 | val_mae=4.3510 | val_mape=101.0294 | val_r2=-0.0002
Epoch 06 | train_loss=80.3987 | val_loss=58.7091 | val_rmse=7.6622 | val_mae=4.2810 | val_mape=97.3632 | val_r2=-0.0000
Epoch 07 | train_loss=80.3982 | val_loss=58.7454 | val_rmse=7.6646 | val_mae=4.3909 | val_mape=103.1083 | val_r2=-0.0006
Epoch 08 | train_loss=80.3951 | val_loss=58.7129 | val_rmse=7.6624 | val_mae=4.3327 | val_mape=100.0852 | val_r2=-0.0001
Epoch 09 | train_loss=80.3947 | val_loss=58.7223 | val_rmse=7.6630 | val_mae=4.3520 | val_mape=101.0798 | val_r2=-0.0002
Epoch 10 | train_loss=80.3952 | val_loss=58.7180 | val_rmse=7.6628 | val_mae=4.3378 | val_mape=100.3251 | val_r2=-0.0002
Training finished.
Restored best model from early stopping.
Best validation loss 58.7091 at epoch 6

search_stage0_6 training completed in 442.21 seconds

Starting training...
Epoch 01 | train_loss=77.4834 | val_loss=53.5931 | val_rmse=7.3207 | val_mae=3.9302 | val_mape=90.5040 | val_r2=0.0871
Epoch 02 | train_loss=72.4838 | val_loss=50.3098 | val_rmse=7.0929 | val_mae=3.6993 | val_mape=85.0547 | val_r2=0.1431
Epoch 03 | train_loss=69.4044 | val_loss=48.1252 | val_rmse=6.9372 | val_mae=3.5437 | val_mape=83.7875 | val_r2=0.1803
Epoch 04 | train_loss=67.1012 | val_loss=46.4401 | val_rmse=6.8147 | val_mae=3.3460 | val_mape=74.1052 | val_r2=0.2090
Epoch 05 | train_loss=65.2218 | val_loss=45.0746 | val_rmse=6.7138 | val_mae=3.3042 | val_mape=78.2611 | val_r2=0.2322
Epoch 06 | train_loss=63.7309 | val_loss=43.9123 | val_rmse=6.6266 | val_mae=3.1968 | val_mape=73.6996 | val_r2=0.2520
Epoch 07 | train_loss=62.4531 | val_loss=42.9506 | val_rmse=6.5537 | val_mae=3.0680 | val_mape=70.1146 | val_r2=0.2684
Epoch 08 | train_loss=61.3069 | val_loss=42.1988 | val_rmse=6.4961 | val_mae=3.0343 | val_mape=68.4930 | val_r2=0.2812
Epoch 09 | train_loss=60.3104 | val_loss=41.3632 | val_rmse=6.4314 | val_mae=2.9994 | val_mape=71.9240 | val_r2=0.2954
Epoch 10 | train_loss=59.3073 | val_loss=40.6838 | val_rmse=6.3784 | val_mae=2.9457 | val_mape=71.8692 | val_r2=0.3070
Training finished.
Restored best model from early stopping.
Best validation loss 40.6838 at epoch 10

search_stage0_7 training completed in 431.61 seconds
Pruned to 3 models

Stage 1: training 3 models for 10 epochs

Starting training...
Epoch 01 | train_loss=35.3022 | val_loss=24.2049 | val_rmse=4.9199 | val_mae=1.9871 | val_mape=71.1598 | val_r2=0.5877
Epoch 02 | train_loss=34.0048 | val_loss=28.6964 | val_rmse=5.3569 | val_mae=3.0087 | val_mape=121.5684 | val_r2=0.5112
Epoch 03 | train_loss=34.4305 | val_loss=23.4040 | val_rmse=4.8378 | val_mae=2.1879 | val_mape=65.2701 | val_r2=0.6013
Epoch 04 | train_loss=35.8205 | val_loss=22.9079 | val_rmse=4.7862 | val_mae=1.9673 | val_mape=71.6253 | val_r2=0.6098
Epoch 05 | train_loss=33.9074 | val_loss=26.6740 | val_rmse=5.1647 | val_mae=3.2165 | val_mape=112.5358 | val_r2=0.5457
Epoch 06 | train_loss=31.3861 | val_loss=22.6100 | val_rmse=4.7550 | val_mae=2.0228 | val_mape=70.4827 | val_r2=0.6149
Epoch 07 | train_loss=31.1481 | val_loss=24.3510 | val_rmse=4.9347 | val_mae=2.5679 | val_mape=92.3184 | val_r2=0.5852
Epoch 08 | train_loss=31.5961 | val_loss=22.6806 | val_rmse=4.7624 | val_mae=2.0088 | val_mape=78.3389 | val_r2=0.6137
Epoch 09 | train_loss=31.6210 | val_loss=22.4842 | val_rmse=4.7417 | val_mae=2.0783 | val_mape=74.5387 | val_r2=0.6170
Epoch 10 | train_loss=31.8282 | val_loss=26.5857 | val_rmse=5.1561 | val_mae=2.3981 | val_mape=57.5036 | val_r2=0.5472
Training finished.
Restored best model from early stopping.
Best validation loss 22.4842 at epoch 9

search_stage1_0 training completed in 477.25 seconds

Starting training...
Epoch 01 | train_loss=36.0570 | val_loss=34.6083 | val_rmse=5.8829 | val_mae=3.7284 | val_mape=135.6076 | val_r2=0.4105
Epoch 02 | train_loss=35.6855 | val_loss=24.5749 | val_rmse=4.9573 | val_mae=2.1673 | val_mape=70.0521 | val_r2=0.5814
Epoch 03 | train_loss=35.5234 | val_loss=26.0450 | val_rmse=5.1034 | val_mae=2.2901 | val_mape=77.1952 | val_r2=0.5564
Epoch 04 | train_loss=35.6564 | val_loss=24.8814 | val_rmse=4.9881 | val_mae=2.0382 | val_mape=78.4853 | val_r2=0.5762
Epoch 05 | train_loss=35.4264 | val_loss=27.4133 | val_rmse=5.2358 | val_mae=2.1047 | val_mape=74.5516 | val_r2=0.5331
Epoch 06 | train_loss=35.5180 | val_loss=27.3268 | val_rmse=5.2275 | val_mae=2.1196 | val_mape=84.9818 | val_r2=0.5345
Epoch 07 | train_loss=35.3144 | val_loss=27.6917 | val_rmse=5.2623 | val_mae=2.3639 | val_mape=77.9043 | val_r2=0.5283
Epoch 08 | train_loss=35.0272 | val_loss=25.1439 | val_rmse=5.0144 | val_mae=2.2394 | val_mape=78.0624 | val_r2=0.5717
Epoch 09 | train_loss=33.5551 | val_loss=25.4865 | val_rmse=5.0484 | val_mae=2.2068 | val_mape=65.4741 | val_r2=0.5659
Early stopping triggered at epoch 10
Training finished.
Restored best model from early stopping.
Best validation loss 24.5749 at epoch 2

search_stage1_1 training completed in 435.11 seconds

Starting training...
Epoch 01 | train_loss=39.3400 | val_loss=29.3983 | val_rmse=5.4220 | val_mae=3.1313 | val_mape=109.3484 | val_r2=0.4992
Epoch 02 | train_loss=38.9705 | val_loss=29.2026 | val_rmse=5.4039 | val_mae=2.2984 | val_mape=70.4087 | val_r2=0.5026
Epoch 03 | train_loss=39.3146 | val_loss=27.0975 | val_rmse=5.2055 | val_mae=2.7513 | val_mape=88.6929 | val_r2=0.5384
Epoch 04 | train_loss=38.2428 | val_loss=29.6368 | val_rmse=5.4440 | val_mae=2.2827 | val_mape=73.6372 | val_r2=0.4952
Epoch 05 | train_loss=38.1040 | val_loss=30.0309 | val_rmse=5.4800 | val_mae=3.4256 | val_mape=123.0953 | val_r2=0.4885
Epoch 06 | train_loss=37.9711 | val_loss=25.0647 | val_rmse=5.0065 | val_mae=2.2678 | val_mape=71.5411 | val_r2=0.5731
Epoch 07 | train_loss=37.1280 | val_loss=27.0172 | val_rmse=5.1978 | val_mae=2.1565 | val_mape=68.9031 | val_r2=0.5398
Epoch 08 | train_loss=36.7817 | val_loss=27.1106 | val_rmse=5.2068 | val_mae=2.9350 | val_mape=98.1163 | val_r2=0.5382
Epoch 09 | train_loss=36.4742 | val_loss=25.6000 | val_rmse=5.0596 | val_mae=2.1299 | val_mape=66.9676 | val_r2=0.5639
Epoch 10 | train_loss=36.3150 | val_loss=24.9221 | val_rmse=4.9922 | val_mae=2.1669 | val_mape=62.5230 | val_r2=0.5755
Training finished.
Restored best model from early stopping.
Best validation loss 24.9221 at epoch 10

search_stage1_2 training completed in 455.01 seconds
Pruned to 2 models

Stage 2: training 2 models for 20 epochs

Starting training...
Epoch 01 | train_loss=31.5102 | val_loss=23.1876 | val_rmse=4.8153 | val_mae=2.2002 | val_mape=65.2111 | val_r2=0.6050
Epoch 02 | train_loss=31.5217 | val_loss=25.6643 | val_rmse=5.0660 | val_mae=1.9815 | val_mape=78.5999 | val_r2=0.5628
Epoch 03 | train_loss=31.7473 | val_loss=22.8178 | val_rmse=4.7768 | val_mae=1.9536 | val_mape=73.5630 | val_r2=0.6113
Epoch 04 | train_loss=31.2671 | val_loss=22.8471 | val_rmse=4.7799 | val_mae=1.8870 | val_mape=73.9380 | val_r2=0.6108
Epoch 05 | train_loss=31.4475 | val_loss=24.1319 | val_rmse=4.9124 | val_mae=1.9273 | val_mape=74.6161 | val_r2=0.5890
Epoch 06 | train_loss=30.3762 | val_loss=23.3538 | val_rmse=4.8326 | val_mae=1.9626 | val_mape=70.3101 | val_r2=0.6022
Epoch 07 | train_loss=30.3520 | val_loss=23.1504 | val_rmse=4.8115 | val_mae=1.9390 | val_mape=71.4124 | val_r2=0.6057
Epoch 08 | train_loss=30.2452 | val_loss=22.3990 | val_rmse=4.7328 | val_mae=1.9258 | val_mape=73.4676 | val_r2=0.6185
Epoch 09 | train_loss=30.3168 | val_loss=23.0858 | val_rmse=4.8048 | val_mae=1.9387 | val_mape=71.7654 | val_r2=0.6068
Epoch 10 | train_loss=30.4498 | val_loss=25.2661 | val_rmse=5.0265 | val_mae=2.0515 | val_mape=71.6770 | val_r2=0.5696
Epoch 11 | train_loss=30.3684 | val_loss=22.8708 | val_rmse=4.7823 | val_mae=2.2209 | val_mape=71.7694 | val_r2=0.6104
Epoch 12 | train_loss=30.5146 | val_loss=23.9654 | val_rmse=4.8954 | val_mae=1.9847 | val_mape=71.6710 | val_r2=0.5918
Epoch 13 | train_loss=30.4549 | val_loss=23.9307 | val_rmse=4.8919 | val_mae=1.9942 | val_mape=70.5794 | val_r2=0.5924
Epoch 14 | train_loss=30.6725 | val_loss=22.1934 | val_rmse=4.7110 | val_mae=1.9608 | val_mape=72.5745 | val_r2=0.6220
Epoch 15 | train_loss=30.9042 | val_loss=22.1515 | val_rmse=4.7065 | val_mae=1.9751 | val_mape=73.2885 | val_r2=0.6227
Epoch 16 | train_loss=30.3774 | val_loss=39.0916 | val_rmse=6.2523 | val_mae=5.0113 | val_mape=193.6740 | val_r2=0.3341
Epoch 17 | train_loss=30.4890 | val_loss=24.4661 | val_rmse=4.9463 | val_mae=2.0075 | val_mape=72.0064 | val_r2=0.5833
Epoch 18 | train_loss=30.5031 | val_loss=22.8252 | val_rmse=4.7776 | val_mae=1.8981 | val_mape=73.5216 | val_r2=0.6112
Epoch 19 | train_loss=30.4677 | val_loss=22.1971 | val_rmse=4.7114 | val_mae=1.9869 | val_mape=75.5890 | val_r2=0.6219
Epoch 20 | train_loss=30.7048 | val_loss=22.3877 | val_rmse=4.7316 | val_mae=1.9034 | val_mape=73.9632 | val_r2=0.6187
Training finished.
Restored best model from early stopping.
Best validation loss 22.1515 at epoch 15

search_stage2_0 training completed in 959.21 seconds

Starting training...
Epoch 01 | train_loss=34.0460 | val_loss=26.8652 | val_rmse=5.1832 | val_mae=2.1310 | val_mape=83.4364 | val_r2=0.5424
Epoch 02 | train_loss=33.9922 | val_loss=25.4663 | val_rmse=5.0464 | val_mae=2.0622 | val_mape=73.2912 | val_r2=0.5662
Epoch 03 | train_loss=33.9306 | val_loss=24.5857 | val_rmse=4.9584 | val_mae=2.0410 | val_mape=80.4759 | val_r2=0.5812
Epoch 04 | train_loss=33.7818 | val_loss=23.9807 | val_rmse=4.8970 | val_mae=2.2302 | val_mape=69.5746 | val_r2=0.5915
Epoch 05 | train_loss=33.6765 | val_loss=25.2835 | val_rmse=5.0283 | val_mae=2.1034 | val_mape=68.1955 | val_r2=0.5693
Epoch 06 | train_loss=33.7168 | val_loss=24.6732 | val_rmse=4.9672 | val_mae=2.0908 | val_mape=68.7663 | val_r2=0.5797
Epoch 07 | train_loss=33.6279 | val_loss=24.3728 | val_rmse=4.9369 | val_mae=2.2236 | val_mape=67.4217 | val_r2=0.5848
Epoch 08 | train_loss=33.4908 | val_loss=25.4112 | val_rmse=5.0410 | val_mae=2.0746 | val_mape=70.5804 | val_r2=0.5672
Epoch 09 | train_loss=33.5151 | val_loss=24.2167 | val_rmse=4.9210 | val_mae=2.3354 | val_mape=71.5970 | val_r2=0.5875
Epoch 10 | train_loss=33.4345 | val_loss=24.0942 | val_rmse=4.9086 | val_mae=2.1381 | val_mape=71.1293 | val_r2=0.5896
Epoch 11 | train_loss=32.2957 | val_loss=23.6268 | val_rmse=4.8607 | val_mae=2.1232 | val_mape=68.1836 | val_r2=0.5976
Epoch 12 | train_loss=32.2087 | val_loss=24.4480 | val_rmse=4.9445 | val_mae=2.2513 | val_mape=64.9941 | val_r2=0.5836
Epoch 13 | train_loss=32.2491 | val_loss=23.7709 | val_rmse=4.8755 | val_mae=2.0813 | val_mape=71.4805 | val_r2=0.5951
Epoch 14 | train_loss=32.0931 | val_loss=23.8743 | val_rmse=4.8861 | val_mae=2.0383 | val_mape=78.4043 | val_r2=0.5933
Epoch 15 | train_loss=32.0936 | val_loss=24.7864 | val_rmse=4.9786 | val_mae=2.1010 | val_mape=64.1082 | val_r2=0.5778
Epoch 16 | train_loss=32.1374 | val_loss=23.2365 | val_rmse=4.8204 | val_mae=2.0437 | val_mape=70.5348 | val_r2=0.6042
Epoch 17 | train_loss=32.0529 | val_loss=23.4661 | val_rmse=4.8442 | val_mae=2.1782 | val_mape=64.8414 | val_r2=0.6003
Epoch 18 | train_loss=31.9394 | val_loss=24.3126 | val_rmse=4.9308 | val_mae=1.9938 | val_mape=74.2368 | val_r2=0.5859
Epoch 19 | train_loss=31.9783 | val_loss=23.4354 | val_rmse=4.8410 | val_mae=2.0324 | val_mape=66.5549 | val_r2=0.6008
Epoch 20 | train_loss=31.9489 | val_loss=23.1693 | val_rmse=4.8134 | val_mae=2.1388 | val_mape=65.8719 | val_r2=0.6053
Training finished.
Restored best model from early stopping.
Best validation loss 23.1693 at epoch 20

search_stage2_1 training completed in 895.68 seconds
Pruned to 1 models

Hyperparameter search summary saved to: /workspace/comp0197-experiments/runs/baseline_ablation_sales_yen_hierarchy_flat_seq2seq_search/models/baseline_gru_det/baseline_gru_det_search.json
Best baseline_gru_det configuration:
{'split_protocol': 'yen_v1', 'weight_protocol': 'yen_v1', 'data_dir': './data', 'sampling': 'all', 'top_k_series': 30490, 'feature_set': 'sales_yen_hierarchy', 'seq_len': 28, 'horizon': 28, 'autoregressive': False, 'use_normalise': False, 'epochs': 60, 'early_stopping_patience': 8, 'early_stopping_min_delta': 0.0005, 'batch_size': 2048, 'num_workers': 8, 'seed': 42, 'optimiser': 'adamw', 'optimiser_params': {'lr': 0.0006903126307234233, 'weight_decay': 0.0001053929989984129}, 'scheduler': 'plateau', 'scheduler_params': {'patience': 5, 'factor': 0.5}, 'clip_grad_norm': 0.7535594103255452, 'hidden': 96, 'layers': 2, 'dropout': 0.0330660933061045, 'n_features': 14, 'vocab_sizes': {'state_id_int': 3, 'store_id_int': 10, 'cat_id_int': 3, 'dept_id_int': 7}, 'feature_index': {'sales': 0, 'sell_price': 1, 'is_available': 2, 'wday': 3, 'month': 4, 'year': 5, 'snap_CA': 6, 'snap_TX': 7, 'snap_WI': 8, 'has_event': 9, 'state_id_int': 10, 'store_id_int': 11, 'cat_id_int': 12, 'dept_id_int': 13}}
[config] Best config written → /workspace/comp0197-experiments/runs/baseline_ablation_sales_yen_hierarchy_flat_seq2seq_search/configs/models/baseline_gru_det.yml

  Best config for baseline_gru_det:
    split_protocol: yen_v1
    weight_protocol: yen_v1
    data_dir: ./data
    sampling: all
    top_k_series: 30490
    feature_set: sales_yen_hierarchy
    seq_len: 28
    horizon: 28
    autoregressive: False
    use_normalise: False
    epochs: 60
    early_stopping_patience: 8
    early_stopping_min_delta: 0.0005
    batch_size: 2048
    num_workers: 8
    seed: 42
    optimiser: adamw
    optimiser_params.lr: 0.0006903126307234233
    optimiser_params.weight_decay: 0.0001053929989984129
    scheduler: plateau
    scheduler_params.patience: 5
    scheduler_params.factor: 0.5
    clip_grad_norm: 0.7535594103255452
    hidden: 96
    layers: 2
    dropout: 0.0330660933061045
    n_features: 14
    vocab_sizes.state_id_int: 3
    vocab_sizes.store_id_int: 10
    vocab_sizes.cat_id_int: 3
    vocab_sizes.dept_id_int: 7
    feature_index.sales: 0
    feature_index.sell_price: 1
    feature_index.is_available: 2
    feature_index.wday: 3
    feature_index.month: 4
    feature_index.year: 5
    feature_index.snap_CA: 6
    feature_index.snap_TX: 7
    feature_index.snap_WI: 8
    feature_index.has_event: 9
    feature_index.state_id_int: 10
    feature_index.store_id_int: 11
    feature_index.cat_id_int: 12
    feature_index.dept_id_int: 13

[models] Search detour complete for baseline_gru_det
Random seed set to 42
Loaded cached data splits.
[data] After hierarchy encoding : (59181090, 28)
[data] train: 52,381,820 windows  (autoregressive=False)
[data] val: 2,591,650 windows  (autoregressive=False)
[data] test: 884,210 windows  (autoregressive=False)
[preprocess] baseline_gru_det — 52,381,820 train / 2,591,650 val / 884,210 test windows
Random seed set to 42

Starting training...
/workspace/comp0197-experiments/utils/common/training.py:66: FutureWarning: `torch.cuda.amp.GradScaler(args...)` is deprecated. Please use `torch.amp.GradScaler('cuda', args...)` instead.
  scaler = torch.cuda.amp.GradScaler() if use_amp else None
Epoch 01 | train_loss=8.0104 | val_loss=5.7693 | val_rmse=2.4019 | val_mae=1.2352 | val_mape=53.0857 | val_r2=0.5398
Epoch 02 | train_loss=6.7685 | val_loss=7.0610 | val_rmse=2.6573 | val_mae=1.5172 | val_mape=58.7373 | val_r2=0.4368
Epoch 03 | train_loss=6.6982 | val_loss=5.7538 | val_rmse=2.3987 | val_mae=1.0195 | val_mape=63.1088 | val_r2=0.5410
Epoch 04 | train_loss=6.6210 | val_loss=6.4782 | val_rmse=2.5452 | val_mae=1.4735 | val_mape=62.5414 | val_r2=0.4833
Epoch 05 | train_loss=6.5328 | val_loss=5.6132 | val_rmse=2.3692 | val_mae=1.1957 | val_mape=53.2117 | val_r2=0.5523
Epoch 06 | train_loss=6.5364 | val_loss=5.7124 | val_rmse=2.3901 | val_mae=1.2000 | val_mape=57.4465 | val_r2=0.5443
Epoch 07 | train_loss=6.4807 | val_loss=5.6218 | val_rmse=2.3710 | val_mae=1.0420 | val_mape=61.3832 | val_r2=0.5516
Epoch 08 | train_loss=6.4317 | val_loss=6.3837 | val_rmse=2.5266 | val_mae=1.0111 | val_mape=73.4408 | val_r2=0.4908
Epoch 09 | train_loss=6.4664 | val_loss=6.5213 | val_rmse=2.5537 | val_mae=1.4564 | val_mape=64.5554 | val_r2=0.4798
Epoch 10 | train_loss=6.4263 | val_loss=5.8236 | val_rmse=2.4132 | val_mae=1.1000 | val_mape=56.3256 | val_r2=0.5355
Epoch 11 | train_loss=6.4157 | val_loss=6.0341 | val_rmse=2.4564 | val_mae=0.9936 | val_mape=71.3323 | val_r2=0.5187
Epoch 12 | train_loss=6.1087 | val_loss=5.5670 | val_rmse=2.3595 | val_mae=1.2245 | val_mape=54.0746 | val_r2=0.5559
Epoch 13 | train_loss=6.0771 | val_loss=5.6659 | val_rmse=2.3803 | val_mae=1.2899 | val_mape=54.1244 | val_r2=0.5481
Epoch 14 | train_loss=6.0765 | val_loss=5.4854 | val_rmse=2.3421 | val_mae=1.0996 | val_mape=56.6265 | val_r2=0.5625
Epoch 15 | train_loss=6.0627 | val_loss=5.4324 | val_rmse=2.3308 | val_mae=1.1321 | val_mape=53.8252 | val_r2=0.5667
Epoch 16 | train_loss=6.0591 | val_loss=5.5297 | val_rmse=2.3515 | val_mae=1.1370 | val_mape=53.9649 | val_r2=0.5589
Epoch 17 | train_loss=6.0352 | val_loss=5.5145 | val_rmse=2.3483 | val_mae=1.0099 | val_mape=62.3843 | val_r2=0.5601
Epoch 18 | train_loss=6.0225 | val_loss=5.3994 | val_rmse=2.3237 | val_mae=1.0239 | val_mape=62.8859 | val_r2=0.5693
Epoch 19 | train_loss=6.0257 | val_loss=5.5667 | val_rmse=2.3594 | val_mae=1.0477 | val_mape=59.8145 | val_r2=0.5560
Epoch 20 | train_loss=6.0102 | val_loss=5.5594 | val_rmse=2.3578 | val_mae=1.2479 | val_mape=53.6833 | val_r2=0.5566
Epoch 21 | train_loss=6.0231 | val_loss=5.4009 | val_rmse=2.3240 | val_mae=1.0554 | val_mape=61.7740 | val_r2=0.5692
Epoch 22 | train_loss=6.0128 | val_loss=5.6286 | val_rmse=2.3725 | val_mae=1.2846 | val_mape=55.7454 | val_r2=0.5510
Epoch 23 | train_loss=6.0056 | val_loss=5.6945 | val_rmse=2.3863 | val_mae=1.0064 | val_mape=63.9394 | val_r2=0.5458
Epoch 24 | train_loss=6.0095 | val_loss=5.5278 | val_rmse=2.3511 | val_mae=1.0523 | val_mape=64.8877 | val_r2=0.5591
Epoch 25 | train_loss=5.8609 | val_loss=5.5843 | val_rmse=2.3631 | val_mae=1.1529 | val_mape=59.1618 | val_r2=0.5546
Epoch 26 | train_loss=5.8567 | val_loss=5.3803 | val_rmse=2.3196 | val_mae=1.0235 | val_mape=63.9831 | val_r2=0.5708
Epoch 27 | train_loss=5.8524 | val_loss=5.3056 | val_rmse=2.3034 | val_mae=1.0737 | val_mape=57.4098 | val_r2=0.5768
Epoch 28 | train_loss=5.8402 | val_loss=5.3217 | val_rmse=2.3069 | val_mae=1.0777 | val_mape=57.6049 | val_r2=0.5755
Epoch 29 | train_loss=5.8404 | val_loss=5.3196 | val_rmse=2.3064 | val_mae=1.1233 | val_mape=55.6392 | val_r2=0.5757
Epoch 30 | train_loss=5.8409 | val_loss=5.3605 | val_rmse=2.3153 | val_mae=1.0715 | val_mape=56.9892 | val_r2=0.5724
Epoch 31 | train_loss=5.8395 | val_loss=5.5286 | val_rmse=2.3513 | val_mae=1.2176 | val_mape=56.9919 | val_r2=0.5590
Epoch 32 | train_loss=5.8273 | val_loss=5.3386 | val_rmse=2.3106 | val_mae=1.1161 | val_mape=53.8816 | val_r2=0.5742
Epoch 33 | train_loss=5.8229 | val_loss=5.3257 | val_rmse=2.3078 | val_mae=1.1038 | val_mape=56.0015 | val_r2=0.5752
Epoch 34 | train_loss=5.7604 | val_loss=5.5951 | val_rmse=2.3654 | val_mae=1.2812 | val_mape=54.0421 | val_r2=0.5537
Early stopping triggered at epoch 35
Training finished.
Restored best model from early stopping.
Best validation loss 5.3056 at epoch 27
Model saved to: /workspace/comp0197-experiments/runs/baseline_ablation_sales_yen_hierarchy_flat_seq2seq_search/models/baseline_gru_det/baseline_gru_det_model.pt
History saved to: /workspace/comp0197-experiments/runs/baseline_ablation_sales_yen_hierarchy_flat_seq2seq_search/models/baseline_gru_det/baseline_gru_det_train_history.json

baseline_gru_det training completed in 14231.26 seconds

baseline_gru_det model:
BaselineGRU(
  (gru): GRU(14, 96, num_layers=2, batch_first=True, dropout=0.0330660933061045)
  (fc): Linear(in_features=96, out_features=28, bias=True)
)

baseline_gru_det final epoch metrics:
{'epoch': 35, 'train_loss': 5.758342742919922, 'validation_loss': 5.3872642126388195, 'validation_accuracy': None, 'val_rmse': 2.3210480213165283, 'val_mae': 1.171091079711914, 'val_mape': 55.32280206680298, 'val_r2': 0.5702850818634033}

  [DONE] baseline_gru_det — artefacts in /workspace/comp0197-experiments/runs/baseline_ablation_sales_yen_hierarchy_flat_seq2seq_search/models/baseline_gru_det

  [DONE] baseline_gru_det

============================================================
  TRAINING: baseline_gru_prob
============================================================
[config] Run directory: /workspace/comp0197-experiments/runs/baseline_ablation_sales_yen_hierarchy_flat_seq2seq_search

[search] Loading data once for all models...
[search] Sampling  : stratified | top_k=1500 | feature_set=sales_yen_hierarchy
Random seed set to 42
[data] Found local sales
[data] Found local calendar
[data] Found local prices
[data] Sales    : (30490, 1947)
[data] Calendar : (1969, 14)
[data] Prices   : (6841121, 4)
[data] Original items: 30490 | Stratified 1500+1500+1500 = 4500 series
[data] Trimmed shape : (4500, 1947)
[data] After melt  : (8734500, 8)
[data] After calendar merge : (8734500, 20)
[data] After price merge    : (8734500, 21)
[data] After hierarchy encoding : (8734500, 27)
[data] Yen-style pipeline (sales_yen_hierarchy): (8734500, 27)
[data] Protocol: yen_v1 — val=112 days, test=56 days
[data] Train : 2011-01-29 -> 2015-12-06  (7,978,500 rows)
[data] Val   : 2015-12-07 -> 2016-03-27  (504,000 rows)
[data] Test  : 2016-03-28 -> 2016-05-22  (252,000 rows)
[data] No normalisation — using raw sales counts
[data] train: 7,731,000 windows  (autoregressive=False)
[data] val: 382,500 windows  (autoregressive=False)
[data] test: 130,500 windows  (autoregressive=False)

[data] Feature set  : sales_yen_hierarchy  (14 features)
[data] Input shape  : (seq_len=28, n_features=14)
[data] Autoregressive: False
[data] Train batches: 3775
[data] Val batches  : 187
[data] Test batches : 64
[DEBUG] Train windows: 7,731,000
[DEBUG] Val windows  : 382,500
[DEBUG] Test windows : 130,500
[data] Vocab sizes  : {'state_id_int': 3, 'store_id_int': 10, 'cat_id_int': 3, 'dept_id_int': 7}
Random seed set to 42
[data] Found local sales
[data] Found local calendar
[data] Found local prices
[data] Sales    : (30490, 1947)
[data] Calendar : (1969, 14)
[data] Prices   : (6841121, 4)
[data] Original items: 30490 | Stratified 1500+1500+1500 = 4500 series
[data] Trimmed shape : (4500, 1947)
[data] After melt  : (8734500, 8)
[data] After calendar merge : (8734500, 20)
[data] After price merge    : (8734500, 21)
[data] After hierarchy encoding : (8734500, 27)
[data] Yen-style pipeline (sales_yen_hierarchy): (8734500, 27)
[data] Protocol: yen_v1 — val=112 days, test=56 days
[data] Train : 2011-01-29 -> 2015-12-06  (7,978,500 rows)
[data] Val   : 2015-12-07 -> 2016-03-27  (504,000 rows)
[data] Test  : 2016-03-28 -> 2016-05-22  (252,000 rows)
[data] No normalisation — using raw sales counts
[data] Revenue weights computed (4500 series, protocol=yen_v1)
[data] train: 7,731,000 windows  (autoregressive=False)
[data] val: 382,500 windows  (autoregressive=False)
[data] test: 130,500 windows  (autoregressive=False)

[data] Feature set  : sales_yen_hierarchy  (14 features)
[data] Input shape  : (seq_len=28, n_features=14)
[data] Autoregressive: False
[data] Train batches: 3775
[data] Val batches  : 187
[data] Test batches : 64
[DEBUG] Train windows: 7,731,000
[DEBUG] Val windows  : 382,500
[DEBUG] Test windows : 130,500
[data] Vocab sizes  : {'state_id_int': 3, 'store_id_int': 10, 'cat_id_int': 3, 'dept_id_int': 7}

============================================================
  SEARCH: baseline_gru_prob
============================================================

Starting baseline_gru_prob hyperparameter search

Stage 0: training 8 models for 10 epochs

Starting training...
Epoch 01 | train_loss=3.9400 | val_loss=3.2300 | val_rmse=7.1915 | val_mae=3.4968 | val_mape=75.7117 | val_r2=0.1191
Epoch 02 | train_loss=3.0331 | val_loss=2.8429 | val_rmse=6.6927 | val_mae=2.4479 | val_mape=77.9223 | val_r2=0.2370
Epoch 03 | train_loss=2.6704 | val_loss=2.4272 | val_rmse=6.5519 | val_mae=2.5978 | val_mape=88.5046 | val_r2=0.2688
Epoch 04 | train_loss=2.4965 | val_loss=2.3487 | val_rmse=6.4802 | val_mae=2.6170 | val_mape=93.9496 | val_r2=0.2847
Epoch 05 | train_loss=2.3661 | val_loss=2.5524 | val_rmse=6.6173 | val_mae=3.4137 | val_mape=116.3204 | val_r2=0.2541
Epoch 06 | train_loss=2.2989 | val_loss=2.2583 | val_rmse=6.2499 | val_mae=2.4700 | val_mape=85.1762 | val_r2=0.3347
Epoch 07 | train_loss=2.2712 | val_loss=2.8507 | val_rmse=6.2224 | val_mae=2.4299 | val_mape=77.1419 | val_r2=0.3405
Epoch 08 | train_loss=2.2307 | val_loss=2.2056 | val_rmse=6.1625 | val_mae=2.4745 | val_mape=83.9155 | val_r2=0.3531
Epoch 09 | train_loss=2.2261 | val_loss=2.3220 | val_rmse=6.1742 | val_mae=2.7595 | val_mape=83.5446 | val_r2=0.3507
Epoch 10 | train_loss=2.2177 | val_loss=2.3579 | val_rmse=6.1873 | val_mae=2.8194 | val_mape=86.0496 | val_r2=0.3479
Training finished.
Restored best model from early stopping.
Best validation loss 2.2056 at epoch 8

search_stage0_0 training completed in 529.66 seconds

Starting training...
Epoch 01 | train_loss=3.6889 | val_loss=3.1213 | val_rmse=7.0472 | val_mae=2.9512 | val_mape=55.1747 | val_r2=0.1541
Epoch 02 | train_loss=3.0725 | val_loss=2.7182 | val_rmse=7.0919 | val_mae=3.3781 | val_mape=115.3712 | val_r2=0.1433
Epoch 03 | train_loss=2.8337 | val_loss=2.6334 | val_rmse=6.8891 | val_mae=3.1047 | val_mape=119.1339 | val_r2=0.1916
Epoch 04 | train_loss=3.0295 | val_loss=3.5245 | val_rmse=7.6621 | val_mae=4.3001 | val_mape=98.3688 | val_r2=-0.0000
Epoch 05 | train_loss=3.6421 | val_loss=3.5322 | val_rmse=7.6643 | val_mae=4.3922 | val_mape=103.2199 | val_r2=-0.0006
Epoch 06 | train_loss=3.6435 | val_loss=3.5299 | val_rmse=7.6625 | val_mae=4.3156 | val_mape=99.1612 | val_r2=-0.0001
Epoch 07 | train_loss=3.6439 | val_loss=3.5315 | val_rmse=7.6623 | val_mae=4.2853 | val_mape=97.5820 | val_r2=-0.0001
Epoch 08 | train_loss=3.6448 | val_loss=3.5327 | val_rmse=7.6624 | val_mae=4.3215 | val_mape=99.4839 | val_r2=-0.0001
Epoch 09 | train_loss=3.6451 | val_loss=3.5353 | val_rmse=7.6622 | val_mae=4.3149 | val_mape=99.1678 | val_r2=-0.0000
Epoch 10 | train_loss=3.6453 | val_loss=3.5345 | val_rmse=7.6621 | val_mae=4.2876 | val_mape=97.7177 | val_r2=0.0000
Training finished.
Restored best model from early stopping.
Best validation loss 2.6334 at epoch 3

search_stage0_1 training completed in 605.22 seconds

Starting training...
Epoch 01 | train_loss=3.9416 | val_loss=2.5669 | val_rmse=6.2455 | val_mae=2.4029 | val_mape=72.9002 | val_r2=0.3356
Epoch 02 | train_loss=2.4625 | val_loss=2.2896 | val_rmse=6.0573 | val_mae=2.4909 | val_mape=83.4432 | val_r2=0.3750
Epoch 03 | train_loss=2.2315 | val_loss=2.2379 | val_rmse=5.7993 | val_mae=2.3049 | val_mape=80.3601 | val_r2=0.4271
Epoch 04 | train_loss=2.1491 | val_loss=2.2214 | val_rmse=5.5005 | val_mae=2.1122 | val_mape=77.8316 | val_r2=0.4846
Epoch 05 | train_loss=2.1046 | val_loss=2.0702 | val_rmse=5.3183 | val_mae=2.1695 | val_mape=78.9984 | val_r2=0.5182
Epoch 06 | train_loss=2.0619 | val_loss=2.0751 | val_rmse=5.1696 | val_mae=2.1500 | val_mape=72.9143 | val_r2=0.5448
Epoch 07 | train_loss=2.0350 | val_loss=2.0267 | val_rmse=5.0656 | val_mae=2.0740 | val_mape=76.0679 | val_r2=0.5629
Epoch 08 | train_loss=2.0205 | val_loss=2.0545 | val_rmse=5.0326 | val_mae=2.0786 | val_mape=71.2834 | val_r2=0.5686
Epoch 09 | train_loss=1.9974 | val_loss=2.1954 | val_rmse=4.9687 | val_mae=2.0910 | val_mape=75.8043 | val_r2=0.5795
Epoch 10 | train_loss=1.9850 | val_loss=2.0198 | val_rmse=4.9516 | val_mae=2.0776 | val_mape=76.5016 | val_r2=0.5824
Training finished.
Restored best model from early stopping.
Best validation loss 2.0198 at epoch 10

search_stage0_2 training completed in 607.30 seconds

Starting training...
Epoch 01 | train_loss=3.1352 | val_loss=2.6752 | val_rmse=6.2278 | val_mae=2.3149 | val_mape=80.5847 | val_r2=0.3393
Epoch 02 | train_loss=2.6993 | val_loss=52.7175 | val_rmse=8.5316 | val_mae=4.1392 | val_mape=139.8534 | val_r2=-0.2398
Epoch 03 | train_loss=2.5448 | val_loss=2.3915 | val_rmse=6.0359 | val_mae=2.4595 | val_mape=96.1814 | val_r2=0.3794
Epoch 04 | train_loss=2.5274 | val_loss=2.9176 | val_rmse=5.8425 | val_mae=2.2043 | val_mape=83.2160 | val_r2=0.4186
Epoch 05 | train_loss=2.3999 | val_loss=3.4700 | val_rmse=5.8507 | val_mae=2.2546 | val_mape=79.6386 | val_r2=0.4169
Epoch 06 | train_loss=2.3396 | val_loss=2.2839 | val_rmse=5.6969 | val_mae=2.3069 | val_mape=90.6941 | val_r2=0.4472
Epoch 07 | train_loss=2.3442 | val_loss=2.3847 | val_rmse=5.6592 | val_mae=2.2510 | val_mape=82.2074 | val_r2=0.4545
Epoch 08 | train_loss=2.3594 | val_loss=2.3000 | val_rmse=5.7069 | val_mae=2.3285 | val_mape=77.4962 | val_r2=0.4452
Epoch 09 | train_loss=2.3355 | val_loss=2.3455 | val_rmse=5.7400 | val_mae=2.4350 | val_mape=94.4748 | val_r2=0.4388
Epoch 10 | train_loss=2.3324 | val_loss=2.2992 | val_rmse=5.6748 | val_mae=2.3801 | val_mape=82.5349 | val_r2=0.4515
Training finished.
Restored best model from early stopping.
Best validation loss 2.2839 at epoch 6

search_stage0_3 training completed in 860.72 seconds

Starting training...
Epoch 01 | train_loss=3.1189 | val_loss=2.4237 | val_rmse=6.7078 | val_mae=2.4574 | val_mape=63.7769 | val_r2=0.2336
Epoch 02 | train_loss=2.4457 | val_loss=2.8321 | val_rmse=6.1899 | val_mae=2.2163 | val_mape=72.8755 | val_r2=0.3474
Epoch 03 | train_loss=2.3428 | val_loss=2.6128 | val_rmse=5.9299 | val_mae=2.1904 | val_mape=74.8226 | val_r2=0.4010
Epoch 04 | train_loss=2.2812 | val_loss=2.2958 | val_rmse=5.6193 | val_mae=2.2509 | val_mape=80.0522 | val_r2=0.4621
Epoch 05 | train_loss=2.2582 | val_loss=2.3523 | val_rmse=5.6118 | val_mae=2.5325 | val_mape=94.0351 | val_r2=0.4636
Epoch 06 | train_loss=2.2397 | val_loss=2.6098 | val_rmse=5.5745 | val_mae=2.7067 | val_mape=83.3122 | val_r2=0.4707
Epoch 07 | train_loss=2.2220 | val_loss=2.4129 | val_rmse=5.2854 | val_mae=2.1249 | val_mape=85.3859 | val_r2=0.5242
Epoch 08 | train_loss=2.1787 | val_loss=2.2803 | val_rmse=5.3979 | val_mae=2.1182 | val_mape=80.3461 | val_r2=0.5037
Epoch 09 | train_loss=2.1526 | val_loss=2.5379 | val_rmse=5.3086 | val_mae=2.0686 | val_mape=76.3479 | val_r2=0.5200
Epoch 10 | train_loss=2.1259 | val_loss=2.2161 | val_rmse=5.1263 | val_mae=2.1100 | val_mape=78.3741 | val_r2=0.5524
Training finished.
Restored best model from early stopping.
Best validation loss 2.2161 at epoch 10

search_stage0_4 training completed in 649.15 seconds

Starting training...
Epoch 01 | train_loss=3.6952 | val_loss=2.9492 | val_rmse=6.8914 | val_mae=2.8179 | val_mape=60.8503 | val_r2=0.1911
Epoch 02 | train_loss=2.9042 | val_loss=2.6013 | val_rmse=6.6680 | val_mae=2.7173 | val_mape=80.8377 | val_r2=0.2427
Epoch 03 | train_loss=2.5319 | val_loss=2.4512 | val_rmse=6.6901 | val_mae=3.1369 | val_mape=108.9672 | val_r2=0.2376
Epoch 04 | train_loss=2.3722 | val_loss=2.4926 | val_rmse=6.6708 | val_mae=3.2769 | val_mape=119.6568 | val_r2=0.2420
Epoch 05 | train_loss=2.3006 | val_loss=2.2468 | val_rmse=6.3323 | val_mae=2.5647 | val_mape=94.2684 | val_r2=0.3170
Epoch 06 | train_loss=2.2761 | val_loss=2.2228 | val_rmse=6.2949 | val_mae=2.6407 | val_mape=95.5412 | val_r2=0.3250
Epoch 07 | train_loss=2.2468 | val_loss=2.2677 | val_rmse=6.1538 | val_mae=2.3708 | val_mape=85.8671 | val_r2=0.3549
Epoch 08 | train_loss=2.2339 | val_loss=2.2877 | val_rmse=6.1883 | val_mae=2.7488 | val_mape=89.1670 | val_r2=0.3477
Epoch 09 | train_loss=2.2307 | val_loss=2.2791 | val_rmse=6.0612 | val_mae=2.4606 | val_mape=78.0531 | val_r2=0.3742
Epoch 10 | train_loss=2.2183 | val_loss=2.2833 | val_rmse=6.0819 | val_mae=2.5929 | val_mape=81.3844 | val_r2=0.3699
Training finished.
Restored best model from early stopping.
Best validation loss 2.2228 at epoch 6

search_stage0_5 training completed in 613.04 seconds

Starting training...
Epoch 01 | train_loss=4.2337 | val_loss=3.5503 | val_rmse=7.6621 | val_mae=4.3091 | val_mape=98.8420 | val_r2=-0.0000
Epoch 02 | train_loss=3.6969 | val_loss=3.5589 | val_rmse=7.6623 | val_mae=4.3047 | val_mape=98.5955 | val_r2=-0.0000
Epoch 03 | train_loss=3.6969 | val_loss=3.5464 | val_rmse=7.6620 | val_mae=4.2906 | val_mape=97.8807 | val_r2=0.0000
Epoch 04 | train_loss=3.6969 | val_loss=3.5554 | val_rmse=7.6634 | val_mae=4.3649 | val_mape=101.7612 | val_r2=-0.0003
Epoch 05 | train_loss=3.6970 | val_loss=3.5497 | val_rmse=7.6626 | val_mae=4.3337 | val_mape=100.1275 | val_r2=-0.0001
Epoch 06 | train_loss=3.6969 | val_loss=3.5575 | val_rmse=7.6622 | val_mae=4.3108 | val_mape=98.9270 | val_r2=-0.0000
Epoch 07 | train_loss=3.6969 | val_loss=3.5460 | val_rmse=7.6637 | val_mae=4.3751 | val_mape=102.2880 | val_r2=-0.0004
Epoch 08 | train_loss=3.6970 | val_loss=3.5561 | val_rmse=7.6623 | val_mae=4.3199 | val_mape=99.4149 | val_r2=-0.0000
Epoch 09 | train_loss=3.6969 | val_loss=3.5503 | val_rmse=7.6637 | val_mae=4.3732 | val_mape=102.1988 | val_r2=-0.0004
Epoch 10 | train_loss=3.6970 | val_loss=3.5517 | val_rmse=7.6626 | val_mae=4.3281 | val_mape=99.8191 | val_r2=-0.0001
Training finished.
Restored best model from early stopping.
Best validation loss 3.5464 at epoch 3

search_stage0_6 training completed in 505.04 seconds

Starting training...
Epoch 01 | train_loss=3.0511 | val_loss=2.3260 | val_rmse=6.4424 | val_mae=2.6179 | val_mape=98.5315 | val_r2=0.2930
Epoch 02 | train_loss=2.4457 | val_loss=2.4386 | val_rmse=5.9854 | val_mae=2.2522 | val_mape=79.7808 | val_r2=0.3898
Epoch 03 | train_loss=2.4016 | val_loss=2.5218 | val_rmse=5.8371 | val_mae=2.2422 | val_mape=77.2059 | val_r2=0.4196
Epoch 04 | train_loss=2.3877 | val_loss=2.4470 | val_rmse=5.7517 | val_mae=2.2145 | val_mape=77.4718 | val_r2=0.4365
Epoch 05 | train_loss=2.3534 | val_loss=2.3038 | val_rmse=5.6794 | val_mae=2.4402 | val_mape=85.7219 | val_r2=0.4506
Epoch 06 | train_loss=2.3217 | val_loss=2.2770 | val_rmse=5.3744 | val_mae=2.2002 | val_mape=68.3956 | val_r2=0.5080
Epoch 07 | train_loss=2.2627 | val_loss=2.2384 | val_rmse=5.5034 | val_mae=2.4746 | val_mape=107.8714 | val_r2=0.4841
Epoch 08 | train_loss=2.2316 | val_loss=2.2292 | val_rmse=5.2611 | val_mae=2.1742 | val_mape=77.6977 | val_r2=0.5285
Epoch 09 | train_loss=2.2352 | val_loss=2.4032 | val_rmse=5.2194 | val_mae=2.0678 | val_mape=73.3616 | val_r2=0.5360
Epoch 10 | train_loss=2.2012 | val_loss=2.2216 | val_rmse=5.1690 | val_mae=2.2859 | val_mape=81.4829 | val_r2=0.5449
Training finished.
Restored best model from early stopping.
Best validation loss 2.2216 at epoch 10

search_stage0_7 training completed in 862.00 seconds
Pruned to 3 models

Stage 1: training 3 models for 10 epochs

Starting training...
Epoch 01 | train_loss=1.9649 | val_loss=1.9649 | val_rmse=4.9080 | val_mae=2.0261 | val_mape=75.7650 | val_r2=0.5897
Epoch 02 | train_loss=1.9600 | val_loss=2.0138 | val_rmse=4.9363 | val_mae=2.1182 | val_mape=76.4384 | val_r2=0.5849
Epoch 03 | train_loss=1.9489 | val_loss=2.0376 | val_rmse=5.0215 | val_mae=2.0867 | val_mape=75.2690 | val_r2=0.5705
Epoch 04 | train_loss=1.9387 | val_loss=2.1035 | val_rmse=4.9354 | val_mae=2.1097 | val_mape=73.5528 | val_r2=0.5851
Epoch 05 | train_loss=1.9463 | val_loss=2.0274 | val_rmse=4.9812 | val_mae=2.0823 | val_mape=80.6335 | val_r2=0.5774
Epoch 06 | train_loss=1.9573 | val_loss=1.9327 | val_rmse=4.9088 | val_mae=2.0038 | val_mape=74.4614 | val_r2=0.5896
Epoch 07 | train_loss=1.9372 | val_loss=2.0235 | val_rmse=5.1205 | val_mae=2.1169 | val_mape=77.5963 | val_r2=0.5534
Epoch 08 | train_loss=1.9335 | val_loss=1.9783 | val_rmse=5.1353 | val_mae=2.0233 | val_mape=73.6089 | val_r2=0.5508
Epoch 09 | train_loss=1.9005 | val_loss=1.9966 | val_rmse=4.8979 | val_mae=1.9877 | val_mape=77.9499 | val_r2=0.5914
Epoch 10 | train_loss=1.9138 | val_loss=1.9092 | val_rmse=4.9184 | val_mae=2.0045 | val_mape=76.2613 | val_r2=0.5880
Training finished.
Restored best model from early stopping.
Best validation loss 1.9092 at epoch 10

search_stage1_0 training completed in 622.91 seconds

Starting training...
Epoch 01 | train_loss=2.2391 | val_loss=2.2155 | val_rmse=6.1281 | val_mae=2.4589 | val_mape=79.4547 | val_r2=0.3603
Epoch 02 | train_loss=2.2097 | val_loss=2.3112 | val_rmse=6.1622 | val_mae=2.7111 | val_mape=84.0586 | val_r2=0.3532
Epoch 03 | train_loss=2.2216 | val_loss=2.2963 | val_rmse=6.1431 | val_mae=2.6873 | val_mape=82.4129 | val_r2=0.3572
Epoch 04 | train_loss=2.2028 | val_loss=2.1631 | val_rmse=6.1022 | val_mae=2.5106 | val_mape=80.8276 | val_r2=0.3657
Epoch 05 | train_loss=2.2042 | val_loss=2.1691 | val_rmse=6.0990 | val_mae=2.4718 | val_mape=81.9500 | val_r2=0.3664
Epoch 06 | train_loss=2.1874 | val_loss=2.1498 | val_rmse=6.0335 | val_mae=2.4486 | val_mape=83.1662 | val_r2=0.3799
Epoch 07 | train_loss=2.1882 | val_loss=2.2708 | val_rmse=5.9489 | val_mae=2.6741 | val_mape=83.9178 | val_r2=0.3972
Epoch 08 | train_loss=2.1742 | val_loss=2.1395 | val_rmse=5.8214 | val_mae=2.3279 | val_mape=80.5167 | val_r2=0.4228
Epoch 09 | train_loss=2.1605 | val_loss=2.1547 | val_rmse=5.7746 | val_mae=2.3240 | val_mape=80.7707 | val_r2=0.4320
Epoch 10 | train_loss=2.1720 | val_loss=2.1698 | val_rmse=5.7464 | val_mae=2.4038 | val_mape=78.3377 | val_r2=0.4375
Training finished.
Restored best model from early stopping.
Best validation loss 2.1395 at epoch 8

search_stage1_1 training completed in 531.90 seconds

Starting training...
Epoch 01 | train_loss=2.0697 | val_loss=2.0515 | val_rmse=5.3109 | val_mae=2.2071 | val_mape=76.3148 | val_r2=0.5196
Epoch 02 | train_loss=2.0526 | val_loss=2.0781 | val_rmse=5.2599 | val_mae=2.1396 | val_mape=72.4320 | val_r2=0.5287
Epoch 03 | train_loss=2.0204 | val_loss=2.0062 | val_rmse=5.3666 | val_mae=2.0742 | val_mape=67.9664 | val_r2=0.5094
Epoch 04 | train_loss=2.0267 | val_loss=2.0519 | val_rmse=5.1853 | val_mae=2.0295 | val_mape=68.2010 | val_r2=0.5420
Epoch 05 | train_loss=2.0333 | val_loss=2.0646 | val_rmse=5.3040 | val_mae=2.1256 | val_mape=67.1349 | val_r2=0.5208
Epoch 06 | train_loss=2.0064 | val_loss=2.0720 | val_rmse=5.3676 | val_mae=2.1027 | val_mape=66.4092 | val_r2=0.5092
Epoch 07 | train_loss=2.0100 | val_loss=2.0543 | val_rmse=5.4659 | val_mae=2.2567 | val_mape=56.8874 | val_r2=0.4911
Epoch 08 | train_loss=2.0052 | val_loss=2.0294 | val_rmse=5.6826 | val_mae=2.1547 | val_mape=67.3806 | val_r2=0.4500
Epoch 09 | train_loss=2.0040 | val_loss=1.9526 | val_rmse=5.2896 | val_mae=2.0625 | val_mape=66.1845 | val_r2=0.5234
Epoch 10 | train_loss=2.0139 | val_loss=1.9334 | val_rmse=4.9710 | val_mae=2.0095 | val_mape=70.9231 | val_r2=0.5791
Training finished.
Restored best model from early stopping.
Best validation loss 1.9334 at epoch 10

search_stage1_2 training completed in 651.49 seconds
Pruned to 2 models

Stage 2: training 2 models for 20 epochs

Starting training...
Epoch 01 | train_loss=1.9060 | val_loss=3.1784 | val_rmse=5.1087 | val_mae=2.0103 | val_mape=75.6187 | val_r2=0.5554
Epoch 02 | train_loss=1.9170 | val_loss=2.0176 | val_rmse=4.9472 | val_mae=2.0137 | val_mape=79.0424 | val_r2=0.5831
Epoch 03 | train_loss=1.9151 | val_loss=1.9976 | val_rmse=4.9611 | val_mae=1.9970 | val_mape=75.1010 | val_r2=0.5808
Epoch 04 | train_loss=1.8853 | val_loss=1.9917 | val_rmse=4.9512 | val_mae=2.0523 | val_mape=80.5033 | val_r2=0.5824
Epoch 05 | train_loss=1.8917 | val_loss=1.9470 | val_rmse=4.8820 | val_mae=2.0015 | val_mape=81.4315 | val_r2=0.5940
Epoch 06 | train_loss=1.8829 | val_loss=2.0567 | val_rmse=4.9124 | val_mae=2.0906 | val_mape=72.9451 | val_r2=0.5889
Epoch 07 | train_loss=1.8424 | val_loss=1.9018 | val_rmse=4.8774 | val_mae=1.9913 | val_mape=76.4280 | val_r2=0.5948
Epoch 08 | train_loss=1.8390 | val_loss=1.8997 | val_rmse=4.8691 | val_mae=1.9615 | val_mape=73.9158 | val_r2=0.5962
Epoch 09 | train_loss=1.8294 | val_loss=1.8996 | val_rmse=4.8555 | val_mae=1.9692 | val_mape=74.5911 | val_r2=0.5984
Epoch 10 | train_loss=1.8126 | val_loss=1.8886 | val_rmse=4.8653 | val_mae=1.9856 | val_mape=76.5555 | val_r2=0.5968
Epoch 11 | train_loss=1.8165 | val_loss=1.9100 | val_rmse=4.8666 | val_mae=1.9867 | val_mape=72.2512 | val_r2=0.5966
Epoch 12 | train_loss=1.8259 | val_loss=1.9189 | val_rmse=4.8894 | val_mae=1.9543 | val_mape=76.0489 | val_r2=0.5928
Epoch 13 | train_loss=1.8045 | val_loss=1.8970 | val_rmse=4.8642 | val_mae=1.9821 | val_mape=79.3876 | val_r2=0.5970
Epoch 14 | train_loss=1.8090 | val_loss=1.8983 | val_rmse=4.8663 | val_mae=1.9326 | val_mape=76.4577 | val_r2=0.5966
Epoch 15 | train_loss=1.8054 | val_loss=1.9189 | val_rmse=4.9157 | val_mae=1.9957 | val_mape=77.9409 | val_r2=0.5884
Epoch 16 | train_loss=1.7898 | val_loss=1.9507 | val_rmse=4.8604 | val_mae=1.9976 | val_mape=74.7822 | val_r2=0.5976
Epoch 17 | train_loss=1.7625 | val_loss=1.8902 | val_rmse=4.8463 | val_mae=1.9510 | val_mape=78.5294 | val_r2=0.5999
Epoch 18 | train_loss=1.7436 | val_loss=1.8844 | val_rmse=4.8502 | val_mae=1.9453 | val_mape=77.4111 | val_r2=0.5993
Epoch 19 | train_loss=1.7338 | val_loss=1.8765 | val_rmse=4.8589 | val_mae=1.9620 | val_mape=74.8990 | val_r2=0.5979
Epoch 20 | train_loss=1.7369 | val_loss=1.8812 | val_rmse=4.8445 | val_mae=1.9559 | val_mape=73.3078 | val_r2=0.6002
Training finished.
Restored best model from early stopping.
Best validation loss 1.8765 at epoch 19

search_stage2_0 training completed in 1234.11 seconds

Starting training...
Epoch 01 | train_loss=2.0115 | val_loss=2.7482 | val_rmse=5.1032 | val_mae=1.9975 | val_mape=67.2744 | val_r2=0.5564
Epoch 02 | train_loss=2.0223 | val_loss=2.0592 | val_rmse=5.3827 | val_mae=2.0664 | val_mape=65.5084 | val_r2=0.5065
Epoch 03 | train_loss=2.0272 | val_loss=2.3353 | val_rmse=5.3221 | val_mae=2.0431 | val_mape=66.9361 | val_r2=0.5175
Epoch 04 | train_loss=2.0531 | val_loss=2.6839 | val_rmse=5.2442 | val_mae=2.0221 | val_mape=66.3386 | val_r2=0.5316
Epoch 05 | train_loss=2.0508 | val_loss=2.3721 | val_rmse=5.2254 | val_mae=2.0702 | val_mape=65.6739 | val_r2=0.5349
Epoch 06 | train_loss=2.0489 | val_loss=2.1058 | val_rmse=5.4429 | val_mae=2.1349 | val_mape=65.9073 | val_r2=0.4954
Epoch 07 | train_loss=2.0446 | val_loss=2.0503 | val_rmse=5.2041 | val_mae=1.9889 | val_mape=65.9928 | val_r2=0.5387
Epoch 08 | train_loss=2.1555 | val_loss=1.9567 | val_rmse=5.0426 | val_mae=1.9698 | val_mape=67.3250 | val_r2=0.5669
Epoch 09 | train_loss=2.1140 | val_loss=2.0300 | val_rmse=5.3843 | val_mae=2.0594 | val_mape=65.8425 | val_r2=0.5062
Epoch 10 | train_loss=2.1921 | val_loss=2.1347 | val_rmse=5.4120 | val_mae=2.0804 | val_mape=65.2267 | val_r2=0.5011
Epoch 11 | train_loss=2.2088 | val_loss=2.0481 | val_rmse=5.3288 | val_mae=2.0621 | val_mape=65.9708 | val_r2=0.5163
Epoch 12 | train_loss=2.2137 | val_loss=1.9844 | val_rmse=5.2212 | val_mae=2.0200 | val_mape=66.5167 | val_r2=0.5357
Epoch 13 | train_loss=2.0666 | val_loss=2.0016 | val_rmse=5.3187 | val_mae=2.0505 | val_mape=66.2686 | val_r2=0.5181
Epoch 14 | train_loss=2.0630 | val_loss=2.4077 | val_rmse=5.5265 | val_mae=2.1270 | val_mape=65.8867 | val_r2=0.4798
Epoch 15 | train_loss=2.0888 | val_loss=2.1335 | val_rmse=5.6314 | val_mae=2.1759 | val_mape=65.5480 | val_r2=0.4598
Early stopping triggered at epoch 16
Training finished.
Restored best model from early stopping.
Best validation loss 1.9567 at epoch 8

search_stage2_1 training completed in 1054.71 seconds
Pruned to 1 models

Hyperparameter search summary saved to: /workspace/comp0197-experiments/runs/baseline_ablation_sales_yen_hierarchy_flat_seq2seq_search/models/baseline_gru_prob/baseline_gru_prob_search.json
Best baseline_gru_prob configuration:
{'split_protocol': 'yen_v1', 'weight_protocol': 'yen_v1', 'data_dir': './data', 'sampling': 'all', 'top_k_series': 30490, 'feature_set': 'sales_yen_hierarchy', 'seq_len': 28, 'horizon': 28, 'autoregressive': False, 'use_normalise': False, 'epochs': 60, 'early_stopping_patience': 8, 'early_stopping_min_delta': 0.0005, 'batch_size': 2048, 'num_workers': 8, 'seed': 42, 'optimiser': 'adamw', 'optimiser_params': {'lr': 0.0003130899314846575, 'weight_decay': 2.1768033856766602e-05}, 'scheduler': 'plateau', 'scheduler_params': {'patience': 5, 'factor': 0.5}, 'clip_grad_norm': 0.43082396034993076, 'hidden': 160, 'layers': 1, 'dropout': 0.06738135694257803, 'sigma_reg': 0.006760141662661306, 'n_features': 14, 'vocab_sizes': {'state_id_int': 3, 'store_id_int': 10, 'cat_id_int': 3, 'dept_id_int': 7}, 'feature_index': {'sales': 0, 'sell_price': 1, 'is_available': 2, 'wday': 3, 'month': 4, 'year': 5, 'snap_CA': 6, 'snap_TX': 7, 'snap_WI': 8, 'has_event': 9, 'state_id_int': 10, 'store_id_int': 11, 'cat_id_int': 12, 'dept_id_int': 13}}
[config] Best config written → /workspace/comp0197-experiments/runs/baseline_ablation_sales_yen_hierarchy_flat_seq2seq_search/configs/models/baseline_gru_prob.yml

  Best config for baseline_gru_prob:
    split_protocol: yen_v1
    weight_protocol: yen_v1
    data_dir: ./data
    sampling: all
    top_k_series: 30490
    feature_set: sales_yen_hierarchy
    seq_len: 28
    horizon: 28
    autoregressive: False
    use_normalise: False
    epochs: 60
    early_stopping_patience: 8
    early_stopping_min_delta: 0.0005
    batch_size: 2048
    num_workers: 8
    seed: 42
    optimiser: adamw
    optimiser_params.lr: 0.0003130899314846575
    optimiser_params.weight_decay: 2.1768033856766602e-05
    scheduler: plateau
    scheduler_params.patience: 5
    scheduler_params.factor: 0.5
    clip_grad_norm: 0.43082396034993076
    hidden: 160
    layers: 1
    dropout: 0.06738135694257803
    sigma_reg: 0.006760141662661306
    n_features: 14
    vocab_sizes.state_id_int: 3
    vocab_sizes.store_id_int: 10
    vocab_sizes.cat_id_int: 3
    vocab_sizes.dept_id_int: 7
    feature_index.sales: 0
    feature_index.sell_price: 1
    feature_index.is_available: 2
    feature_index.wday: 3
    feature_index.month: 4
    feature_index.year: 5
    feature_index.snap_CA: 6
    feature_index.snap_TX: 7
    feature_index.snap_WI: 8
    feature_index.has_event: 9
    feature_index.state_id_int: 10
    feature_index.store_id_int: 11
    feature_index.cat_id_int: 12
    feature_index.dept_id_int: 13

[models] Search detour complete for baseline_gru_prob
Random seed set to 42
Loaded cached data splits.
[data] After hierarchy encoding : (59181090, 28)
[data] train: 52,381,820 windows  (autoregressive=False)
[data] val: 2,591,650 windows  (autoregressive=False)
[data] test: 884,210 windows  (autoregressive=False)
[preprocess] baseline_gru_prob — 52,381,820 train / 2,591,650 val / 884,210 test windows
Random seed set to 42

Starting training...
Epoch 01 | train_loss=1.6991 | val_loss=1.6966 | val_rmse=2.6846 | val_mae=1.1126 | val_mape=63.4025 | val_r2=0.4251
Epoch 02 | train_loss=1.4783 | val_loss=1.7919 | val_rmse=2.5403 | val_mae=1.1724 | val_mape=57.9542 | val_r2=0.4853
Epoch 03 | train_loss=1.4914 | val_loss=1.7847 | val_rmse=2.4872 | val_mae=1.1727 | val_mape=61.1898 | val_r2=0.5066
Epoch 04 | train_loss=1.4425 | val_loss=1.6938 | val_rmse=2.4691 | val_mae=1.1502 | val_mape=57.7509 | val_r2=0.5137
Epoch 05 | train_loss=1.4368 | val_loss=1.6676 | val_rmse=2.6259 | val_mae=1.1364 | val_mape=60.4308 | val_r2=0.4500
Epoch 06 | train_loss=1.4358 | val_loss=1.6542 | val_rmse=2.4434 | val_mae=1.0667 | val_mape=61.1864 | val_r2=0.5238
Epoch 07 | train_loss=1.4386 | val_loss=1.6948 | val_rmse=2.4678 | val_mae=1.1720 | val_mape=54.4419 | val_r2=0.5142
Epoch 08 | train_loss=1.4313 | val_loss=1.6373 | val_rmse=2.4338 | val_mae=1.1036 | val_mape=59.1190 | val_r2=0.5275
Epoch 09 | train_loss=1.4295 | val_loss=1.6600 | val_rmse=2.4374 | val_mae=1.0705 | val_mape=60.9241 | val_r2=0.5261
Epoch 10 | train_loss=1.4289 | val_loss=1.6525 | val_rmse=2.4974 | val_mae=1.0590 | val_mape=61.7657 | val_r2=0.5025
Epoch 11 | train_loss=1.4292 | val_loss=1.6443 | val_rmse=2.4352 | val_mae=1.0921 | val_mape=60.4777 | val_r2=0.5270
Epoch 12 | train_loss=1.4214 | val_loss=1.6329 | val_rmse=2.4185 | val_mae=1.0999 | val_mape=61.0982 | val_r2=0.5334
Epoch 13 | train_loss=1.4195 | val_loss=1.6407 | val_rmse=2.4204 | val_mae=1.0752 | val_mape=60.2620 | val_r2=0.5327
Epoch 14 | train_loss=1.4183 | val_loss=1.6316 | val_rmse=2.4500 | val_mae=1.0669 | val_mape=63.6857 | val_r2=0.5212
Epoch 15 | train_loss=1.4150 | val_loss=1.6298 | val_rmse=2.4322 | val_mae=1.0581 | val_mape=59.0795 | val_r2=0.5281
Epoch 16 | train_loss=1.4391 | val_loss=1.7076 | val_rmse=2.4451 | val_mae=1.1458 | val_mape=51.5091 | val_r2=0.5231
Epoch 17 | train_loss=1.4317 | val_loss=1.6459 | val_rmse=2.4452 | val_mae=1.0866 | val_mape=57.5478 | val_r2=0.5231
Epoch 18 | train_loss=1.4092 | val_loss=1.6320 | val_rmse=2.4431 | val_mae=1.1090 | val_mape=61.2768 | val_r2=0.5239
Epoch 19 | train_loss=1.4189 | val_loss=1.6578 | val_rmse=2.4434 | val_mae=1.0659 | val_mape=61.0560 | val_r2=0.5238
Epoch 20 | train_loss=1.4143 | val_loss=1.6428 | val_rmse=2.4474 | val_mae=1.1015 | val_mape=61.9539 | val_r2=0.5222
Epoch 21 | train_loss=1.3991 | val_loss=1.6473 | val_rmse=2.4396 | val_mae=1.0566 | val_mape=62.9092 | val_r2=0.5253
Epoch 22 | train_loss=1.3764 | val_loss=1.6396 | val_rmse=2.4480 | val_mae=1.0851 | val_mape=58.4614 | val_r2=0.5220
Early stopping triggered at epoch 23
Training finished.
Restored best model from early stopping.
Best validation loss 1.6298 at epoch 15
Model saved to: /workspace/comp0197-experiments/runs/baseline_ablation_sales_yen_hierarchy_flat_seq2seq_search/models/baseline_gru_prob/baseline_gru_prob_model.pt
History saved to: /workspace/comp0197-experiments/runs/baseline_ablation_sales_yen_hierarchy_flat_seq2seq_search/models/baseline_gru_prob/baseline_gru_prob_train_history.json

baseline_gru_prob training completed in 10996.26 seconds

baseline_gru_prob model:
BaselineProbGRU(
  (gru): GRU(14, 160, batch_first=True)
  (mu_head): Linear(in_features=160, out_features=28, bias=True)
  (sigma_head): Sequential(
    (0): Linear(in_features=160, out_features=28, bias=True)
    (1): Softplus(beta=1.0, threshold=20.0)
  )
)

baseline_gru_prob final epoch metrics:
{'epoch': 23, 'train_loss': 1.375592827796936, 'validation_loss': 1.65484178666295, 'validation_accuracy': None, 'val_rmse': 2.441908359527588, 'val_mae': 1.0537793636322021, 'val_mape': 61.11323833465576, 'val_r2': 0.5243682265281677}

  [DONE] baseline_gru_prob — artefacts in /workspace/comp0197-experiments/runs/baseline_ablation_sales_yen_hierarchy_flat_seq2seq_search/models/baseline_gru_prob

  [DONE] baseline_gru_prob

============================================================
  TRAINING: baseline_quantile_gru
============================================================
[config] Run directory: /workspace/comp0197-experiments/runs/baseline_ablation_sales_yen_hierarchy_flat_seq2seq_search

[search] Loading data once for all models...
[search] Sampling  : stratified | top_k=1500 | feature_set=sales_yen_hierarchy
Random seed set to 42
[data] Found local sales
[data] Found local calendar
[data] Found local prices
[data] Sales    : (30490, 1947)
[data] Calendar : (1969, 14)
[data] Prices   : (6841121, 4)
[data] Original items: 30490 | Stratified 1500+1500+1500 = 4500 series
[data] Trimmed shape : (4500, 1947)
[data] After melt  : (8734500, 8)
[data] After calendar merge : (8734500, 20)
[data] After price merge    : (8734500, 21)
[data] After hierarchy encoding : (8734500, 27)
[data] Yen-style pipeline (sales_yen_hierarchy): (8734500, 27)
[data] Protocol: yen_v1 — val=112 days, test=56 days
[data] Train : 2011-01-29 -> 2015-12-06  (7,978,500 rows)
[data] Val   : 2015-12-07 -> 2016-03-27  (504,000 rows)
[data] Test  : 2016-03-28 -> 2016-05-22  (252,000 rows)
[data] No normalisation — using raw sales counts
[data] train: 7,731,000 windows  (autoregressive=False)
[data] val: 382,500 windows  (autoregressive=False)
[data] test: 130,500 windows  (autoregressive=False)

[data] Feature set  : sales_yen_hierarchy  (14 features)
[data] Input shape  : (seq_len=28, n_features=14)
[data] Autoregressive: False
[data] Train batches: 3775
[data] Val batches  : 187
[data] Test batches : 64
[DEBUG] Train windows: 7,731,000
[DEBUG] Val windows  : 382,500
[DEBUG] Test windows : 130,500
[data] Vocab sizes  : {'state_id_int': 3, 'store_id_int': 10, 'cat_id_int': 3, 'dept_id_int': 7}
Random seed set to 42
[data] Found local sales
[data] Found local calendar
[data] Found local prices
[data] Sales    : (30490, 1947)
[data] Calendar : (1969, 14)
[data] Prices   : (6841121, 4)
[data] Original items: 30490 | Stratified 1500+1500+1500 = 4500 series
[data] Trimmed shape : (4500, 1947)
[data] After melt  : (8734500, 8)
[data] After calendar merge : (8734500, 20)
[data] After price merge    : (8734500, 21)
[data] After hierarchy encoding : (8734500, 27)
[data] Yen-style pipeline (sales_yen_hierarchy): (8734500, 27)
[data] Protocol: yen_v1 — val=112 days, test=56 days
[data] Train : 2011-01-29 -> 2015-12-06  (7,978,500 rows)
[data] Val   : 2015-12-07 -> 2016-03-27  (504,000 rows)
[data] Test  : 2016-03-28 -> 2016-05-22  (252,000 rows)
[data] No normalisation — using raw sales counts
[data] Revenue weights computed (4500 series, protocol=yen_v1)
[data] train: 7,731,000 windows  (autoregressive=False)
[data] val: 382,500 windows  (autoregressive=False)
[data] test: 130,500 windows  (autoregressive=False)

[data] Feature set  : sales_yen_hierarchy  (14 features)
[data] Input shape  : (seq_len=28, n_features=14)
[data] Autoregressive: False
[data] Train batches: 3775
[data] Val batches  : 187
[data] Test batches : 64
[DEBUG] Train windows: 7,731,000
[DEBUG] Val windows  : 382,500
[DEBUG] Test windows : 130,500
[data] Vocab sizes  : {'state_id_int': 3, 'store_id_int': 10, 'cat_id_int': 3, 'dept_id_int': 7}

============================================================
  SEARCH: baseline_quantile_gru
============================================================

Starting baseline_quantile_gru hyperparameter search

Stage 0: training 8 models for 10 epochs

Starting training...
Epoch 01 | train_loss=211.9818 | val_loss=161.3940 | val_rmse=6.1066 | val_mae=2.1328 | val_mape=84.1580 | val_r2=0.3648
Epoch 02 | train_loss=160.6436 | val_loss=144.6971 | val_rmse=5.7470 | val_mae=2.0544 | val_mape=74.8982 | val_r2=0.4374
Epoch 03 | train_loss=146.4364 | val_loss=137.0589 | val_rmse=5.5683 | val_mae=2.0472 | val_mape=69.7008 | val_r2=0.4719
Epoch 04 | train_loss=136.9567 | val_loss=130.5997 | val_rmse=5.2878 | val_mae=1.9633 | val_mape=76.1550 | val_r2=0.5237
Epoch 05 | train_loss=131.8322 | val_loss=130.8540 | val_rmse=5.2411 | val_mae=1.9852 | val_mape=80.4992 | val_r2=0.5321
Epoch 06 | train_loss=129.0763 | val_loss=127.5702 | val_rmse=5.1085 | val_mae=1.9459 | val_mape=80.1017 | val_r2=0.5555
Epoch 07 | train_loss=127.5224 | val_loss=127.6278 | val_rmse=4.9605 | val_mae=1.8942 | val_mape=83.3432 | val_r2=0.5809
Epoch 08 | train_loss=126.6068 | val_loss=126.0215 | val_rmse=4.9972 | val_mae=1.9050 | val_mape=79.7750 | val_r2=0.5746
Epoch 09 | train_loss=125.8964 | val_loss=126.1211 | val_rmse=4.9413 | val_mae=1.8934 | val_mape=82.0241 | val_r2=0.5841
Epoch 10 | train_loss=125.3921 | val_loss=127.3715 | val_rmse=5.0688 | val_mae=1.9371 | val_mape=77.1331 | val_r2=0.5624
Training finished.
Restored best model from early stopping.
Best validation loss 126.0215 at epoch 8

search_stage0_0 training completed in 509.20 seconds

Starting training...
Epoch 01 | train_loss=275.4650 | val_loss=252.8497 | val_rmse=8.2950 | val_mae=3.1959 | val_mape=99.4505 | val_r2=-0.1720
Epoch 02 | train_loss=272.8252 | val_loss=252.8438 | val_rmse=8.2941 | val_mae=3.1941 | val_mape=99.3464 | val_r2=-0.1718
Epoch 03 | train_loss=272.8318 | val_loss=252.8740 | val_rmse=8.2961 | val_mae=3.1962 | val_mape=99.5638 | val_r2=-0.1723
Epoch 04 | train_loss=272.8306 | val_loss=252.9527 | val_rmse=8.2922 | val_mae=3.1955 | val_mape=99.1298 | val_r2=-0.1712
Epoch 05 | train_loss=272.8324 | val_loss=252.8920 | val_rmse=8.2934 | val_mae=3.1959 | val_mape=99.2691 | val_r2=-0.1716
Epoch 06 | train_loss=272.8288 | val_loss=252.8221 | val_rmse=8.2960 | val_mae=3.1962 | val_mape=99.5510 | val_r2=-0.1723
Epoch 07 | train_loss=272.8301 | val_loss=252.8257 | val_rmse=8.2935 | val_mae=3.1961 | val_mape=99.2750 | val_r2=-0.1716
Epoch 08 | train_loss=272.8279 | val_loss=252.8187 | val_rmse=8.2949 | val_mae=3.1948 | val_mape=99.4378 | val_r2=-0.1720
Epoch 09 | train_loss=272.8316 | val_loss=252.8300 | val_rmse=8.2942 | val_mae=3.1943 | val_mape=99.3596 | val_r2=-0.1718
Epoch 10 | train_loss=272.8290 | val_loss=252.8323 | val_rmse=8.2940 | val_mae=3.1957 | val_mape=99.3361 | val_r2=-0.1717
Training finished.
Restored best model from early stopping.
Best validation loss 252.8187 at epoch 8

search_stage0_1 training completed in 531.68 seconds

Starting training...
Epoch 01 | train_loss=275.9045 | val_loss=252.7405 | val_rmse=8.2961 | val_mae=3.1943 | val_mape=99.5626 | val_r2=-0.1723
Epoch 02 | train_loss=272.7501 | val_loss=252.7492 | val_rmse=8.2958 | val_mae=3.1943 | val_mape=99.5350 | val_r2=-0.1722
Epoch 03 | train_loss=272.7521 | val_loss=252.7933 | val_rmse=8.2958 | val_mae=3.1949 | val_mape=99.5275 | val_r2=-0.1722
Epoch 04 | train_loss=272.7524 | val_loss=252.8366 | val_rmse=8.2954 | val_mae=3.1938 | val_mape=99.4866 | val_r2=-0.1721
Epoch 05 | train_loss=215.5568 | val_loss=171.2572 | val_rmse=7.8065 | val_mae=2.8953 | val_mape=81.9769 | val_r2=-0.0380
Epoch 06 | train_loss=173.3551 | val_loss=152.6930 | val_rmse=7.1027 | val_mae=2.5447 | val_mape=74.7560 | val_r2=0.1407
Epoch 07 | train_loss=162.6969 | val_loss=143.7111 | val_rmse=6.2583 | val_mae=2.2387 | val_mape=73.3882 | val_r2=0.3329
Epoch 08 | train_loss=152.7931 | val_loss=143.8663 | val_rmse=5.9108 | val_mae=2.1483 | val_mape=81.3975 | val_r2=0.4049
Epoch 09 | train_loss=147.5788 | val_loss=134.9636 | val_rmse=5.5229 | val_mae=2.0769 | val_mape=79.0891 | val_r2=0.4804
Epoch 10 | train_loss=148.6597 | val_loss=147.9466 | val_rmse=5.6797 | val_mae=2.1596 | val_mape=82.3858 | val_r2=0.4505
Training finished.
Restored best model from early stopping.
Best validation loss 134.9636 at epoch 9

search_stage0_2 training completed in 584.35 seconds

Starting training...
Epoch 01 | train_loss=208.6962 | val_loss=167.6850 | val_rmse=7.0751 | val_mae=2.5589 | val_mape=80.5326 | val_r2=0.1474
Epoch 02 | train_loss=182.9616 | val_loss=156.7228 | val_rmse=6.5150 | val_mae=2.3849 | val_mape=65.3279 | val_r2=0.2770
Epoch 03 | train_loss=159.4633 | val_loss=176.3782 | val_rmse=6.9416 | val_mae=2.5168 | val_mape=79.5762 | val_r2=0.1792
Epoch 04 | train_loss=165.3986 | val_loss=152.3186 | val_rmse=5.9937 | val_mae=2.2297 | val_mape=81.7189 | val_r2=0.3881
Epoch 05 | train_loss=159.6953 | val_loss=156.3908 | val_rmse=5.8291 | val_mae=2.2280 | val_mape=85.1877 | val_r2=0.4212
Epoch 06 | train_loss=156.5438 | val_loss=141.8134 | val_rmse=5.5572 | val_mae=2.1983 | val_mape=70.2040 | val_r2=0.4740
Epoch 07 | train_loss=155.3063 | val_loss=138.5436 | val_rmse=5.5660 | val_mae=2.1351 | val_mape=74.8521 | val_r2=0.4723
Epoch 08 | train_loss=158.4021 | val_loss=144.4889 | val_rmse=5.5487 | val_mae=2.3468 | val_mape=68.9895 | val_r2=0.4756
Epoch 09 | train_loss=156.0141 | val_loss=246.5456 | val_rmse=6.3444 | val_mae=4.3983 | val_mape=160.1591 | val_r2=0.3144
Epoch 10 | train_loss=158.3483 | val_loss=193.5747 | val_rmse=6.3840 | val_mae=4.6765 | val_mape=162.1993 | val_r2=0.3058
Training finished.
Restored best model from early stopping.
Best validation loss 138.5436 at epoch 7

search_stage0_3 training completed in 591.12 seconds

Starting training...
Epoch 01 | train_loss=274.7607 | val_loss=252.9543 | val_rmse=8.2918 | val_mae=3.1970 | val_mape=99.0960 | val_r2=-0.1711
Epoch 02 | train_loss=273.0152 | val_loss=253.1220 | val_rmse=8.2976 | val_mae=3.1978 | val_mape=99.7291 | val_r2=-0.1728
Epoch 03 | train_loss=273.0140 | val_loss=252.9922 | val_rmse=8.2947 | val_mae=3.1978 | val_mape=99.4138 | val_r2=-0.1719
Epoch 04 | train_loss=273.0170 | val_loss=253.0175 | val_rmse=8.2940 | val_mae=3.1985 | val_mape=99.3348 | val_r2=-0.1717
Epoch 05 | train_loss=273.0212 | val_loss=253.0754 | val_rmse=8.2910 | val_mae=3.1972 | val_mape=99.0001 | val_r2=-0.1709
Epoch 06 | train_loss=273.0195 | val_loss=252.9883 | val_rmse=8.2929 | val_mae=3.1950 | val_mape=99.2192 | val_r2=-0.1714
Epoch 07 | train_loss=273.0233 | val_loss=252.9352 | val_rmse=8.2922 | val_mae=3.1961 | val_mape=99.1389 | val_r2=-0.1712
Epoch 08 | train_loss=272.7258 | val_loss=252.7318 | val_rmse=8.2956 | val_mae=3.1945 | val_mape=99.5059 | val_r2=-0.1722
Epoch 09 | train_loss=272.7229 | val_loss=252.6808 | val_rmse=8.2968 | val_mae=3.1934 | val_mape=99.6404 | val_r2=-0.1725
Epoch 10 | train_loss=272.7273 | val_loss=252.7179 | val_rmse=8.2961 | val_mae=3.1942 | val_mape=99.5608 | val_r2=-0.1723
Training finished.
Restored best model from early stopping.
Best validation loss 252.6808 at epoch 9

search_stage0_4 training completed in 539.59 seconds

Starting training...
Epoch 01 | train_loss=198.2896 | val_loss=153.7488 | val_rmse=5.9170 | val_mae=2.0953 | val_mape=79.1165 | val_r2=0.4036
Epoch 02 | train_loss=152.6754 | val_loss=138.5748 | val_rmse=5.5091 | val_mae=2.0217 | val_mape=86.5520 | val_r2=0.4830
Epoch 03 | train_loss=137.2713 | val_loss=131.1338 | val_rmse=5.2744 | val_mae=1.9701 | val_mape=78.2422 | val_r2=0.5262
Epoch 04 | train_loss=130.6287 | val_loss=127.9564 | val_rmse=5.0910 | val_mae=1.9305 | val_mape=82.1824 | val_r2=0.5585
Epoch 05 | train_loss=127.6839 | val_loss=130.1310 | val_rmse=5.2767 | val_mae=1.9948 | val_mape=78.2131 | val_r2=0.5257
Epoch 06 | train_loss=126.3697 | val_loss=127.7291 | val_rmse=5.0003 | val_mae=1.9398 | val_mape=83.0322 | val_r2=0.5741
Epoch 07 | train_loss=125.5754 | val_loss=126.2014 | val_rmse=5.0139 | val_mae=1.9126 | val_mape=80.9223 | val_r2=0.5718
Epoch 08 | train_loss=124.7845 | val_loss=127.4735 | val_rmse=5.1658 | val_mae=1.9420 | val_mape=78.8765 | val_r2=0.5455
Epoch 09 | train_loss=124.1682 | val_loss=126.4345 | val_rmse=5.0015 | val_mae=1.9268 | val_mape=77.6234 | val_r2=0.5739
Epoch 10 | train_loss=123.8312 | val_loss=126.4301 | val_rmse=5.0335 | val_mae=1.9059 | val_mape=82.2890 | val_r2=0.5684
Training finished.
Restored best model from early stopping.
Best validation loss 126.2014 at epoch 7

search_stage0_5 training completed in 596.71 seconds

Starting training...
Epoch 01 | train_loss=230.2479 | val_loss=175.9452 | val_rmse=6.2674 | val_mae=2.1840 | val_mape=84.2468 | val_r2=0.3309
Epoch 02 | train_loss=178.3114 | val_loss=157.2792 | val_rmse=5.9642 | val_mae=2.1231 | val_mape=81.0241 | val_r2=0.3941
Epoch 03 | train_loss=158.8950 | val_loss=143.1933 | val_rmse=5.6463 | val_mae=2.0504 | val_mape=77.1549 | val_r2=0.4570
Epoch 04 | train_loss=145.5933 | val_loss=135.4726 | val_rmse=5.4002 | val_mae=2.0028 | val_mape=74.0616 | val_r2=0.5033
Epoch 05 | train_loss=137.7307 | val_loss=133.1883 | val_rmse=5.3624 | val_mae=2.0069 | val_mape=75.1941 | val_r2=0.5102
Epoch 06 | train_loss=133.4027 | val_loss=131.0231 | val_rmse=5.2715 | val_mae=2.0190 | val_mape=73.4080 | val_r2=0.5267
Epoch 07 | train_loss=131.0081 | val_loss=130.0957 | val_rmse=5.2285 | val_mae=1.9940 | val_mape=73.7288 | val_r2=0.5344
Epoch 08 | train_loss=129.8477 | val_loss=129.1373 | val_rmse=5.1001 | val_mae=1.9642 | val_mape=81.2610 | val_r2=0.5569
Epoch 09 | train_loss=129.3211 | val_loss=130.5267 | val_rmse=5.0636 | val_mae=1.9933 | val_mape=83.6622 | val_r2=0.5633
Epoch 10 | train_loss=128.5169 | val_loss=127.9965 | val_rmse=5.1007 | val_mae=1.9678 | val_mape=78.6573 | val_r2=0.5568
Training finished.
Restored best model from early stopping.
Best validation loss 127.9965 at epoch 10

search_stage0_6 training completed in 516.59 seconds

Starting training...
Epoch 01 | train_loss=281.6904 | val_loss=218.9364 | val_rmse=7.2446 | val_mae=2.5444 | val_mape=76.4961 | val_r2=0.1060
Epoch 02 | train_loss=227.1499 | val_loss=200.4927 | val_rmse=6.7470 | val_mae=2.3218 | val_mape=79.4658 | val_r2=0.2246
Epoch 03 | train_loss=211.6578 | val_loss=190.2849 | val_rmse=6.5014 | val_mae=2.2719 | val_mape=86.8883 | val_r2=0.2800
Epoch 04 | train_loss=200.1530 | val_loss=180.6064 | val_rmse=6.3243 | val_mae=2.2027 | val_mape=85.9933 | val_r2=0.3187
Epoch 05 | train_loss=190.5448 | val_loss=172.6659 | val_rmse=6.2116 | val_mae=2.1630 | val_mape=84.6486 | val_r2=0.3428
Epoch 06 | train_loss=183.0591 | val_loss=167.1266 | val_rmse=6.1067 | val_mae=2.1522 | val_mape=84.1353 | val_r2=0.3648
Epoch 07 | train_loss=176.9023 | val_loss=161.9966 | val_rmse=6.0269 | val_mae=2.1182 | val_mape=83.6726 | val_r2=0.3813
Epoch 08 | train_loss=170.9778 | val_loss=157.4792 | val_rmse=5.9403 | val_mae=2.0934 | val_mape=82.2513 | val_r2=0.3989
Epoch 09 | train_loss=165.4940 | val_loss=153.3223 | val_rmse=5.8317 | val_mae=2.0911 | val_mape=82.3161 | val_r2=0.4207
Epoch 10 | train_loss=160.9699 | val_loss=150.4134 | val_rmse=5.7970 | val_mae=2.0762 | val_mape=78.0269 | val_r2=0.4276
Training finished.
Restored best model from early stopping.
Best validation loss 150.4134 at epoch 10

search_stage0_7 training completed in 500.29 seconds
Pruned to 3 models

Stage 1: training 3 models for 10 epochs

Starting training...
Epoch 01 | train_loss=125.8837 | val_loss=127.4515 | val_rmse=4.9942 | val_mae=1.8927 | val_mape=80.5075 | val_r2=0.5752
Epoch 02 | train_loss=125.5883 | val_loss=127.7983 | val_rmse=4.9176 | val_mae=1.9118 | val_mape=85.8816 | val_r2=0.5881
Epoch 03 | train_loss=125.1409 | val_loss=126.1925 | val_rmse=5.0068 | val_mae=1.9127 | val_mape=79.1958 | val_r2=0.5730
Epoch 04 | train_loss=125.0266 | val_loss=126.0671 | val_rmse=4.9040 | val_mae=1.8797 | val_mape=83.0825 | val_r2=0.5904
Epoch 05 | train_loss=123.1098 | val_loss=124.8297 | val_rmse=4.8780 | val_mae=1.8703 | val_mape=80.6782 | val_r2=0.5947
Epoch 06 | train_loss=122.9396 | val_loss=124.8596 | val_rmse=4.8962 | val_mae=1.8824 | val_mape=81.2194 | val_r2=0.5917
Epoch 07 | train_loss=122.8816 | val_loss=124.5359 | val_rmse=4.8910 | val_mae=1.8767 | val_mape=78.8818 | val_r2=0.5925
Epoch 08 | train_loss=122.8022 | val_loss=124.0920 | val_rmse=4.8736 | val_mae=1.8665 | val_mape=79.0213 | val_r2=0.5954
Epoch 09 | train_loss=122.6858 | val_loss=126.2572 | val_rmse=5.0470 | val_mae=1.9188 | val_mape=76.8845 | val_r2=0.5661
Epoch 10 | train_loss=122.6761 | val_loss=124.0623 | val_rmse=4.8963 | val_mae=1.8658 | val_mape=78.5495 | val_r2=0.5917
Training finished.
Restored best model from early stopping.
Best validation loss 124.0623 at epoch 10

search_stage1_0 training completed in 524.78 seconds

Starting training...
Epoch 01 | train_loss=124.7969 | val_loss=126.5452 | val_rmse=4.9825 | val_mae=1.9217 | val_mape=82.2623 | val_r2=0.5771
Epoch 02 | train_loss=124.5199 | val_loss=125.9329 | val_rmse=5.0541 | val_mae=1.9058 | val_mape=79.0653 | val_r2=0.5649
Epoch 03 | train_loss=123.9189 | val_loss=125.8748 | val_rmse=4.9364 | val_mae=1.8986 | val_mape=83.3977 | val_r2=0.5849
Epoch 04 | train_loss=123.7465 | val_loss=129.3944 | val_rmse=5.2742 | val_mae=1.9761 | val_mape=73.0663 | val_r2=0.5262
Epoch 05 | train_loss=123.4890 | val_loss=127.1468 | val_rmse=5.1362 | val_mae=1.9256 | val_mape=77.6200 | val_r2=0.5507
Epoch 06 | train_loss=123.2268 | val_loss=126.8645 | val_rmse=5.1265 | val_mae=1.9180 | val_mape=77.5365 | val_r2=0.5523
Epoch 07 | train_loss=123.2565 | val_loss=125.5711 | val_rmse=5.0520 | val_mae=1.8982 | val_mape=78.3975 | val_r2=0.5653
Epoch 08 | train_loss=123.1884 | val_loss=126.1809 | val_rmse=5.0269 | val_mae=1.9078 | val_mape=78.0807 | val_r2=0.5696
Epoch 09 | train_loss=123.0829 | val_loss=126.1564 | val_rmse=4.9652 | val_mae=1.9025 | val_mape=82.9342 | val_r2=0.5801
Epoch 10 | train_loss=122.8772 | val_loss=126.4338 | val_rmse=4.9899 | val_mae=1.9069 | val_mape=80.2027 | val_r2=0.5759
Training finished.
Restored best model from early stopping.
Best validation loss 125.5711 at epoch 7

search_stage1_1 training completed in 604.40 seconds

Starting training...
Epoch 01 | train_loss=127.7841 | val_loss=129.0867 | val_rmse=5.1235 | val_mae=1.9507 | val_mape=81.5547 | val_r2=0.5529
Epoch 02 | train_loss=127.3251 | val_loss=127.6703 | val_rmse=5.1285 | val_mae=1.9627 | val_mape=78.9825 | val_r2=0.5520
Epoch 03 | train_loss=127.4344 | val_loss=128.0481 | val_rmse=5.1620 | val_mae=1.9685 | val_mape=77.3708 | val_r2=0.5461
Epoch 04 | train_loss=126.9791 | val_loss=129.3062 | val_rmse=5.0826 | val_mae=1.9501 | val_mape=81.2277 | val_r2=0.5600
Epoch 05 | train_loss=126.8589 | val_loss=129.3578 | val_rmse=5.2283 | val_mae=1.9922 | val_mape=79.3666 | val_r2=0.5344
Epoch 06 | train_loss=126.6548 | val_loss=128.0475 | val_rmse=5.0507 | val_mae=1.9355 | val_mape=83.6956 | val_r2=0.5655
Epoch 07 | train_loss=126.3450 | val_loss=128.2614 | val_rmse=5.0779 | val_mae=1.9399 | val_mape=83.4205 | val_r2=0.5608
Epoch 08 | train_loss=126.2981 | val_loss=127.9198 | val_rmse=5.0150 | val_mae=1.9315 | val_mape=82.6208 | val_r2=0.5716
Epoch 09 | train_loss=124.9163 | val_loss=127.7342 | val_rmse=5.0031 | val_mae=1.9252 | val_mape=80.9683 | val_r2=0.5736
Epoch 10 | train_loss=124.8584 | val_loss=127.0498 | val_rmse=5.0760 | val_mae=1.9369 | val_mape=78.9226 | val_r2=0.5611
Training finished.
Restored best model from early stopping.
Best validation loss 127.0498 at epoch 10

search_stage1_2 training completed in 548.16 seconds
Pruned to 2 models

Stage 2: training 2 models for 20 epochs

Starting training...
Epoch 01 | train_loss=122.3011 | val_loss=125.0560 | val_rmse=4.8670 | val_mae=1.8608 | val_mape=81.5885 | val_r2=0.5965
Epoch 02 | train_loss=122.2296 | val_loss=123.8502 | val_rmse=4.8842 | val_mae=1.8479 | val_mape=78.4663 | val_r2=0.5937
Epoch 03 | train_loss=122.1510 | val_loss=123.3420 | val_rmse=4.9005 | val_mae=1.8537 | val_mape=77.7927 | val_r2=0.5909
Epoch 04 | train_loss=121.9950 | val_loss=126.1695 | val_rmse=4.8419 | val_mae=1.8963 | val_mape=83.8926 | val_r2=0.6007
Epoch 05 | train_loss=121.9329 | val_loss=124.1846 | val_rmse=4.9622 | val_mae=1.8688 | val_mape=76.4348 | val_r2=0.5806
Epoch 06 | train_loss=121.9069 | val_loss=124.0453 | val_rmse=4.9685 | val_mae=1.8688 | val_mape=75.8754 | val_r2=0.5795
Epoch 07 | train_loss=121.7882 | val_loss=123.4090 | val_rmse=4.8871 | val_mae=1.8512 | val_mape=78.8256 | val_r2=0.5932
Epoch 08 | train_loss=121.8290 | val_loss=124.0522 | val_rmse=4.8820 | val_mae=1.8702 | val_mape=80.5741 | val_r2=0.5940
Epoch 09 | train_loss=121.7736 | val_loss=123.0632 | val_rmse=4.8675 | val_mae=1.8439 | val_mape=78.0265 | val_r2=0.5964
Epoch 10 | train_loss=121.6804 | val_loss=124.8541 | val_rmse=4.9519 | val_mae=1.8963 | val_mape=77.3843 | val_r2=0.5823
Epoch 11 | train_loss=121.6329 | val_loss=125.5763 | val_rmse=5.0122 | val_mae=1.8830 | val_mape=76.2657 | val_r2=0.5721
Epoch 12 | train_loss=121.5981 | val_loss=123.7086 | val_rmse=4.8403 | val_mae=1.8478 | val_mape=80.5541 | val_r2=0.6009
Epoch 13 | train_loss=121.4948 | val_loss=125.6354 | val_rmse=4.8554 | val_mae=1.8831 | val_mape=84.0304 | val_r2=0.5984
Epoch 14 | train_loss=121.4424 | val_loss=123.5546 | val_rmse=4.9126 | val_mae=1.8691 | val_mape=78.2234 | val_r2=0.5889
Epoch 15 | train_loss=121.5401 | val_loss=124.0636 | val_rmse=4.9957 | val_mae=1.8654 | val_mape=76.1397 | val_r2=0.5749
Epoch 16 | train_loss=120.4455 | val_loss=122.9157 | val_rmse=4.8949 | val_mae=1.8426 | val_mape=77.6650 | val_r2=0.5919
Epoch 17 | train_loss=120.3429 | val_loss=124.3295 | val_rmse=4.8499 | val_mae=1.8633 | val_mape=82.6274 | val_r2=0.5993
Epoch 18 | train_loss=120.3338 | val_loss=124.1553 | val_rmse=4.8930 | val_mae=1.8419 | val_mape=77.1896 | val_r2=0.5922
Epoch 19 | train_loss=120.3107 | val_loss=122.8969 | val_rmse=4.9061 | val_mae=1.8423 | val_mape=77.7127 | val_r2=0.5900
Epoch 20 | train_loss=120.3290 | val_loss=122.8855 | val_rmse=4.8967 | val_mae=1.8423 | val_mape=76.9418 | val_r2=0.5916
Training finished.
Restored best model from early stopping.
Best validation loss 122.8855 at epoch 20

search_stage2_0 training completed in 1074.89 seconds

Starting training...
Epoch 01 | train_loss=123.0066 | val_loss=125.5683 | val_rmse=5.0703 | val_mae=1.8992 | val_mape=77.8245 | val_r2=0.5621
Epoch 02 | train_loss=122.8440 | val_loss=129.0544 | val_rmse=5.0364 | val_mae=1.9498 | val_mape=86.2183 | val_r2=0.5679
Epoch 03 | train_loss=122.9878 | val_loss=126.8087 | val_rmse=5.0598 | val_mae=1.9199 | val_mape=77.5881 | val_r2=0.5639
Epoch 04 | train_loss=121.5889 | val_loss=125.2513 | val_rmse=5.0143 | val_mae=1.8898 | val_mape=75.2908 | val_r2=0.5717
Epoch 05 | train_loss=121.5026 | val_loss=124.5429 | val_rmse=4.9787 | val_mae=1.8776 | val_mape=75.2354 | val_r2=0.5778
Epoch 06 | train_loss=121.4516 | val_loss=124.6797 | val_rmse=5.0036 | val_mae=1.8796 | val_mape=78.3245 | val_r2=0.5735
Epoch 07 | train_loss=121.4185 | val_loss=124.4028 | val_rmse=4.9705 | val_mae=1.8736 | val_mape=79.0171 | val_r2=0.5792
Epoch 08 | train_loss=121.4510 | val_loss=125.1649 | val_rmse=4.9994 | val_mae=1.8874 | val_mape=77.9334 | val_r2=0.5743
Epoch 09 | train_loss=121.3749 | val_loss=124.8282 | val_rmse=5.0410 | val_mae=1.8846 | val_mape=76.4619 | val_r2=0.5671
Epoch 10 | train_loss=121.3415 | val_loss=125.0353 | val_rmse=4.9908 | val_mae=1.8864 | val_mape=77.9921 | val_r2=0.5757
Epoch 11 | train_loss=121.3621 | val_loss=125.0034 | val_rmse=4.9920 | val_mae=1.8918 | val_mape=75.6146 | val_r2=0.5755
Epoch 12 | train_loss=121.3656 | val_loss=124.3225 | val_rmse=4.9460 | val_mae=1.8746 | val_mape=79.3969 | val_r2=0.5833
Epoch 13 | train_loss=121.3575 | val_loss=124.2956 | val_rmse=4.9567 | val_mae=1.8750 | val_mape=79.0781 | val_r2=0.5815
Epoch 14 | train_loss=121.3791 | val_loss=126.4496 | val_rmse=5.0581 | val_mae=1.9042 | val_mape=81.9459 | val_r2=0.5642
Epoch 15 | train_loss=121.3278 | val_loss=124.7275 | val_rmse=4.9379 | val_mae=1.8848 | val_mape=78.0916 | val_r2=0.5847
Epoch 16 | train_loss=121.3436 | val_loss=124.3459 | val_rmse=4.9881 | val_mae=1.8780 | val_mape=76.4806 | val_r2=0.5762
Epoch 17 | train_loss=121.2682 | val_loss=124.3003 | val_rmse=4.9708 | val_mae=1.8753 | val_mape=78.0699 | val_r2=0.5791
Epoch 18 | train_loss=121.2799 | val_loss=124.3604 | val_rmse=4.9324 | val_mae=1.8717 | val_mape=80.3637 | val_r2=0.5856
Epoch 19 | train_loss=121.2243 | val_loss=124.5963 | val_rmse=4.9475 | val_mae=1.8707 | val_mape=76.3723 | val_r2=0.5831
Epoch 20 | train_loss=120.6990 | val_loss=124.1341 | val_rmse=4.9859 | val_mae=1.8717 | val_mape=77.5749 | val_r2=0.5766
Training finished.
Restored best model from early stopping.
Best validation loss 124.1341 at epoch 20

search_stage2_1 training completed in 1217.43 seconds
Pruned to 1 models

Hyperparameter search summary saved to: /workspace/comp0197-experiments/runs/baseline_ablation_sales_yen_hierarchy_flat_seq2seq_search/models/baseline_quantile_gru/baseline_quantile_gru_search.json
Best baseline_quantile_gru configuration:
{'split_protocol': 'yen_v1', 'weight_protocol': 'yen_v1', 'data_dir': './data', 'sampling': 'all', 'top_k_series': 30490, 'feature_set': 'sales_yen_hierarchy', 'seq_len': 28, 'horizon': 28, 'autoregressive': False, 'use_normalise': False, 'epochs': 60, 'early_stopping_patience': 8, 'early_stopping_min_delta': 0.0005, 'batch_size': 2048, 'num_workers': 8, 'seed': 42, 'optimiser': 'adamw', 'optimiser_params': {'lr': 0.0012132304367295382, 'weight_decay': 1.1027892473628037e-05}, 'scheduler': 'plateau', 'scheduler_params': {'patience': 5, 'factor': 0.5}, 'clip_grad_norm': 0.8418827284984074, 'hidden': 128, 'layers': 1, 'dropout': 0.03348161072232341, 'quantiles': [0.025, 0.05, 0.1, 0.25, 0.5, 0.75, 0.9, 0.95, 0.975], 'n_features': 14, 'vocab_sizes': {'state_id_int': 3, 'store_id_int': 10, 'cat_id_int': 3, 'dept_id_int': 7}, 'feature_index': {'sales': 0, 'sell_price': 1, 'is_available': 2, 'wday': 3, 'month': 4, 'year': 5, 'snap_CA': 6, 'snap_TX': 7, 'snap_WI': 8, 'has_event': 9, 'state_id_int': 10, 'store_id_int': 11, 'cat_id_int': 12, 'dept_id_int': 13}}
[config] Best config written → /workspace/comp0197-experiments/runs/baseline_ablation_sales_yen_hierarchy_flat_seq2seq_search/configs/models/baseline_quantile_gru.yml

  Best config for baseline_quantile_gru:
    split_protocol: yen_v1
    weight_protocol: yen_v1
    data_dir: ./data
    sampling: all
    top_k_series: 30490
    feature_set: sales_yen_hierarchy
    seq_len: 28
    horizon: 28
    autoregressive: False
    use_normalise: False
    epochs: 60
    early_stopping_patience: 8
    early_stopping_min_delta: 0.0005
    batch_size: 2048
    num_workers: 8
    seed: 42
    optimiser: adamw
    optimiser_params.lr: 0.0012132304367295382
    optimiser_params.weight_decay: 1.1027892473628037e-05
    scheduler: plateau
    scheduler_params.patience: 5
    scheduler_params.factor: 0.5
    clip_grad_norm: 0.8418827284984074
    hidden: 128
    layers: 1
    dropout: 0.03348161072232341
    quantiles: [0.025, 0.05, 0.1, 0.25, 0.5, 0.75, 0.9, 0.95, 0.975]
    n_features: 14
    vocab_sizes.state_id_int: 3
    vocab_sizes.store_id_int: 10
    vocab_sizes.cat_id_int: 3
    vocab_sizes.dept_id_int: 7
    feature_index.sales: 0
    feature_index.sell_price: 1
    feature_index.is_available: 2
    feature_index.wday: 3
    feature_index.month: 4
    feature_index.year: 5
    feature_index.snap_CA: 6
    feature_index.snap_TX: 7
    feature_index.snap_WI: 8
    feature_index.has_event: 9
    feature_index.state_id_int: 10
    feature_index.store_id_int: 11
    feature_index.cat_id_int: 12
    feature_index.dept_id_int: 13

[models] Search detour complete for baseline_quantile_gru
Random seed set to 42
Loaded cached data splits.
[data] After hierarchy encoding : (59181090, 28)
[data] train: 52,381,820 windows  (autoregressive=False)
[data] val: 2,591,650 windows  (autoregressive=False)
[data] test: 884,210 windows  (autoregressive=False)
[preprocess] baseline_quantile_gru — 52,381,820 train / 2,591,650 val / 884,210 test windows
Random seed set to 42

Starting training...
Epoch 01 | train_loss=62.4878 | val_loss=65.9157 | val_rmse=2.5968 | val_mae=1.0222 | val_mape=74.2756 | val_r2=0.4621
Epoch 02 | train_loss=55.8121 | val_loss=64.6204 | val_rmse=2.5728 | val_mae=1.0009 | val_mape=77.3666 | val_r2=0.4720
Epoch 03 | train_loss=55.2761 | val_loss=64.3270 | val_rmse=2.5513 | val_mae=0.9958 | val_mape=79.5555 | val_r2=0.4808
Epoch 04 | train_loss=55.1668 | val_loss=64.1609 | val_rmse=2.6198 | val_mae=0.9994 | val_mape=77.6554 | val_r2=0.4525
Epoch 05 | train_loss=55.1650 | val_loss=63.9007 | val_rmse=2.5563 | val_mae=0.9936 | val_mape=76.9563 | val_r2=0.4788
Epoch 06 | train_loss=55.1536 | val_loss=66.3427 | val_rmse=2.5636 | val_mae=1.0042 | val_mape=82.3041 | val_r2=0.4758
Epoch 07 | train_loss=55.1437 | val_loss=64.1492 | val_rmse=2.5038 | val_mae=0.9859 | val_mape=74.9708 | val_r2=0.4999
Epoch 08 | train_loss=55.2546 | val_loss=67.6704 | val_rmse=2.7570 | val_mae=1.0488 | val_mape=78.6551 | val_r2=0.3937
Epoch 09 | train_loss=55.2546 | val_loss=64.1446 | val_rmse=2.5443 | val_mae=0.9934 | val_mape=77.0676 | val_r2=0.4836
Epoch 10 | train_loss=55.3298 | val_loss=64.5007 | val_rmse=2.5283 | val_mae=1.0005 | val_mape=79.3991 | val_r2=0.4901
Epoch 11 | train_loss=55.3412 | val_loss=68.1134 | val_rmse=2.6561 | val_mae=1.0405 | val_mape=82.4011 | val_r2=0.4373
Epoch 12 | train_loss=54.0415 | val_loss=64.0720 | val_rmse=2.4830 | val_mae=0.9778 | val_mape=73.2269 | val_r2=0.5082
Epoch 13 | train_loss=53.9920 | val_loss=63.5900 | val_rmse=2.4783 | val_mae=0.9844 | val_mape=78.8324 | val_r2=0.5101
Epoch 14 | train_loss=54.0286 | val_loss=65.0850 | val_rmse=2.6081 | val_mae=1.0146 | val_mape=78.3877 | val_r2=0.4574
Epoch 15 | train_loss=53.9848 | val_loss=63.4248 | val_rmse=2.4863 | val_mae=0.9795 | val_mape=76.9708 | val_r2=0.5069
Epoch 16 | train_loss=53.9662 | val_loss=63.7994 | val_rmse=2.5154 | val_mae=0.9865 | val_mape=79.9650 | val_r2=0.4953
Epoch 17 | train_loss=53.9612 | val_loss=63.5844 | val_rmse=2.4964 | val_mae=0.9837 | val_mape=78.0641 | val_r2=0.5029
Epoch 18 | train_loss=54.0085 | val_loss=63.5289 | val_rmse=2.5046 | val_mae=0.9881 | val_mape=78.0430 | val_r2=0.4996
Epoch 19 | train_loss=53.9459 | val_loss=64.3986 | val_rmse=2.5893 | val_mae=1.0030 | val_mape=78.7496 | val_r2=0.4652
Epoch 20 | train_loss=53.9343 | val_loss=64.2655 | val_rmse=2.6092 | val_mae=1.0036 | val_mape=77.6926 | val_r2=0.4570
Epoch 21 | train_loss=53.9262 | val_loss=63.6108 | val_rmse=2.5143 | val_mae=0.9837 | val_mape=78.9532 | val_r2=0.4958
Epoch 22 | train_loss=53.3761 | val_loss=64.3093 | val_rmse=2.5708 | val_mae=1.0022 | val_mape=79.3226 | val_r2=0.4728
Early stopping triggered at epoch 23
Training finished.
Restored best model from early stopping.
Best validation loss 63.4248 at epoch 15
Model saved to: /workspace/comp0197-experiments/runs/baseline_ablation_sales_yen_hierarchy_flat_seq2seq_search/models/baseline_quantile_gru/baseline_quantile_gru_model.pt
History saved to: /workspace/comp0197-experiments/runs/baseline_ablation_sales_yen_hierarchy_flat_seq2seq_search/models/baseline_quantile_gru/baseline_quantile_gru_train_history.json

baseline_quantile_gru training completed in 8842.63 seconds

baseline_quantile_gru model:
BaselineQuantileGRU(
  (gru): GRU(14, 128, batch_first=True)
  (fc): Linear(in_features=128, out_features=252, bias=True)
)

baseline_quantile_gru final epoch metrics:
{'epoch': 23, 'train_loss': 53.35102081298828, 'validation_loss': 64.42848613600286, 'validation_accuracy': None, 'val_rmse': 2.561880588531494, 'val_mae': 0.9968981742858887, 'val_mape': 80.88479042053223, 'val_r2': 0.4764840602874756}

  [DONE] baseline_quantile_gru — artefacts in /workspace/comp0197-experiments/runs/baseline_ablation_sales_yen_hierarchy_flat_seq2seq_search/models/baseline_quantile_gru

  [DONE] baseline_quantile_gru

============================================================
  ALL TRAINING COMPLETE
  Trained  : 3/3 models
  Run folder: /workspace/comp0197-experiments/runs/baseline_ablation_sales_yen_hierarchy_flat_seq2seq_search
============================================================
