nohup: ignoring input
Using device: cuda
main started
args parsed

============================================================
  M5 TRAINING (BaseModel) — baseline_ablation_sales_yen_hierarchy_embedded_seq2seq_search
  Models : ['hierarchical_gru_det', 'hierarchical_gru_prob', 'hierarchical_quantile_gru']
  Search : True
============================================================
[config] Run directory: /workspace/comp0197-experiments/runs/baseline_ablation_sales_yen_hierarchy_embedded_seq2seq_search
[config] Snapshotted experiment config → /workspace/comp0197-experiments/runs/baseline_ablation_sales_yen_hierarchy_embedded_seq2seq_search/configs/experiment.yml
[config] Snapshotted model config  → /workspace/comp0197-experiments/runs/baseline_ablation_sales_yen_hierarchy_embedded_seq2seq_search/configs/models/hierarchical_gru_det.yml
[config] Snapshotted model config  → /workspace/comp0197-experiments/runs/baseline_ablation_sales_yen_hierarchy_embedded_seq2seq_search/configs/models/hierarchical_gru_prob.yml
[config] Snapshotted model config  → /workspace/comp0197-experiments/runs/baseline_ablation_sales_yen_hierarchy_embedded_seq2seq_search/configs/models/hierarchical_quantile_gru.yml

============================================================
  TRAINING: hierarchical_gru_det
============================================================
[config] Run directory: /workspace/comp0197-experiments/runs/baseline_ablation_sales_yen_hierarchy_embedded_seq2seq_search

[search] Loading data once for all models...
[search] Sampling  : stratified | top_k=1500 | feature_set=sales_yen_hierarchy
Random seed set to 42
[data] Downloading sales...
[data] Downloading calendar...
[data] Downloading prices...
[data] Sales    : (30490, 1947)
[data] Calendar : (1969, 14)
[data] Prices   : (6841121, 4)
[data] Original items: 30490 | Stratified 1500+1500+1500 = 4500 series
[data] Trimmed shape : (4500, 1947)
[data] After melt  : (8734500, 8)
[data] After calendar merge : (8734500, 20)
[data] After price merge    : (8734500, 21)
[data] After hierarchy encoding : (8734500, 27)
[data] Yen-style pipeline (sales_yen_hierarchy): (8734500, 27)
[data] Protocol: yen_v1 — val=112 days, test=56 days
[data] Train : 2011-01-29 -> 2015-12-06  (7,978,500 rows)
[data] Val   : 2015-12-07 -> 2016-03-27  (504,000 rows)
[data] Test  : 2016-03-28 -> 2016-05-22  (252,000 rows)
[data] No normalisation — using raw sales counts
[data] train: 7,731,000 windows  (autoregressive=False)
[data] val: 382,500 windows  (autoregressive=False)
[data] test: 130,500 windows  (autoregressive=False)

[data] Feature set  : sales_yen_hierarchy  (14 features)
[data] Input shape  : (seq_len=28, n_features=14)
[data] Autoregressive: False
[data] Train batches: 3775
[data] Val batches  : 187
[data] Test batches : 64
[DEBUG] Train windows: 7,731,000
[DEBUG] Val windows  : 382,500
[DEBUG] Test windows : 130,500
[data] Vocab sizes  : {'state_id_int': 3, 'store_id_int': 10, 'cat_id_int': 3, 'dept_id_int': 7}
Random seed set to 42
[data] Found local sales
[data] Found local calendar
[data] Found local prices
[data] Sales    : (30490, 1947)
[data] Calendar : (1969, 14)
[data] Prices   : (6841121, 4)
[data] Original items: 30490 | Stratified 1500+1500+1500 = 4500 series
[data] Trimmed shape : (4500, 1947)
[data] After melt  : (8734500, 8)
[data] After calendar merge : (8734500, 20)
[data] After price merge    : (8734500, 21)
[data] After hierarchy encoding : (8734500, 27)
[data] Yen-style pipeline (sales_yen_hierarchy): (8734500, 27)
[data] Protocol: yen_v1 — val=112 days, test=56 days
[data] Train : 2011-01-29 -> 2015-12-06  (7,978,500 rows)
[data] Val   : 2015-12-07 -> 2016-03-27  (504,000 rows)
[data] Test  : 2016-03-28 -> 2016-05-22  (252,000 rows)
[data] No normalisation — using raw sales counts
[data] Revenue weights computed (4500 series, protocol=yen_v1)
[data] train: 7,731,000 windows  (autoregressive=False)
[data] val: 382,500 windows  (autoregressive=False)
[data] test: 130,500 windows  (autoregressive=False)

[data] Feature set  : sales_yen_hierarchy  (14 features)
[data] Input shape  : (seq_len=28, n_features=14)
[data] Autoregressive: False
[data] Train batches: 3775
[data] Val batches  : 187
[data] Test batches : 64
[DEBUG] Train windows: 7,731,000
[DEBUG] Val windows  : 382,500
[DEBUG] Test windows : 130,500
[data] Vocab sizes  : {'state_id_int': 3, 'store_id_int': 10, 'cat_id_int': 3, 'dept_id_int': 7}

============================================================
  SEARCH: hierarchical_gru_det
============================================================

Starting hierarchical_gru_det hyperparameter search

Stage 0: training 8 models for 10 epochs

Starting training...
/workspace/comp0197-experiments/utils/common/training.py:66: FutureWarning: `torch.cuda.amp.GradScaler(args...)` is deprecated. Please use `torch.amp.GradScaler('cuda', args...)` instead.
  scaler = torch.cuda.amp.GradScaler() if use_amp else None
Epoch 01 | train_loss=65.9403 | val_loss=40.4610 | val_rmse=6.3609 | val_mae=2.9630 | val_mape=68.5463 | val_r2=0.3108
Epoch 02 | train_loss=55.6030 | val_loss=35.7131 | val_rmse=5.9760 | val_mae=2.6087 | val_mape=62.4250 | val_r2=0.3917
Epoch 03 | train_loss=49.9404 | val_loss=32.3348 | val_rmse=5.6864 | val_mae=2.3700 | val_mape=58.1832 | val_r2=0.4492
Epoch 04 | train_loss=45.4018 | val_loss=29.4213 | val_rmse=5.4241 | val_mae=2.2360 | val_mape=63.0957 | val_r2=0.4989
Epoch 05 | train_loss=42.0947 | val_loss=27.5153 | val_rmse=5.2455 | val_mae=2.2696 | val_mape=76.7147 | val_r2=0.5313
Epoch 06 | train_loss=39.7523 | val_loss=27.6401 | val_rmse=5.2574 | val_mae=2.1344 | val_mape=66.5330 | val_r2=0.5292
Epoch 07 | train_loss=38.2795 | val_loss=26.0585 | val_rmse=5.1048 | val_mae=2.1490 | val_mape=68.7441 | val_r2=0.5561
Epoch 08 | train_loss=37.4163 | val_loss=25.9470 | val_rmse=5.0938 | val_mae=2.2318 | val_mape=71.1792 | val_r2=0.5580
Epoch 09 | train_loss=36.5796 | val_loss=27.5595 | val_rmse=5.2497 | val_mae=2.4093 | val_mape=80.2700 | val_r2=0.5306
Epoch 10 | train_loss=36.1864 | val_loss=25.9777 | val_rmse=5.0968 | val_mae=2.3595 | val_mape=79.3009 | val_r2=0.5575
Training finished.
Restored best model from early stopping.
Best validation loss 25.9470 at epoch 8

search_stage0_0 training completed in 534.36 seconds

Starting training...
Epoch 01 | train_loss=64.9673 | val_loss=39.6171 | val_rmse=6.2942 | val_mae=2.8598 | val_mape=66.3679 | val_r2=0.3252
Epoch 02 | train_loss=54.5297 | val_loss=34.8177 | val_rmse=5.9007 | val_mae=2.6024 | val_mape=67.3117 | val_r2=0.4069
Epoch 03 | train_loss=48.8212 | val_loss=31.2170 | val_rmse=5.5872 | val_mae=2.3501 | val_mape=61.0975 | val_r2=0.4683
Epoch 04 | train_loss=44.3482 | val_loss=28.6634 | val_rmse=5.3538 | val_mae=2.1982 | val_mape=65.2913 | val_r2=0.5118
Epoch 05 | train_loss=41.1206 | val_loss=29.0816 | val_rmse=5.3927 | val_mae=2.4746 | val_mape=76.9317 | val_r2=0.5046
Epoch 06 | train_loss=39.1113 | val_loss=27.1701 | val_rmse=5.2125 | val_mae=2.1823 | val_mape=69.1788 | val_r2=0.5372
Epoch 07 | train_loss=37.8580 | val_loss=28.7056 | val_rmse=5.3578 | val_mae=2.2423 | val_mape=61.9671 | val_r2=0.5110
Epoch 08 | train_loss=36.8724 | val_loss=25.9031 | val_rmse=5.0895 | val_mae=2.2504 | val_mape=72.7921 | val_r2=0.5588
Epoch 09 | train_loss=36.3751 | val_loss=26.4431 | val_rmse=5.1423 | val_mae=2.2695 | val_mape=71.2714 | val_r2=0.5496
Epoch 10 | train_loss=36.0868 | val_loss=25.9872 | val_rmse=5.0978 | val_mae=2.4822 | val_mape=87.7560 | val_r2=0.5573
Training finished.
Restored best model from early stopping.
Best validation loss 25.9031 at epoch 8

search_stage0_1 training completed in 533.87 seconds

Starting training...
Epoch 01 | train_loss=56.5014 | val_loss=32.8080 | val_rmse=5.7278 | val_mae=2.4577 | val_mape=66.8098 | val_r2=0.4412
Epoch 02 | train_loss=45.2529 | val_loss=28.5260 | val_rmse=5.3410 | val_mae=2.2220 | val_mape=66.6325 | val_r2=0.5141
Epoch 03 | train_loss=40.1199 | val_loss=26.1767 | val_rmse=5.1163 | val_mae=2.1714 | val_mape=74.4465 | val_r2=0.5541
Epoch 04 | train_loss=36.7705 | val_loss=27.5579 | val_rmse=5.2496 | val_mae=2.0786 | val_mape=73.3360 | val_r2=0.5306
Epoch 05 | train_loss=34.9897 | val_loss=24.8670 | val_rmse=4.9867 | val_mae=2.0153 | val_mape=71.6336 | val_r2=0.5764
Epoch 06 | train_loss=34.0664 | val_loss=25.5255 | val_rmse=5.0523 | val_mae=2.0747 | val_mape=67.2445 | val_r2=0.5652
Epoch 07 | train_loss=33.7194 | val_loss=25.5163 | val_rmse=5.0514 | val_mae=2.1403 | val_mape=69.3255 | val_r2=0.5654
Epoch 08 | train_loss=33.5806 | val_loss=28.5274 | val_rmse=5.3411 | val_mae=2.3250 | val_mape=80.1353 | val_r2=0.5141
Epoch 09 | train_loss=33.5465 | val_loss=25.0077 | val_rmse=5.0008 | val_mae=2.0786 | val_mape=70.5861 | val_r2=0.5740
Epoch 10 | train_loss=33.1332 | val_loss=25.4303 | val_rmse=5.0428 | val_mae=2.0863 | val_mape=69.6084 | val_r2=0.5668
Training finished.
Restored best model from early stopping.
Best validation loss 24.8670 at epoch 5

search_stage0_2 training completed in 545.98 seconds

Starting training...
Epoch 01 | train_loss=49.9965 | val_loss=25.2027 | val_rmse=5.0202 | val_mae=1.9220 | val_mape=77.0195 | val_r2=0.5707
Epoch 02 | train_loss=34.3311 | val_loss=22.6748 | val_rmse=4.7618 | val_mae=1.9408 | val_mape=70.1791 | val_r2=0.6138
Epoch 03 | train_loss=30.7300 | val_loss=22.3439 | val_rmse=4.7269 | val_mae=1.9698 | val_mape=78.7459 | val_r2=0.6194
Epoch 04 | train_loss=29.6538 | val_loss=22.7605 | val_rmse=4.7708 | val_mae=1.8905 | val_mape=71.1702 | val_r2=0.6123
Epoch 05 | train_loss=29.3141 | val_loss=22.2308 | val_rmse=4.7150 | val_mae=1.9783 | val_mape=76.3422 | val_r2=0.6213
Epoch 06 | train_loss=28.7174 | val_loss=21.8648 | val_rmse=4.6760 | val_mae=1.9751 | val_mape=75.8199 | val_r2=0.6276
Epoch 07 | train_loss=28.4208 | val_loss=21.9502 | val_rmse=4.6851 | val_mae=1.8571 | val_mape=74.9221 | val_r2=0.6261
Epoch 08 | train_loss=28.2072 | val_loss=21.5571 | val_rmse=4.6430 | val_mae=1.9350 | val_mape=73.7717 | val_r2=0.6328
Epoch 09 | train_loss=28.1310 | val_loss=21.7085 | val_rmse=4.6592 | val_mae=1.8446 | val_mape=76.3975 | val_r2=0.6302
Epoch 10 | train_loss=28.0285 | val_loss=21.5555 | val_rmse=4.6428 | val_mae=1.8373 | val_mape=81.9195 | val_r2=0.6328
Training finished.
Restored best model from early stopping.
Best validation loss 21.5555 at epoch 10

search_stage0_3 training completed in 635.73 seconds

Starting training...
Epoch 01 | train_loss=51.0353 | val_loss=28.2107 | val_rmse=5.3114 | val_mae=2.0834 | val_mape=71.9983 | val_r2=0.5195
Epoch 02 | train_loss=38.1597 | val_loss=25.1215 | val_rmse=5.0121 | val_mae=1.9660 | val_mape=76.3225 | val_r2=0.5721
Epoch 03 | train_loss=33.7967 | val_loss=24.1297 | val_rmse=4.9122 | val_mae=1.9607 | val_mape=84.0897 | val_r2=0.5890
Epoch 04 | train_loss=32.8565 | val_loss=25.9239 | val_rmse=5.0916 | val_mae=2.0390 | val_mape=73.5364 | val_r2=0.5584
Epoch 05 | train_loss=32.7923 | val_loss=25.6176 | val_rmse=5.0614 | val_mae=2.1200 | val_mape=67.1772 | val_r2=0.5636
Epoch 06 | train_loss=32.6710 | val_loss=25.7161 | val_rmse=5.0711 | val_mae=2.5133 | val_mape=80.4105 | val_r2=0.5620
Epoch 07 | train_loss=32.8525 | val_loss=23.6167 | val_rmse=4.8597 | val_mae=2.0181 | val_mape=75.6531 | val_r2=0.5977
Epoch 08 | train_loss=32.9552 | val_loss=26.7517 | val_rmse=5.1722 | val_mae=2.7013 | val_mape=96.6933 | val_r2=0.5443
Epoch 09 | train_loss=33.2812 | val_loss=24.3311 | val_rmse=4.9327 | val_mae=2.2530 | val_mape=63.6055 | val_r2=0.5856
Epoch 10 | train_loss=32.6451 | val_loss=25.5824 | val_rmse=5.0579 | val_mae=2.6474 | val_mape=89.2941 | val_r2=0.5642
Training finished.
Restored best model from early stopping.
Best validation loss 23.6167 at epoch 7

search_stage0_4 training completed in 609.71 seconds

Starting training...
Epoch 01 | train_loss=57.8344 | val_loss=30.9320 | val_rmse=5.5617 | val_mae=2.0669 | val_mape=78.3457 | val_r2=0.4731
Epoch 02 | train_loss=41.5818 | val_loss=25.2350 | val_rmse=5.0234 | val_mae=1.9758 | val_mape=77.1550 | val_r2=0.5702
Epoch 03 | train_loss=35.0731 | val_loss=23.6062 | val_rmse=4.8586 | val_mae=2.2662 | val_mape=76.9809 | val_r2=0.5979
Epoch 04 | train_loss=32.1520 | val_loss=24.2587 | val_rmse=4.9253 | val_mae=2.4530 | val_mape=85.7602 | val_r2=0.5868
Epoch 05 | train_loss=31.1977 | val_loss=23.3604 | val_rmse=4.8333 | val_mae=2.0159 | val_mape=66.3094 | val_r2=0.6021
Epoch 06 | train_loss=30.8683 | val_loss=22.9522 | val_rmse=4.7908 | val_mae=1.9641 | val_mape=70.5742 | val_r2=0.6090
Epoch 07 | train_loss=30.5278 | val_loss=23.1601 | val_rmse=4.8125 | val_mae=2.0553 | val_mape=72.0083 | val_r2=0.6055
Epoch 08 | train_loss=30.3925 | val_loss=23.5375 | val_rmse=4.8515 | val_mae=1.9210 | val_mape=78.0008 | val_r2=0.5991
Epoch 09 | train_loss=30.2882 | val_loss=23.0525 | val_rmse=4.8013 | val_mae=1.9408 | val_mape=80.8314 | val_r2=0.6073
Epoch 10 | train_loss=30.3434 | val_loss=22.7342 | val_rmse=4.7680 | val_mae=1.9419 | val_mape=75.6698 | val_r2=0.6128
Training finished.
Restored best model from early stopping.
Best validation loss 22.7342 at epoch 10

search_stage0_5 training completed in 611.78 seconds

Starting training...
Epoch 01 | train_loss=59.3258 | val_loss=34.7615 | val_rmse=5.8959 | val_mae=2.5429 | val_mape=61.2296 | val_r2=0.4079
Epoch 02 | train_loss=48.2148 | val_loss=30.1455 | val_rmse=5.4905 | val_mae=2.2944 | val_mape=65.8438 | val_r2=0.4865
Epoch 03 | train_loss=42.7194 | val_loss=27.0694 | val_rmse=5.2028 | val_mae=2.1481 | val_mape=74.9256 | val_r2=0.5389
Epoch 04 | train_loss=38.8635 | val_loss=26.1597 | val_rmse=5.1147 | val_mae=2.2949 | val_mape=79.1270 | val_r2=0.5544
Epoch 05 | train_loss=36.3631 | val_loss=25.1153 | val_rmse=5.0115 | val_mae=2.1228 | val_mape=73.6469 | val_r2=0.5722
Epoch 06 | train_loss=35.1483 | val_loss=25.9467 | val_rmse=5.0938 | val_mae=2.0614 | val_mape=69.6672 | val_r2=0.5580
Epoch 07 | train_loss=34.2847 | val_loss=25.5569 | val_rmse=5.0554 | val_mae=2.3653 | val_mape=86.2701 | val_r2=0.5647
Epoch 08 | train_loss=33.9325 | val_loss=25.2958 | val_rmse=5.0295 | val_mae=2.1802 | val_mape=77.3100 | val_r2=0.5691
Epoch 09 | train_loss=33.6495 | val_loss=27.0003 | val_rmse=5.1962 | val_mae=2.4894 | val_mape=94.2892 | val_r2=0.5401
Epoch 10 | train_loss=33.7623 | val_loss=25.7060 | val_rmse=5.0701 | val_mae=2.2808 | val_mape=80.6248 | val_r2=0.5621
Training finished.
Restored best model from early stopping.
Best validation loss 25.1153 at epoch 5

search_stage0_6 training completed in 582.33 seconds

Starting training...
Epoch 01 | train_loss=48.0052 | val_loss=25.0933 | val_rmse=5.0093 | val_mae=1.9575 | val_mape=82.2060 | val_r2=0.5726
Epoch 02 | train_loss=35.8331 | val_loss=24.8559 | val_rmse=4.9856 | val_mae=2.1982 | val_mape=95.8779 | val_r2=0.5766
Epoch 03 | train_loss=35.4423 | val_loss=32.7355 | val_rmse=5.7215 | val_mae=3.4068 | val_mape=134.3845 | val_r2=0.4424
Epoch 04 | train_loss=35.2584 | val_loss=24.3967 | val_rmse=4.9393 | val_mae=1.9689 | val_mape=80.8288 | val_r2=0.5844
Epoch 05 | train_loss=34.9529 | val_loss=29.3012 | val_rmse=5.4131 | val_mae=2.1293 | val_mape=75.7186 | val_r2=0.5009
Epoch 06 | train_loss=34.1676 | val_loss=25.1186 | val_rmse=5.0118 | val_mae=1.9653 | val_mape=75.1146 | val_r2=0.5721
Epoch 07 | train_loss=35.0895 | val_loss=28.5828 | val_rmse=5.3463 | val_mae=2.1654 | val_mape=75.5289 | val_r2=0.5131
Epoch 08 | train_loss=35.0198 | val_loss=26.3582 | val_rmse=5.1340 | val_mae=2.3833 | val_mape=101.1357 | val_r2=0.5510
Epoch 09 | train_loss=34.0760 | val_loss=27.5431 | val_rmse=5.2482 | val_mae=2.8179 | val_mape=119.1690 | val_r2=0.5308
Epoch 10 | train_loss=33.7277 | val_loss=24.2762 | val_rmse=4.9271 | val_mae=2.0538 | val_mape=82.0336 | val_r2=0.5865
Training finished.
Restored best model from early stopping.
Best validation loss 24.2762 at epoch 10

search_stage0_7 training completed in 617.07 seconds
Pruned to 3 models

Stage 1: training 3 models for 10 epochs

Starting training...
Epoch 01 | train_loss=27.8261 | val_loss=21.3814 | val_rmse=4.6240 | val_mae=1.9307 | val_mape=74.0388 | val_r2=0.6358
Epoch 02 | train_loss=27.8211 | val_loss=21.8100 | val_rmse=4.6701 | val_mae=1.8784 | val_mape=76.6761 | val_r2=0.6285
Epoch 03 | train_loss=27.8522 | val_loss=21.9609 | val_rmse=4.6862 | val_mae=1.8352 | val_mape=71.9765 | val_r2=0.6259
Epoch 04 | train_loss=27.7177 | val_loss=21.2749 | val_rmse=4.6125 | val_mae=1.8521 | val_mape=73.1571 | val_r2=0.6376
Epoch 05 | train_loss=27.7111 | val_loss=22.7557 | val_rmse=4.7703 | val_mae=1.8701 | val_mape=69.3997 | val_r2=0.6124
Epoch 06 | train_loss=27.5897 | val_loss=21.7013 | val_rmse=4.6585 | val_mae=1.9636 | val_mape=74.7758 | val_r2=0.6304
Epoch 07 | train_loss=27.6086 | val_loss=21.5408 | val_rmse=4.6412 | val_mae=1.8877 | val_mape=78.3355 | val_r2=0.6331
Epoch 08 | train_loss=27.5193 | val_loss=21.5384 | val_rmse=4.6410 | val_mae=1.8345 | val_mape=76.2035 | val_r2=0.6331
Epoch 09 | train_loss=27.5065 | val_loss=22.3736 | val_rmse=4.7301 | val_mae=1.9566 | val_mape=65.6259 | val_r2=0.6189
Epoch 10 | train_loss=27.5532 | val_loss=21.5049 | val_rmse=4.6373 | val_mae=1.8540 | val_mape=76.2810 | val_r2=0.6337
Training finished.
Restored best model from early stopping.
Best validation loss 21.2749 at epoch 4

search_stage1_0 training completed in 637.00 seconds

Starting training...
Epoch 01 | train_loss=30.2868 | val_loss=23.0836 | val_rmse=4.8045 | val_mae=1.9840 | val_mape=74.4578 | val_r2=0.6068
Epoch 02 | train_loss=30.3025 | val_loss=25.7544 | val_rmse=5.0749 | val_mae=2.9068 | val_mape=103.6442 | val_r2=0.5613
Epoch 03 | train_loss=30.1841 | val_loss=22.2540 | val_rmse=4.7174 | val_mae=1.9801 | val_mape=73.8847 | val_r2=0.6209
Epoch 04 | train_loss=29.8376 | val_loss=23.1087 | val_rmse=4.8071 | val_mae=1.9083 | val_mape=79.3890 | val_r2=0.6064
Epoch 05 | train_loss=29.6367 | val_loss=22.4106 | val_rmse=4.7340 | val_mae=2.0225 | val_mape=72.9211 | val_r2=0.6183
Epoch 06 | train_loss=29.5905 | val_loss=23.5725 | val_rmse=4.8551 | val_mae=2.0215 | val_mape=82.6383 | val_r2=0.5985
Epoch 07 | train_loss=29.4715 | val_loss=23.3687 | val_rmse=4.8341 | val_mae=2.3345 | val_mape=81.6805 | val_r2=0.6020
Epoch 08 | train_loss=29.2836 | val_loss=22.3498 | val_rmse=4.7276 | val_mae=2.1820 | val_mape=76.7387 | val_r2=0.6193
Epoch 09 | train_loss=29.1608 | val_loss=22.3076 | val_rmse=4.7231 | val_mae=2.0333 | val_mape=69.7237 | val_r2=0.6200
Epoch 10 | train_loss=28.2799 | val_loss=21.9271 | val_rmse=4.6826 | val_mae=1.9452 | val_mape=69.3573 | val_r2=0.6265
Training finished.
Restored best model from early stopping.
Best validation loss 21.9271 at epoch 10

search_stage1_1 training completed in 602.99 seconds

Starting training...
Epoch 01 | train_loss=32.8857 | val_loss=29.4883 | val_rmse=5.4303 | val_mae=2.3601 | val_mape=56.5405 | val_r2=0.4977
Epoch 02 | train_loss=32.9198 | val_loss=25.7323 | val_rmse=5.0727 | val_mae=1.9821 | val_mape=73.2809 | val_r2=0.5617
Epoch 03 | train_loss=32.6581 | val_loss=27.0188 | val_rmse=5.1980 | val_mae=2.7989 | val_mape=89.0909 | val_r2=0.5398
Epoch 04 | train_loss=31.0456 | val_loss=23.5074 | val_rmse=4.8484 | val_mae=2.1448 | val_mape=65.2220 | val_r2=0.5996
Epoch 05 | train_loss=30.6867 | val_loss=23.8468 | val_rmse=4.8833 | val_mae=2.3743 | val_mape=76.6339 | val_r2=0.5938
Epoch 06 | train_loss=30.6174 | val_loss=24.3374 | val_rmse=4.9333 | val_mae=2.4429 | val_mape=82.8132 | val_r2=0.5855
Epoch 07 | train_loss=30.7197 | val_loss=24.9264 | val_rmse=4.9926 | val_mae=2.6897 | val_mape=88.4318 | val_r2=0.5754
Epoch 08 | train_loss=30.6337 | val_loss=25.5214 | val_rmse=5.0519 | val_mae=2.5502 | val_mape=87.5193 | val_r2=0.5653
Epoch 09 | train_loss=30.6239 | val_loss=26.5195 | val_rmse=5.1497 | val_mae=2.8679 | val_mape=106.4693 | val_r2=0.5483
Epoch 10 | train_loss=30.4675 | val_loss=22.9922 | val_rmse=4.7950 | val_mae=2.1875 | val_mape=72.2425 | val_r2=0.6084
Training finished.
Restored best model from early stopping.
Best validation loss 22.9922 at epoch 10

search_stage1_2 training completed in 605.10 seconds
Pruned to 2 models

Stage 2: training 2 models for 20 epochs

Starting training...
Epoch 01 | train_loss=27.2769 | val_loss=21.5442 | val_rmse=4.6416 | val_mae=1.8487 | val_mape=78.9190 | val_r2=0.6330
Epoch 02 | train_loss=27.2201 | val_loss=21.5253 | val_rmse=4.6395 | val_mae=1.8874 | val_mape=67.0678 | val_r2=0.6334
Epoch 03 | train_loss=27.1442 | val_loss=21.2679 | val_rmse=4.6117 | val_mae=1.8155 | val_mape=75.9463 | val_r2=0.6377
Epoch 04 | train_loss=27.1288 | val_loss=21.0830 | val_rmse=4.5916 | val_mae=1.8864 | val_mape=73.0063 | val_r2=0.6409
Epoch 05 | train_loss=27.0725 | val_loss=21.1538 | val_rmse=4.5993 | val_mae=1.8888 | val_mape=75.4906 | val_r2=0.6397
Epoch 06 | train_loss=27.0776 | val_loss=21.0621 | val_rmse=4.5893 | val_mae=1.8669 | val_mape=73.5618 | val_r2=0.6412
Epoch 07 | train_loss=27.0323 | val_loss=21.6204 | val_rmse=4.6498 | val_mae=1.8371 | val_mape=78.9297 | val_r2=0.6317
Epoch 08 | train_loss=26.9793 | val_loss=21.1188 | val_rmse=4.5955 | val_mae=1.8596 | val_mape=75.1422 | val_r2=0.6403
Epoch 09 | train_loss=26.9901 | val_loss=21.0494 | val_rmse=4.5880 | val_mae=1.8715 | val_mape=72.9674 | val_r2=0.6415
Epoch 10 | train_loss=26.9830 | val_loss=22.1648 | val_rmse=4.7080 | val_mae=1.8662 | val_mape=67.8865 | val_r2=0.6225
Epoch 11 | train_loss=26.9151 | val_loss=21.4356 | val_rmse=4.6299 | val_mae=1.8539 | val_mape=69.2968 | val_r2=0.6349
Epoch 12 | train_loss=26.8873 | val_loss=21.2011 | val_rmse=4.6045 | val_mae=1.8589 | val_mape=71.7263 | val_r2=0.6389
Epoch 13 | train_loss=26.8673 | val_loss=21.1091 | val_rmse=4.5945 | val_mae=1.9678 | val_mape=72.5842 | val_r2=0.6404
Epoch 14 | train_loss=26.8484 | val_loss=21.1462 | val_rmse=4.5985 | val_mae=1.9127 | val_mape=67.0641 | val_r2=0.6398
Epoch 15 | train_loss=26.8207 | val_loss=20.9504 | val_rmse=4.5772 | val_mae=1.8580 | val_mape=73.4846 | val_r2=0.6431
Epoch 16 | train_loss=26.8214 | val_loss=21.2733 | val_rmse=4.6123 | val_mae=1.8722 | val_mape=76.1214 | val_r2=0.6376
Epoch 17 | train_loss=26.7813 | val_loss=21.1255 | val_rmse=4.5962 | val_mae=1.9586 | val_mape=69.2218 | val_r2=0.6402
Epoch 18 | train_loss=26.7728 | val_loss=21.0491 | val_rmse=4.5879 | val_mae=1.8650 | val_mape=76.6705 | val_r2=0.6415
Epoch 19 | train_loss=26.7544 | val_loss=21.0482 | val_rmse=4.5878 | val_mae=1.9022 | val_mape=66.6717 | val_r2=0.6415
Epoch 20 | train_loss=26.7155 | val_loss=20.9739 | val_rmse=4.5797 | val_mae=1.8609 | val_mape=71.0965 | val_r2=0.6427
Training finished.
Restored best model from early stopping.
Best validation loss 20.9504 at epoch 15

search_stage2_0 training completed in 1273.00 seconds

Starting training...
Epoch 01 | train_loss=28.1632 | val_loss=26.7824 | val_rmse=5.1752 | val_mae=3.0041 | val_mape=116.7747 | val_r2=0.5438
Epoch 02 | train_loss=28.0924 | val_loss=21.9610 | val_rmse=4.6863 | val_mae=1.9358 | val_mape=72.5860 | val_r2=0.6259
Epoch 03 | train_loss=28.0797 | val_loss=21.9073 | val_rmse=4.6805 | val_mae=1.9719 | val_mape=73.5680 | val_r2=0.6268
Epoch 04 | train_loss=28.0570 | val_loss=21.5999 | val_rmse=4.6476 | val_mae=1.9325 | val_mape=70.5765 | val_r2=0.6321
Epoch 05 | train_loss=28.0050 | val_loss=22.0293 | val_rmse=4.6935 | val_mae=2.0785 | val_mape=73.9896 | val_r2=0.6248
Epoch 06 | train_loss=27.9286 | val_loss=22.3925 | val_rmse=4.7321 | val_mae=2.2338 | val_mape=79.6465 | val_r2=0.6186
Epoch 07 | train_loss=27.8633 | val_loss=21.7927 | val_rmse=4.6683 | val_mae=1.9871 | val_mape=68.1096 | val_r2=0.6288
Epoch 08 | train_loss=27.8597 | val_loss=21.8285 | val_rmse=4.6721 | val_mae=2.0036 | val_mape=71.0145 | val_r2=0.6282
Epoch 09 | train_loss=27.7820 | val_loss=21.7442 | val_rmse=4.6631 | val_mae=2.0949 | val_mape=71.2717 | val_r2=0.6296
Epoch 10 | train_loss=27.7094 | val_loss=21.6523 | val_rmse=4.6532 | val_mae=1.9335 | val_mape=69.3985 | val_r2=0.6312
Epoch 11 | train_loss=27.3448 | val_loss=21.5798 | val_rmse=4.6454 | val_mae=2.0522 | val_mape=70.0186 | val_r2=0.6324
Epoch 12 | train_loss=27.3153 | val_loss=21.4880 | val_rmse=4.6355 | val_mae=1.9982 | val_mape=71.0560 | val_r2=0.6340
Epoch 13 | train_loss=27.3065 | val_loss=21.8513 | val_rmse=4.6745 | val_mae=2.0627 | val_mape=71.8375 | val_r2=0.6278
Epoch 14 | train_loss=27.2668 | val_loss=21.7070 | val_rmse=4.6591 | val_mae=2.1060 | val_mape=73.7244 | val_r2=0.6303
Epoch 15 | train_loss=27.2256 | val_loss=21.5143 | val_rmse=4.6384 | val_mae=1.9810 | val_mape=73.1582 | val_r2=0.6335
Epoch 16 | train_loss=27.2332 | val_loss=21.6615 | val_rmse=4.6542 | val_mae=2.0939 | val_mape=73.5386 | val_r2=0.6310
Epoch 17 | train_loss=27.2239 | val_loss=21.5532 | val_rmse=4.6425 | val_mae=2.0735 | val_mape=70.0084 | val_r2=0.6329
Epoch 18 | train_loss=27.1819 | val_loss=21.3864 | val_rmse=4.6245 | val_mae=1.9857 | val_mape=69.5563 | val_r2=0.6357
Epoch 19 | train_loss=27.1832 | val_loss=22.0445 | val_rmse=4.6952 | val_mae=2.1858 | val_mape=78.3646 | val_r2=0.6245
Epoch 20 | train_loss=27.1307 | val_loss=23.4265 | val_rmse=4.8401 | val_mae=2.5366 | val_mape=91.8269 | val_r2=0.6010
Training finished.
Restored best model from early stopping.
Best validation loss 21.3864 at epoch 18

search_stage2_1 training completed in 1217.46 seconds
Pruned to 1 models

Hyperparameter search summary saved to: /workspace/comp0197-experiments/runs/baseline_ablation_sales_yen_hierarchy_embedded_seq2seq_search/models/hierarchical_gru_det/hierarchical_gru_det_search.json
Best hierarchical_gru_det configuration:
{'split_protocol': 'yen_v1', 'weight_protocol': 'yen_v1', 'data_dir': './data', 'sampling': 'all', 'top_k_series': 30490, 'feature_set': 'sales_yen_hierarchy', 'seq_len': 28, 'horizon': 28, 'autoregressive': False, 'use_normalise': False, 'epochs': 60, 'early_stopping_patience': 8, 'early_stopping_min_delta': 0.0005, 'batch_size': 2048, 'num_workers': 8, 'seed': 42, 'optimiser': 'adamw', 'optimiser_params': {'lr': 0.0005045249494155093, 'weight_decay': 0.0002339175129335525}, 'scheduler': 'plateau', 'scheduler_params': {'patience': 5, 'factor': 0.5}, 'clip_grad_norm': 0.9743278433240687, 'hidden': 256, 'layers': 2, 'dropout': 0.0705658475838806, 'embed_dim': 6, 'n_features': 14, 'vocab_sizes': {'state_id_int': 3, 'store_id_int': 10, 'cat_id_int': 3, 'dept_id_int': 7}, 'feature_index': {'sales': 0, 'sell_price': 1, 'is_available': 2, 'wday': 3, 'month': 4, 'year': 5, 'snap_CA': 6, 'snap_TX': 7, 'snap_WI': 8, 'has_event': 9, 'state_id_int': 10, 'store_id_int': 11, 'cat_id_int': 12, 'dept_id_int': 13}}
[config] Best config written → /workspace/comp0197-experiments/runs/baseline_ablation_sales_yen_hierarchy_embedded_seq2seq_search/configs/models/hierarchical_gru_det.yml

  Best config for hierarchical_gru_det:
    split_protocol: yen_v1
    weight_protocol: yen_v1
    data_dir: ./data
    sampling: all
    top_k_series: 30490
    feature_set: sales_yen_hierarchy
    seq_len: 28
    horizon: 28
    autoregressive: False
    use_normalise: False
    epochs: 60
    early_stopping_patience: 8
    early_stopping_min_delta: 0.0005
    batch_size: 2048
    num_workers: 8
    seed: 42
    optimiser: adamw
    optimiser_params.lr: 0.0005045249494155093
    optimiser_params.weight_decay: 0.0002339175129335525
    scheduler: plateau
    scheduler_params.patience: 5
    scheduler_params.factor: 0.5
    clip_grad_norm: 0.9743278433240687
    hidden: 256
    layers: 2
    dropout: 0.0705658475838806
    embed_dim: 6
    n_features: 14
    vocab_sizes.state_id_int: 3
    vocab_sizes.store_id_int: 10
    vocab_sizes.cat_id_int: 3
    vocab_sizes.dept_id_int: 7
    feature_index.sales: 0
    feature_index.sell_price: 1
    feature_index.is_available: 2
    feature_index.wday: 3
    feature_index.month: 4
    feature_index.year: 5
    feature_index.snap_CA: 6
    feature_index.snap_TX: 7
    feature_index.snap_WI: 8
    feature_index.has_event: 9
    feature_index.state_id_int: 10
    feature_index.store_id_int: 11
    feature_index.cat_id_int: 12
    feature_index.dept_id_int: 13

[models] Search detour complete for hierarchical_gru_det
Random seed set to 42
Downloaded M5 data.
Train: d_1-d_1773 | Val: d_1774-d_1885 | Test: d_1886-d_1941
Cached to ./data/raw_split.pkl
[data] After hierarchy encoding : (59181090, 28)
[data] train: 52,381,820 windows  (autoregressive=False)
[data] val: 2,591,650 windows  (autoregressive=False)
[data] test: 884,210 windows  (autoregressive=False)
[preprocess] hierarchical_gru_det — 52,381,820 train / 2,591,650 val / 884,210 test windows
Random seed set to 42

Starting training...
/workspace/comp0197-experiments/utils/common/training.py:66: FutureWarning: `torch.cuda.amp.GradScaler(args...)` is deprecated. Please use `torch.amp.GradScaler('cuda', args...)` instead.
  scaler = torch.cuda.amp.GradScaler() if use_amp else None
Epoch 01 | train_loss=7.4691 | val_loss=6.4617 | val_rmse=2.5420 | val_mae=1.0228 | val_mape=69.2674 | val_r2=0.4846
Epoch 02 | train_loss=6.6482 | val_loss=5.6042 | val_rmse=2.3673 | val_mae=1.1721 | val_mape=53.8541 | val_r2=0.5530
Epoch 03 | train_loss=6.5952 | val_loss=5.8370 | val_rmse=2.4160 | val_mae=1.0214 | val_mape=64.1474 | val_r2=0.5344
Epoch 04 | train_loss=6.5412 | val_loss=6.4996 | val_rmse=2.5494 | val_mae=1.6044 | val_mape=68.1730 | val_r2=0.4816
Epoch 05 | train_loss=6.4498 | val_loss=6.0701 | val_rmse=2.4637 | val_mae=1.0056 | val_mape=70.0345 | val_r2=0.5158
Epoch 06 | train_loss=6.4658 | val_loss=5.6432 | val_rmse=2.3755 | val_mae=1.1951 | val_mape=54.5818 | val_r2=0.5499
Epoch 07 | train_loss=6.3875 | val_loss=5.9637 | val_rmse=2.4421 | val_mae=1.0073 | val_mape=70.7731 | val_r2=0.5243
Epoch 08 | train_loss=6.3374 | val_loss=5.9214 | val_rmse=2.4334 | val_mae=1.0043 | val_mape=67.4366 | val_r2=0.5277
Epoch 09 | train_loss=6.1072 | val_loss=5.5492 | val_rmse=2.3557 | val_mae=1.0151 | val_mape=60.2652 | val_r2=0.5574
Epoch 10 | train_loss=6.1338 | val_loss=5.6434 | val_rmse=2.3756 | val_mae=0.9908 | val_mape=64.1054 | val_r2=0.5499
Epoch 11 | train_loss=6.1252 | val_loss=5.5943 | val_rmse=2.3652 | val_mae=1.2041 | val_mape=51.6075 | val_r2=0.5538
Epoch 12 | train_loss=6.1171 | val_loss=6.0341 | val_rmse=2.4564 | val_mae=1.0658 | val_mape=79.4793 | val_r2=0.5187
Epoch 13 | train_loss=6.1172 | val_loss=5.6025 | val_rmse=2.3670 | val_mae=1.0260 | val_mape=60.6616 | val_r2=0.5531
Epoch 14 | train_loss=6.0892 | val_loss=5.4340 | val_rmse=2.3311 | val_mae=1.1264 | val_mape=54.7590 | val_r2=0.5666
Epoch 15 | train_loss=6.0904 | val_loss=5.4794 | val_rmse=2.3408 | val_mae=1.0689 | val_mape=57.3730 | val_r2=0.5629
Epoch 16 | train_loss=6.0596 | val_loss=5.7029 | val_rmse=2.3881 | val_mae=1.0377 | val_mape=68.3968 | val_r2=0.5451
Epoch 17 | train_loss=6.0546 | val_loss=5.5216 | val_rmse=2.3498 | val_mae=1.1546 | val_mape=53.3962 | val_r2=0.5596
Epoch 18 | train_loss=6.0601 | val_loss=5.4241 | val_rmse=2.3290 | val_mae=1.0952 | val_mape=54.6620 | val_r2=0.5674
Epoch 19 | train_loss=6.0496 | val_loss=5.4545 | val_rmse=2.3355 | val_mae=1.0680 | val_mape=59.3978 | val_r2=0.5649
Epoch 20 | train_loss=6.0513 | val_loss=5.4725 | val_rmse=2.3393 | val_mae=1.0363 | val_mape=58.9244 | val_r2=0.5635
Epoch 21 | train_loss=6.0460 | val_loss=5.5519 | val_rmse=2.3562 | val_mae=1.0089 | val_mape=63.3387 | val_r2=0.5572
Epoch 22 | train_loss=6.0682 | val_loss=5.4052 | val_rmse=2.3249 | val_mae=1.0865 | val_mape=56.5738 | val_r2=0.5689
Epoch 23 | train_loss=6.0555 | val_loss=5.8364 | val_rmse=2.4159 | val_mae=1.3572 | val_mape=61.2784 | val_r2=0.5345
Epoch 24 | train_loss=6.0474 | val_loss=5.4027 | val_rmse=2.3244 | val_mae=1.1039 | val_mape=55.3115 | val_r2=0.5691
Epoch 25 | train_loss=6.0456 | val_loss=5.3960 | val_rmse=2.3229 | val_mae=1.0354 | val_mape=59.2434 | val_r2=0.5696
Epoch 26 | train_loss=6.0375 | val_loss=5.6279 | val_rmse=2.3723 | val_mae=0.9949 | val_mape=64.6684 | val_r2=0.5511
Epoch 27 | train_loss=6.0361 | val_loss=5.6460 | val_rmse=2.3761 | val_mae=0.9925 | val_mape=65.6225 | val_r2=0.5496
Epoch 28 | train_loss=6.0270 | val_loss=5.5221 | val_rmse=2.3499 | val_mae=0.9924 | val_mape=62.7690 | val_r2=0.5595
Epoch 29 | train_loss=6.0221 | val_loss=5.4643 | val_rmse=2.3376 | val_mae=1.0585 | val_mape=56.6982 | val_r2=0.5641
Epoch 30 | train_loss=6.0146 | val_loss=5.3891 | val_rmse=2.3214 | val_mae=1.0538 | val_mape=55.9265 | val_r2=0.5701
Epoch 31 | train_loss=6.0341 | val_loss=5.5694 | val_rmse=2.3600 | val_mae=1.2223 | val_mape=58.4220 | val_r2=0.5558
Epoch 32 | train_loss=6.0349 | val_loss=5.5227 | val_rmse=2.3500 | val_mae=1.0047 | val_mape=61.2579 | val_r2=0.5595
Epoch 33 | train_loss=6.0611 | val_loss=5.6509 | val_rmse=2.3772 | val_mae=0.9900 | val_mape=63.4413 | val_r2=0.5493
Epoch 34 | train_loss=6.0614 | val_loss=5.5813 | val_rmse=2.3625 | val_mae=0.9980 | val_mape=62.3298 | val_r2=0.5548
Epoch 35 | train_loss=6.0324 | val_loss=5.5557 | val_rmse=2.3570 | val_mae=1.1671 | val_mape=56.6004 | val_r2=0.5569
Epoch 36 | train_loss=6.0175 | val_loss=5.9232 | val_rmse=2.4338 | val_mae=0.9932 | val_mape=71.9357 | val_r2=0.5275
Epoch 37 | train_loss=5.8916 | val_loss=5.4345 | val_rmse=2.3312 | val_mae=1.0215 | val_mape=58.1282 | val_r2=0.5665
Early stopping triggered at epoch 38
Training finished.
Restored best model from early stopping.
Best validation loss 5.3891 at epoch 30
Model saved to: /workspace/comp0197-experiments/runs/baseline_ablation_sales_yen_hierarchy_embedded_seq2seq_search/models/hierarchical_gru_det/hierarchical_gru_det_model.pt
History saved to: /workspace/comp0197-experiments/runs/baseline_ablation_sales_yen_hierarchy_embedded_seq2seq_search/models/hierarchical_gru_det/hierarchical_gru_det_train_history.json

hierarchical_gru_det training completed in 19973.65 seconds

hierarchical_gru_det model:
HierarchicalGRU(
  (embedder): _HierarchyEmbedder(
    (state_emb): Embedding(3, 6)
    (store_emb): Embedding(10, 6)
    (cat_emb): Embedding(3, 6)
    (dept_emb): Embedding(7, 6)
  )
  (gru): GRU(34, 256, num_layers=2, batch_first=True, dropout=0.0705658475838806)
  (fc): Linear(in_features=256, out_features=28, bias=True)
)

hierarchical_gru_det final epoch metrics:
{'epoch': 38, 'train_loss': 5.889825820922852, 'validation_loss': 5.516023688239714, 'validation_accuracy': None, 'val_rmse': 2.3486216068267822, 'val_mae': 1.1852713823318481, 'val_mape': 54.94232177734375, 'val_r2': 0.5600146055221558}

  [DONE] hierarchical_gru_det — artefacts in /workspace/comp0197-experiments/runs/baseline_ablation_sales_yen_hierarchy_embedded_seq2seq_search/models/hierarchical_gru_det

  [DONE] hierarchical_gru_det

============================================================
  TRAINING: hierarchical_gru_prob
============================================================
[config] Run directory: /workspace/comp0197-experiments/runs/baseline_ablation_sales_yen_hierarchy_embedded_seq2seq_search

[search] Loading data once for all models...
[search] Sampling  : stratified | top_k=1500 | feature_set=sales_yen_hierarchy
Random seed set to 42
[data] Found local sales
[data] Found local calendar
[data] Found local prices
[data] Sales    : (30490, 1947)
[data] Calendar : (1969, 14)
[data] Prices   : (6841121, 4)
[data] Original items: 30490 | Stratified 1500+1500+1500 = 4500 series
[data] Trimmed shape : (4500, 1947)
[data] After melt  : (8734500, 8)
[data] After calendar merge : (8734500, 20)
[data] After price merge    : (8734500, 21)
[data] After hierarchy encoding : (8734500, 27)
[data] Yen-style pipeline (sales_yen_hierarchy): (8734500, 27)
[data] Protocol: yen_v1 — val=112 days, test=56 days
[data] Train : 2011-01-29 -> 2015-12-06  (7,978,500 rows)
[data] Val   : 2015-12-07 -> 2016-03-27  (504,000 rows)
[data] Test  : 2016-03-28 -> 2016-05-22  (252,000 rows)
[data] No normalisation — using raw sales counts
[data] train: 7,731,000 windows  (autoregressive=False)
[data] val: 382,500 windows  (autoregressive=False)
[data] test: 130,500 windows  (autoregressive=False)

[data] Feature set  : sales_yen_hierarchy  (14 features)
[data] Input shape  : (seq_len=28, n_features=14)
[data] Autoregressive: False
[data] Train batches: 3775
[data] Val batches  : 187
[data] Test batches : 64
[DEBUG] Train windows: 7,731,000
[DEBUG] Val windows  : 382,500
[DEBUG] Test windows : 130,500
[data] Vocab sizes  : {'state_id_int': 3, 'store_id_int': 10, 'cat_id_int': 3, 'dept_id_int': 7}
Random seed set to 42
[data] Found local sales
[data] Found local calendar
[data] Found local prices
[data] Sales    : (30490, 1947)
[data] Calendar : (1969, 14)
[data] Prices   : (6841121, 4)
[data] Original items: 30490 | Stratified 1500+1500+1500 = 4500 series
[data] Trimmed shape : (4500, 1947)
[data] After melt  : (8734500, 8)
[data] After calendar merge : (8734500, 20)
[data] After price merge    : (8734500, 21)
[data] After hierarchy encoding : (8734500, 27)
[data] Yen-style pipeline (sales_yen_hierarchy): (8734500, 27)
[data] Protocol: yen_v1 — val=112 days, test=56 days
[data] Train : 2011-01-29 -> 2015-12-06  (7,978,500 rows)
[data] Val   : 2015-12-07 -> 2016-03-27  (504,000 rows)
[data] Test  : 2016-03-28 -> 2016-05-22  (252,000 rows)
[data] No normalisation — using raw sales counts
[data] Revenue weights computed (4500 series, protocol=yen_v1)
[data] train: 7,731,000 windows  (autoregressive=False)
[data] val: 382,500 windows  (autoregressive=False)
[data] test: 130,500 windows  (autoregressive=False)

[data] Feature set  : sales_yen_hierarchy  (14 features)
[data] Input shape  : (seq_len=28, n_features=14)
[data] Autoregressive: False
[data] Train batches: 3775
[data] Val batches  : 187
[data] Test batches : 64
[DEBUG] Train windows: 7,731,000
[DEBUG] Val windows  : 382,500
[DEBUG] Test windows : 130,500
[data] Vocab sizes  : {'state_id_int': 3, 'store_id_int': 10, 'cat_id_int': 3, 'dept_id_int': 7}

============================================================
  SEARCH: hierarchical_gru_prob
============================================================

Starting hierarchical_gru_prob hyperparameter search

Stage 0: training 8 models for 10 epochs

Starting training...
Epoch 01 | train_loss=3.9896 | val_loss=3.2807 | val_rmse=6.0389 | val_mae=2.6586 | val_mape=66.5606 | val_r2=0.3788
Epoch 02 | train_loss=3.5422 | val_loss=3.1721 | val_rmse=5.5710 | val_mae=2.3944 | val_mape=66.7933 | val_r2=0.4713
Epoch 03 | train_loss=3.4149 | val_loss=3.0940 | val_rmse=5.2089 | val_mae=2.1870 | val_mape=72.8478 | val_r2=0.5378
Epoch 04 | train_loss=3.3268 | val_loss=3.0562 | val_rmse=5.0240 | val_mae=2.0932 | val_mape=71.1173 | val_r2=0.5701
Epoch 05 | train_loss=3.2713 | val_loss=3.0363 | val_rmse=4.9242 | val_mae=2.0857 | val_mape=75.6177 | val_r2=0.5870
Epoch 06 | train_loss=3.2408 | val_loss=3.0444 | val_rmse=4.9651 | val_mae=1.9891 | val_mape=69.4141 | val_r2=0.5801
Epoch 07 | train_loss=3.2242 | val_loss=3.0528 | val_rmse=5.0074 | val_mae=2.1718 | val_mape=76.5709 | val_r2=0.5729
Epoch 08 | train_loss=3.2136 | val_loss=3.0352 | val_rmse=4.9186 | val_mae=2.0520 | val_mape=70.6103 | val_r2=0.5879
Epoch 09 | train_loss=3.2071 | val_loss=3.0537 | val_rmse=5.0118 | val_mae=2.4618 | val_mape=93.6950 | val_r2=0.5722
Epoch 10 | train_loss=3.2015 | val_loss=3.0378 | val_rmse=4.9318 | val_mae=2.0069 | val_mape=65.9330 | val_r2=0.5857
Training finished.
Restored best model from early stopping.
Best validation loss 3.0352 at epoch 8

search_stage0_0 training completed in 647.72 seconds

Starting training...
Epoch 01 | train_loss=3.9382 | val_loss=3.1567 | val_rmse=6.2517 | val_mae=2.6633 | val_mape=75.9363 | val_r2=0.3343
Epoch 02 | train_loss=3.3550 | val_loss=2.9917 | val_rmse=5.7862 | val_mae=2.5015 | val_mape=76.3671 | val_r2=0.4297
Epoch 03 | train_loss=3.1904 | val_loss=2.9571 | val_rmse=5.3738 | val_mae=2.1690 | val_mape=79.9737 | val_r2=0.5081
Epoch 04 | train_loss=3.0214 | val_loss=2.8294 | val_rmse=5.2157 | val_mae=2.1644 | val_mape=80.6085 | val_r2=0.5366
Epoch 05 | train_loss=2.9396 | val_loss=2.7570 | val_rmse=5.1320 | val_mae=2.1674 | val_mape=72.7188 | val_r2=0.5514
Epoch 06 | train_loss=2.8957 | val_loss=2.7202 | val_rmse=5.0570 | val_mae=2.1942 | val_mape=80.2614 | val_r2=0.5644
Epoch 07 | train_loss=2.8383 | val_loss=2.7399 | val_rmse=5.0364 | val_mae=2.1774 | val_mape=68.9616 | val_r2=0.5679
Epoch 08 | train_loss=2.8124 | val_loss=2.7149 | val_rmse=5.0475 | val_mae=2.0572 | val_mape=71.6852 | val_r2=0.5660
Epoch 09 | train_loss=2.7906 | val_loss=2.6900 | val_rmse=4.9414 | val_mae=2.0751 | val_mape=75.9774 | val_r2=0.5841
Epoch 10 | train_loss=2.7816 | val_loss=2.7073 | val_rmse=4.9832 | val_mae=2.0298 | val_mape=73.0123 | val_r2=0.5770
Training finished.
Restored best model from early stopping.
Best validation loss 2.6900 at epoch 9

search_stage0_1 training completed in 694.80 seconds

Starting training...
Epoch 01 | train_loss=4.1225 | val_loss=3.1827 | val_rmse=5.8091 | val_mae=2.4536 | val_mape=65.7482 | val_r2=0.4252
Epoch 02 | train_loss=3.3122 | val_loss=2.9183 | val_rmse=5.5858 | val_mae=2.2119 | val_mape=84.2355 | val_r2=0.4685
Epoch 03 | train_loss=2.9887 | val_loss=2.6744 | val_rmse=5.4258 | val_mae=2.3113 | val_mape=83.6316 | val_r2=0.4985
Epoch 04 | train_loss=2.7770 | val_loss=2.5716 | val_rmse=5.2131 | val_mae=2.1105 | val_mape=81.4597 | val_r2=0.5371
Epoch 05 | train_loss=2.5688 | val_loss=2.4462 | val_rmse=5.0765 | val_mae=2.0662 | val_mape=78.4294 | val_r2=0.5610
Epoch 06 | train_loss=2.4546 | val_loss=2.4101 | val_rmse=5.0378 | val_mae=2.0519 | val_mape=76.5014 | val_r2=0.5677
Epoch 07 | train_loss=2.3888 | val_loss=2.4598 | val_rmse=5.1632 | val_mae=2.0242 | val_mape=74.7233 | val_r2=0.5459
Epoch 08 | train_loss=2.3446 | val_loss=2.3082 | val_rmse=4.9541 | val_mae=2.0155 | val_mape=73.8125 | val_r2=0.5820
Epoch 09 | train_loss=2.2839 | val_loss=2.2268 | val_rmse=4.9171 | val_mae=2.0301 | val_mape=74.4173 | val_r2=0.5882
Epoch 10 | train_loss=2.2628 | val_loss=2.2850 | val_rmse=4.9093 | val_mae=2.0360 | val_mape=77.9548 | val_r2=0.5895
Training finished.
Restored best model from early stopping.
Best validation loss 2.2268 at epoch 9

search_stage0_2 training completed in 658.39 seconds

Starting training...
Epoch 01 | train_loss=3.2207 | val_loss=2.5602 | val_rmse=5.7844 | val_mae=2.2169 | val_mape=73.5574 | val_r2=0.4301
Epoch 02 | train_loss=2.5806 | val_loss=2.3684 | val_rmse=5.4155 | val_mae=2.2005 | val_mape=81.8690 | val_r2=0.5004
Epoch 03 | train_loss=2.4103 | val_loss=2.4749 | val_rmse=5.3246 | val_mae=2.1350 | val_mape=76.0476 | val_r2=0.5171
Epoch 04 | train_loss=2.3087 | val_loss=2.3769 | val_rmse=5.5575 | val_mae=2.2160 | val_mape=70.8728 | val_r2=0.4739
Epoch 05 | train_loss=2.2751 | val_loss=2.2984 | val_rmse=5.4477 | val_mae=2.1594 | val_mape=72.6422 | val_r2=0.4945
Epoch 06 | train_loss=2.3046 | val_loss=2.3233 | val_rmse=5.4938 | val_mae=2.3490 | val_mape=76.2736 | val_r2=0.4859
Epoch 07 | train_loss=2.2520 | val_loss=2.2936 | val_rmse=5.3357 | val_mae=2.4627 | val_mape=95.6908 | val_r2=0.5151
Epoch 08 | train_loss=2.2829 | val_loss=2.2955 | val_rmse=5.4207 | val_mae=2.1550 | val_mape=68.8276 | val_r2=0.4995
Epoch 09 | train_loss=2.2363 | val_loss=2.6180 | val_rmse=5.3732 | val_mae=2.1135 | val_mape=70.3854 | val_r2=0.5082
Epoch 10 | train_loss=2.2456 | val_loss=2.1916 | val_rmse=5.2077 | val_mae=2.1438 | val_mape=74.6371 | val_r2=0.5381
Training finished.
Restored best model from early stopping.
Best validation loss 2.1916 at epoch 10

search_stage0_3 training completed in 879.36 seconds

Starting training...
Epoch 01 | train_loss=4.0581 | val_loss=3.2831 | val_rmse=6.1724 | val_mae=2.5403 | val_mape=66.6371 | val_r2=0.3510
Epoch 02 | train_loss=3.4611 | val_loss=3.1462 | val_rmse=5.6084 | val_mae=2.2324 | val_mape=74.4491 | val_r2=0.4642
Epoch 03 | train_loss=3.2869 | val_loss=2.9986 | val_rmse=5.3279 | val_mae=2.4671 | val_mape=82.2102 | val_r2=0.5165
Epoch 04 | train_loss=3.1063 | val_loss=2.8336 | val_rmse=5.1243 | val_mae=2.2580 | val_mape=79.3731 | val_r2=0.5527
Epoch 05 | train_loss=2.9811 | val_loss=2.8366 | val_rmse=5.0232 | val_mae=2.2010 | val_mape=69.2152 | val_r2=0.5702
Epoch 06 | train_loss=2.9435 | val_loss=2.8233 | val_rmse=4.9785 | val_mae=2.0602 | val_mape=71.5114 | val_r2=0.5778
Epoch 07 | train_loss=2.9115 | val_loss=2.8272 | val_rmse=5.0341 | val_mae=2.2111 | val_mape=82.6758 | val_r2=0.5683
Epoch 08 | train_loss=2.8881 | val_loss=2.8129 | val_rmse=4.9636 | val_mae=2.0569 | val_mape=72.5491 | val_r2=0.5803
Epoch 09 | train_loss=2.8662 | val_loss=2.7901 | val_rmse=4.8834 | val_mae=2.0721 | val_mape=77.8432 | val_r2=0.5938
Epoch 10 | train_loss=2.8506 | val_loss=2.7843 | val_rmse=4.8791 | val_mae=1.9995 | val_mape=73.9023 | val_r2=0.5945
Training finished.
Restored best model from early stopping.
Best validation loss 2.7843 at epoch 10

search_stage0_4 training completed in 650.82 seconds

Starting training...
Epoch 01 | train_loss=4.2345 | val_loss=3.1682 | val_rmse=6.4712 | val_mae=2.7037 | val_mape=73.7376 | val_r2=0.2867
Epoch 02 | train_loss=3.2778 | val_loss=2.8698 | val_rmse=6.0964 | val_mae=2.5547 | val_mape=80.5267 | val_r2=0.3669
Epoch 03 | train_loss=2.9903 | val_loss=2.6549 | val_rmse=5.8160 | val_mae=2.4429 | val_mape=89.9609 | val_r2=0.4238
Epoch 04 | train_loss=2.7807 | val_loss=2.5409 | val_rmse=5.5891 | val_mae=2.4258 | val_mape=93.3652 | val_r2=0.4679
Epoch 05 | train_loss=2.6006 | val_loss=2.4239 | val_rmse=5.3411 | val_mae=2.3051 | val_mape=88.5620 | val_r2=0.5141
Epoch 06 | train_loss=2.4905 | val_loss=2.3668 | val_rmse=5.2020 | val_mae=2.1090 | val_mape=78.7607 | val_r2=0.5391
Epoch 07 | train_loss=2.4183 | val_loss=2.4123 | val_rmse=5.0943 | val_mae=2.0647 | val_mape=74.9189 | val_r2=0.5579
Epoch 08 | train_loss=2.3788 | val_loss=2.3580 | val_rmse=4.9990 | val_mae=2.0375 | val_mape=78.6853 | val_r2=0.5743
Epoch 09 | train_loss=2.3458 | val_loss=2.3453 | val_rmse=4.8952 | val_mae=2.0029 | val_mape=77.1417 | val_r2=0.5918
Epoch 10 | train_loss=2.3182 | val_loss=2.3444 | val_rmse=4.8762 | val_mae=2.0543 | val_mape=74.4251 | val_r2=0.5950
Training finished.
Restored best model from early stopping.
Best validation loss 2.3444 at epoch 10

search_stage0_5 training completed in 647.49 seconds

Starting training...
Epoch 01 | train_loss=3.5652 | val_loss=2.7730 | val_rmse=6.3408 | val_mae=2.9836 | val_mape=114.1361 | val_r2=0.3152
Epoch 02 | train_loss=5.9948 | val_loss=2.7138 | val_rmse=5.9058 | val_mae=2.2679 | val_mape=76.1447 | val_r2=0.4059
Epoch 03 | train_loss=3.0022 | val_loss=2.8202 | val_rmse=5.7577 | val_mae=2.6653 | val_mape=62.8109 | val_r2=0.4353
Epoch 04 | train_loss=2.8315 | val_loss=2.6173 | val_rmse=5.7595 | val_mae=2.6984 | val_mape=97.1961 | val_r2=0.4350
Epoch 05 | train_loss=2.8813 | val_loss=2.5258 | val_rmse=5.5530 | val_mae=2.2693 | val_mape=79.3208 | val_r2=0.4748
Epoch 06 | train_loss=2.8529 | val_loss=2.4865 | val_rmse=5.7403 | val_mae=2.5004 | val_mape=84.1685 | val_r2=0.4387
Epoch 07 | train_loss=2.8472 | val_loss=2.9790 | val_rmse=5.9034 | val_mae=2.7231 | val_mape=90.6663 | val_r2=0.4064
Epoch 08 | train_loss=2.8031 | val_loss=2.7913 | val_rmse=5.7710 | val_mae=2.2136 | val_mape=71.5287 | val_r2=0.4327
Epoch 09 | train_loss=2.8440 | val_loss=2.6470 | val_rmse=5.7430 | val_mae=2.2100 | val_mape=74.1048 | val_r2=0.4382
Epoch 10 | train_loss=2.9072 | val_loss=2.4515 | val_rmse=5.6288 | val_mae=2.2669 | val_mape=76.9028 | val_r2=0.4603
Training finished.
Restored best model from early stopping.
Best validation loss 2.4515 at epoch 10

search_stage0_6 training completed in 919.70 seconds

Starting training...
Epoch 01 | train_loss=4.2084 | val_loss=3.2861 | val_rmse=6.1236 | val_mae=2.7071 | val_mape=65.1683 | val_r2=0.3613
Epoch 02 | train_loss=3.4877 | val_loss=3.0997 | val_rmse=5.8473 | val_mae=2.3521 | val_mape=75.9099 | val_r2=0.4176
Epoch 03 | train_loss=3.2358 | val_loss=2.9502 | val_rmse=5.6587 | val_mae=2.2699 | val_mape=79.4150 | val_r2=0.4546
Epoch 04 | train_loss=3.1181 | val_loss=2.9102 | val_rmse=5.4618 | val_mae=2.3407 | val_mape=77.6982 | val_r2=0.4919
Epoch 05 | train_loss=3.0522 | val_loss=2.9705 | val_rmse=5.4881 | val_mae=2.4416 | val_mape=95.8193 | val_r2=0.4870
Epoch 06 | train_loss=2.9806 | val_loss=2.8366 | val_rmse=5.1645 | val_mae=2.1498 | val_mape=78.4060 | val_r2=0.5457
Epoch 07 | train_loss=2.9478 | val_loss=2.7832 | val_rmse=5.0954 | val_mae=2.1134 | val_mape=82.1943 | val_r2=0.5578
Epoch 08 | train_loss=2.9289 | val_loss=2.8200 | val_rmse=5.0949 | val_mae=2.1092 | val_mape=77.6443 | val_r2=0.5578
Epoch 09 | train_loss=2.9086 | val_loss=2.8137 | val_rmse=5.0614 | val_mae=2.0535 | val_mape=80.8910 | val_r2=0.5636
Epoch 10 | train_loss=2.8868 | val_loss=2.8211 | val_rmse=5.0377 | val_mae=2.0330 | val_mape=83.2391 | val_r2=0.5677
Training finished.
Restored best model from early stopping.
Best validation loss 2.7832 at epoch 7

search_stage0_7 training completed in 698.48 seconds
Pruned to 3 models

Stage 1: training 3 models for 10 epochs

Starting training...
Epoch 01 | train_loss=2.2135 | val_loss=2.1360 | val_rmse=5.1832 | val_mae=2.1022 | val_mape=72.2563 | val_r2=0.5424
Epoch 02 | train_loss=2.2049 | val_loss=2.3171 | val_rmse=5.2418 | val_mae=2.0794 | val_mape=73.8810 | val_r2=0.5320
Epoch 03 | train_loss=2.2213 | val_loss=2.1661 | val_rmse=5.2640 | val_mae=2.1194 | val_mape=72.6098 | val_r2=0.5280
Epoch 04 | train_loss=2.2190 | val_loss=2.5218 | val_rmse=5.2641 | val_mae=2.0829 | val_mape=76.5369 | val_r2=0.5280
Epoch 05 | train_loss=2.2145 | val_loss=2.1874 | val_rmse=5.3960 | val_mae=2.1373 | val_mape=71.8675 | val_r2=0.5040
Epoch 06 | train_loss=2.2307 | val_loss=2.2363 | val_rmse=5.5706 | val_mae=2.2034 | val_mape=67.1111 | val_r2=0.4714
Epoch 07 | train_loss=2.2366 | val_loss=2.2886 | val_rmse=5.4418 | val_mae=2.1571 | val_mape=72.4125 | val_r2=0.4956
Epoch 08 | train_loss=2.1137 | val_loss=2.2632 | val_rmse=5.6274 | val_mae=2.2578 | val_mape=66.1359 | val_r2=0.4606
Epoch 09 | train_loss=2.1505 | val_loss=2.1094 | val_rmse=5.1557 | val_mae=2.0687 | val_mape=72.2907 | val_r2=0.5472
Epoch 10 | train_loss=2.1120 | val_loss=2.1703 | val_rmse=5.3204 | val_mae=2.1258 | val_mape=65.7865 | val_r2=0.5178
Training finished.
Restored best model from early stopping.
Best validation loss 2.1094 at epoch 9

search_stage1_0 training completed in 890.20 seconds

Starting training...
Epoch 01 | train_loss=2.2523 | val_loss=2.2307 | val_rmse=4.9034 | val_mae=2.0553 | val_mape=73.1735 | val_r2=0.5905
Epoch 02 | train_loss=2.2515 | val_loss=2.2494 | val_rmse=4.8969 | val_mae=2.0005 | val_mape=72.2895 | val_r2=0.5915
Epoch 03 | train_loss=2.2323 | val_loss=2.2382 | val_rmse=4.9073 | val_mae=2.0008 | val_mape=73.9986 | val_r2=0.5898
Epoch 04 | train_loss=2.2185 | val_loss=2.2521 | val_rmse=4.9015 | val_mae=2.0287 | val_mape=75.8943 | val_r2=0.5908
Epoch 05 | train_loss=2.2147 | val_loss=2.2293 | val_rmse=4.9519 | val_mae=1.9960 | val_mape=69.7534 | val_r2=0.5823
Epoch 06 | train_loss=2.1837 | val_loss=2.2176 | val_rmse=4.8906 | val_mae=1.9828 | val_mape=72.0836 | val_r2=0.5926
Epoch 07 | train_loss=2.1689 | val_loss=2.2090 | val_rmse=4.8628 | val_mae=2.0017 | val_mape=68.6181 | val_r2=0.5972
Epoch 08 | train_loss=2.1680 | val_loss=2.2377 | val_rmse=4.8499 | val_mae=1.9896 | val_mape=73.2521 | val_r2=0.5993
Epoch 09 | train_loss=2.1706 | val_loss=2.2159 | val_rmse=4.8468 | val_mae=2.0373 | val_mape=69.0437 | val_r2=0.5999
Epoch 10 | train_loss=2.1646 | val_loss=2.2069 | val_rmse=4.8686 | val_mae=1.9659 | val_mape=72.0025 | val_r2=0.5963
Training finished.
Restored best model from early stopping.
Best validation loss 2.2069 at epoch 10

search_stage1_1 training completed in 667.42 seconds

Starting training...
Epoch 01 | train_loss=2.3044 | val_loss=2.3258 | val_rmse=4.8663 | val_mae=1.9796 | val_mape=75.3475 | val_r2=0.5966
Epoch 02 | train_loss=2.2920 | val_loss=2.2863 | val_rmse=4.8872 | val_mae=2.0549 | val_mape=73.8013 | val_r2=0.5932
Epoch 03 | train_loss=2.2736 | val_loss=2.3148 | val_rmse=4.9347 | val_mae=2.0264 | val_mape=77.1004 | val_r2=0.5852
Epoch 04 | train_loss=2.2609 | val_loss=2.2740 | val_rmse=4.8706 | val_mae=2.0695 | val_mape=74.9124 | val_r2=0.5959
Epoch 05 | train_loss=2.2518 | val_loss=2.2864 | val_rmse=4.8465 | val_mae=2.0743 | val_mape=76.4644 | val_r2=0.5999
Epoch 06 | train_loss=2.2067 | val_loss=2.2285 | val_rmse=4.8382 | val_mae=2.0435 | val_mape=77.1660 | val_r2=0.6013
Epoch 07 | train_loss=2.1962 | val_loss=2.2428 | val_rmse=4.8637 | val_mae=2.0929 | val_mape=77.4081 | val_r2=0.5971
Epoch 08 | train_loss=2.1841 | val_loss=2.2262 | val_rmse=4.8303 | val_mae=2.0414 | val_mape=77.2924 | val_r2=0.6026
Epoch 09 | train_loss=2.1888 | val_loss=2.2197 | val_rmse=4.8565 | val_mae=2.0428 | val_mape=73.0335 | val_r2=0.5983
Epoch 10 | train_loss=2.1778 | val_loss=2.2477 | val_rmse=4.8915 | val_mae=2.0890 | val_mape=79.5532 | val_r2=0.5924
Training finished.
Restored best model from early stopping.
Best validation loss 2.2197 at epoch 9

search_stage1_2 training completed in 660.85 seconds
Pruned to 2 models

Stage 2: training 2 models for 20 epochs

Starting training...
Epoch 01 | train_loss=2.1357 | val_loss=2.1146 | val_rmse=5.0166 | val_mae=2.0343 | val_mape=74.5342 | val_r2=0.5713
Epoch 02 | train_loss=2.0873 | val_loss=2.0777 | val_rmse=5.0832 | val_mae=2.0535 | val_mape=70.0316 | val_r2=0.5599
Epoch 03 | train_loss=2.1476 | val_loss=2.1103 | val_rmse=5.2313 | val_mae=2.1134 | val_mape=64.9515 | val_r2=0.5339
Epoch 04 | train_loss=2.0994 | val_loss=2.1793 | val_rmse=5.1378 | val_mae=2.0392 | val_mape=67.9193 | val_r2=0.5504
Epoch 05 | train_loss=2.1077 | val_loss=2.0861 | val_rmse=5.0036 | val_mae=2.0635 | val_mape=73.2422 | val_r2=0.5736
Epoch 06 | train_loss=2.0621 | val_loss=2.0864 | val_rmse=5.0314 | val_mae=2.0601 | val_mape=74.9835 | val_r2=0.5688
Epoch 07 | train_loss=2.1203 | val_loss=2.1874 | val_rmse=5.4321 | val_mae=2.1453 | val_mape=65.2195 | val_r2=0.4974
Epoch 08 | train_loss=2.0724 | val_loss=2.2632 | val_rmse=5.6060 | val_mae=2.2501 | val_mape=65.8965 | val_r2=0.4647
Epoch 09 | train_loss=2.0636 | val_loss=2.1997 | val_rmse=5.2780 | val_mae=2.0658 | val_mape=68.0487 | val_r2=0.5255
Early stopping triggered at epoch 10
Training finished.
Restored best model from early stopping.
Best validation loss 2.0777 at epoch 2

search_stage2_0 training completed in 880.87 seconds

Starting training...
Epoch 01 | train_loss=2.1675 | val_loss=2.2168 | val_rmse=4.8520 | val_mae=1.9762 | val_mape=72.1578 | val_r2=0.5990
Epoch 02 | train_loss=2.1776 | val_loss=2.2080 | val_rmse=4.8548 | val_mae=2.0187 | val_mape=73.6449 | val_r2=0.5985
Epoch 03 | train_loss=2.1587 | val_loss=2.2130 | val_rmse=4.8797 | val_mae=2.0107 | val_mape=72.2550 | val_r2=0.5944
Epoch 04 | train_loss=2.1533 | val_loss=2.2075 | val_rmse=4.8864 | val_mae=2.0448 | val_mape=80.1311 | val_r2=0.5933
Epoch 05 | train_loss=2.1594 | val_loss=2.2310 | val_rmse=4.8796 | val_mae=2.0299 | val_mape=72.9273 | val_r2=0.5944
Epoch 06 | train_loss=2.1556 | val_loss=2.2044 | val_rmse=4.8827 | val_mae=1.9627 | val_mape=70.9626 | val_r2=0.5939
Epoch 07 | train_loss=2.1497 | val_loss=2.2194 | val_rmse=4.8600 | val_mae=2.0075 | val_mape=75.0357 | val_r2=0.5977
Epoch 08 | train_loss=2.1545 | val_loss=2.2207 | val_rmse=4.8888 | val_mae=2.0542 | val_mape=71.8607 | val_r2=0.5929
Epoch 09 | train_loss=2.1411 | val_loss=2.2163 | val_rmse=4.8554 | val_mae=1.9577 | val_mape=72.4935 | val_r2=0.5984
Epoch 10 | train_loss=2.1464 | val_loss=2.2052 | val_rmse=4.8536 | val_mae=1.9808 | val_mape=70.7826 | val_r2=0.5987
Epoch 11 | train_loss=2.1508 | val_loss=2.2348 | val_rmse=4.9433 | val_mae=2.1312 | val_mape=80.3613 | val_r2=0.5838
Epoch 12 | train_loss=2.1399 | val_loss=2.1974 | val_rmse=4.8450 | val_mae=1.9927 | val_mape=74.8150 | val_r2=0.6002
Epoch 13 | train_loss=2.1388 | val_loss=2.2046 | val_rmse=4.8591 | val_mae=1.9797 | val_mape=75.1109 | val_r2=0.5978
Epoch 14 | train_loss=2.1367 | val_loss=2.2026 | val_rmse=4.8364 | val_mae=1.9948 | val_mape=75.4652 | val_r2=0.6016
Epoch 15 | train_loss=2.1446 | val_loss=2.2019 | val_rmse=4.8563 | val_mae=1.9809 | val_mape=70.9599 | val_r2=0.5983
Epoch 16 | train_loss=2.1392 | val_loss=2.2126 | val_rmse=4.8644 | val_mae=1.9941 | val_mape=71.7931 | val_r2=0.5969
Epoch 17 | train_loss=2.1392 | val_loss=2.1968 | val_rmse=4.8447 | val_mae=2.0035 | val_mape=74.1429 | val_r2=0.6002
Epoch 18 | train_loss=2.1281 | val_loss=2.2119 | val_rmse=4.8525 | val_mae=1.9634 | val_mape=71.5328 | val_r2=0.5989
Epoch 19 | train_loss=2.1424 | val_loss=2.2035 | val_rmse=4.8544 | val_mae=1.9606 | val_mape=70.0875 | val_r2=0.5986
Epoch 20 | train_loss=2.1262 | val_loss=2.2111 | val_rmse=4.8523 | val_mae=1.9815 | val_mape=70.2722 | val_r2=0.5990
Training finished.
Restored best model from early stopping.
Best validation loss 2.1968 at epoch 17

search_stage2_1 training completed in 1354.98 seconds
Pruned to 1 models

Hyperparameter search summary saved to: /workspace/comp0197-experiments/runs/baseline_ablation_sales_yen_hierarchy_embedded_seq2seq_search/models/hierarchical_gru_prob/hierarchical_gru_prob_search.json
Best hierarchical_gru_prob configuration:
{'split_protocol': 'yen_v1', 'weight_protocol': 'yen_v1', 'data_dir': './data', 'sampling': 'all', 'top_k_series': 30490, 'feature_set': 'sales_yen_hierarchy', 'seq_len': 28, 'horizon': 28, 'autoregressive': False, 'use_normalise': False, 'epochs': 60, 'early_stopping_patience': 8, 'early_stopping_min_delta': 0.0005, 'batch_size': 2048, 'num_workers': 8, 'seed': 42, 'optimiser': 'adamw', 'optimiser_params': {'lr': 0.0010973994562387963, 'weight_decay': 0.00015350336171082206}, 'scheduler': 'plateau', 'scheduler_params': {'patience': 5, 'factor': 0.5}, 'clip_grad_norm': 0.3164366797379017, 'hidden': 224, 'layers': 2, 'dropout': 0.057102744979295975, 'embed_dim': 8, 'sigma_reg': 0.001560510943567201, 'n_features': 14, 'vocab_sizes': {'state_id_int': 3, 'store_id_int': 10, 'cat_id_int': 3, 'dept_id_int': 7}, 'feature_index': {'sales': 0, 'sell_price': 1, 'is_available': 2, 'wday': 3, 'month': 4, 'year': 5, 'snap_CA': 6, 'snap_TX': 7, 'snap_WI': 8, 'has_event': 9, 'state_id_int': 10, 'store_id_int': 11, 'cat_id_int': 12, 'dept_id_int': 13}}
[config] Best config written → /workspace/comp0197-experiments/runs/baseline_ablation_sales_yen_hierarchy_embedded_seq2seq_search/configs/models/hierarchical_gru_prob.yml

  Best config for hierarchical_gru_prob:
    split_protocol: yen_v1
    weight_protocol: yen_v1
    data_dir: ./data
    sampling: all
    top_k_series: 30490
    feature_set: sales_yen_hierarchy
    seq_len: 28
    horizon: 28
    autoregressive: False
    use_normalise: False
    epochs: 60
    early_stopping_patience: 8
    early_stopping_min_delta: 0.0005
    batch_size: 2048
    num_workers: 8
    seed: 42
    optimiser: adamw
    optimiser_params.lr: 0.0010973994562387963
    optimiser_params.weight_decay: 0.00015350336171082206
    scheduler: plateau
    scheduler_params.patience: 5
    scheduler_params.factor: 0.5
    clip_grad_norm: 0.3164366797379017
    hidden: 224
    layers: 2
    dropout: 0.057102744979295975
    embed_dim: 8
    sigma_reg: 0.001560510943567201
    n_features: 14
    vocab_sizes.state_id_int: 3
    vocab_sizes.store_id_int: 10
    vocab_sizes.cat_id_int: 3
    vocab_sizes.dept_id_int: 7
    feature_index.sales: 0
    feature_index.sell_price: 1
    feature_index.is_available: 2
    feature_index.wday: 3
    feature_index.month: 4
    feature_index.year: 5
    feature_index.snap_CA: 6
    feature_index.snap_TX: 7
    feature_index.snap_WI: 8
    feature_index.has_event: 9
    feature_index.state_id_int: 10
    feature_index.store_id_int: 11
    feature_index.cat_id_int: 12
    feature_index.dept_id_int: 13

[models] Search detour complete for hierarchical_gru_prob
Random seed set to 42
Loaded cached data splits.
[data] After hierarchy encoding : (59181090, 28)
[data] train: 52,381,820 windows  (autoregressive=False)
[data] val: 2,591,650 windows  (autoregressive=False)
[data] test: 884,210 windows  (autoregressive=False)
[preprocess] hierarchical_gru_prob — 52,381,820 train / 2,591,650 val / 884,210 test windows
Random seed set to 42

Starting training...
Epoch 01 | train_loss=1.8808 | val_loss=2.0729 | val_rmse=2.9091 | val_mae=1.3087 | val_mape=54.9032 | val_r2=0.3250
Epoch 02 | train_loss=1.7741 | val_loss=1.8838 | val_rmse=2.8146 | val_mae=1.1402 | val_mape=65.4327 | val_r2=0.3681
Epoch 03 | train_loss=1.7607 | val_loss=1.8844 | val_rmse=2.8246 | val_mae=1.1428 | val_mape=63.8928 | val_r2=0.3636
Epoch 04 | train_loss=1.7652 | val_loss=1.9026 | val_rmse=2.9231 | val_mae=1.2538 | val_mape=49.9902 | val_r2=0.3185
Epoch 05 | train_loss=1.7660 | val_loss=2.1708 | val_rmse=2.7866 | val_mae=1.2305 | val_mape=57.9395 | val_r2=0.3806
Epoch 06 | train_loss=1.7575 | val_loss=2.1952 | val_rmse=2.9190 | val_mae=1.1639 | val_mape=75.7856 | val_r2=0.3204
Epoch 07 | train_loss=1.7999 | val_loss=1.8978 | val_rmse=2.8199 | val_mae=1.1569 | val_mape=63.4584 | val_r2=0.3657
Epoch 08 | train_loss=1.7972 | val_loss=1.8099 | val_rmse=2.7989 | val_mae=1.1637 | val_mape=61.2955 | val_r2=0.3751
Epoch 09 | train_loss=1.7753 | val_loss=2.3183 | val_rmse=2.9162 | val_mae=1.1104 | val_mape=72.8519 | val_r2=0.3217
Epoch 10 | train_loss=1.9079 | val_loss=2.1746 | val_rmse=3.1851 | val_mae=1.3924 | val_mape=89.4184 | val_r2=0.1908
Epoch 11 | train_loss=1.7146 | val_loss=1.9892 | val_rmse=2.7804 | val_mae=1.2597 | val_mape=63.5913 | val_r2=0.3834
Epoch 12 | train_loss=1.7323 | val_loss=1.8918 | val_rmse=2.9254 | val_mae=1.1675 | val_mape=64.6409 | val_r2=0.3174
Epoch 13 | train_loss=1.9371 | val_loss=1.8224 | val_rmse=2.8679 | val_mae=1.2128 | val_mape=53.8668 | val_r2=0.3439
Epoch 14 | train_loss=1.7319 | val_loss=1.9009 | val_rmse=2.9610 | val_mae=1.1734 | val_mape=69.7816 | val_r2=0.3007
Epoch 15 | train_loss=1.6055 | val_loss=2.2755 | val_rmse=2.9230 | val_mae=1.1213 | val_mape=69.2325 | val_r2=0.3185
Early stopping triggered at epoch 16
Training finished.
Restored best model from early stopping.
Best validation loss 1.8099 at epoch 8
Model saved to: /workspace/comp0197-experiments/runs/baseline_ablation_sales_yen_hierarchy_embedded_seq2seq_search/models/hierarchical_gru_prob/hierarchical_gru_prob_model.pt
History saved to: /workspace/comp0197-experiments/runs/baseline_ablation_sales_yen_hierarchy_embedded_seq2seq_search/models/hierarchical_gru_prob/hierarchical_gru_prob_train_history.json

hierarchical_gru_prob training completed in 10276.97 seconds

hierarchical_gru_prob model:
HierarchicalProbGRU(
  (embedder): _HierarchyEmbedder(
    (state_emb): Embedding(3, 8)
    (store_emb): Embedding(10, 8)
    (cat_emb): Embedding(3, 8)
    (dept_emb): Embedding(7, 8)
  )
  (gru): GRU(42, 224, num_layers=2, batch_first=True, dropout=0.057102744979295975)
  (mu_head): Linear(in_features=224, out_features=28, bias=True)
  (sigma_head): Linear(in_features=224, out_features=28, bias=True)
  (softplus): Softplus(beta=1.0, threshold=20.0)
)

hierarchical_gru_prob final epoch metrics:
{'epoch': 16, 'train_loss': 1.6148970127105713, 'validation_loss': 1.8553178960138157, 'validation_accuracy': None, 'val_rmse': 2.834972381591797, 'val_mae': 1.2135134935379028, 'val_mape': 72.77278304100037, 'val_r2': 0.3589235544204712}

  [DONE] hierarchical_gru_prob — artefacts in /workspace/comp0197-experiments/runs/baseline_ablation_sales_yen_hierarchy_embedded_seq2seq_search/models/hierarchical_gru_prob

  [DONE] hierarchical_gru_prob

============================================================
  TRAINING: hierarchical_quantile_gru
============================================================
[config] Run directory: /workspace/comp0197-experiments/runs/baseline_ablation_sales_yen_hierarchy_embedded_seq2seq_search

[search] Loading data once for all models...
[search] Sampling  : stratified | top_k=1500 | feature_set=sales_yen_hierarchy
Random seed set to 42
[data] Found local sales
[data] Found local calendar
[data] Found local prices
[data] Sales    : (30490, 1947)
[data] Calendar : (1969, 14)
[data] Prices   : (6841121, 4)
[data] Original items: 30490 | Stratified 1500+1500+1500 = 4500 series
[data] Trimmed shape : (4500, 1947)
[data] After melt  : (8734500, 8)
[data] After calendar merge : (8734500, 20)
[data] After price merge    : (8734500, 21)
[data] After hierarchy encoding : (8734500, 27)
[data] Yen-style pipeline (sales_yen_hierarchy): (8734500, 27)
[data] Protocol: yen_v1 — val=112 days, test=56 days
[data] Train : 2011-01-29 -> 2015-12-06  (7,978,500 rows)
[data] Val   : 2015-12-07 -> 2016-03-27  (504,000 rows)
[data] Test  : 2016-03-28 -> 2016-05-22  (252,000 rows)
[data] No normalisation — using raw sales counts
[data] train: 7,731,000 windows  (autoregressive=False)
[data] val: 382,500 windows  (autoregressive=False)
[data] test: 130,500 windows  (autoregressive=False)

[data] Feature set  : sales_yen_hierarchy  (14 features)
[data] Input shape  : (seq_len=28, n_features=14)
[data] Autoregressive: False
[data] Train batches: 3775
[data] Val batches  : 187
[data] Test batches : 64
[DEBUG] Train windows: 7,731,000
[DEBUG] Val windows  : 382,500
[DEBUG] Test windows : 130,500
[data] Vocab sizes  : {'state_id_int': 3, 'store_id_int': 10, 'cat_id_int': 3, 'dept_id_int': 7}
Random seed set to 42
[data] Found local sales
[data] Found local calendar
[data] Found local prices
[data] Sales    : (30490, 1947)
[data] Calendar : (1969, 14)
[data] Prices   : (6841121, 4)
[data] Original items: 30490 | Stratified 1500+1500+1500 = 4500 series
[data] Trimmed shape : (4500, 1947)
[data] After melt  : (8734500, 8)
[data] After calendar merge : (8734500, 20)
[data] After price merge    : (8734500, 21)
[data] After hierarchy encoding : (8734500, 27)
[data] Yen-style pipeline (sales_yen_hierarchy): (8734500, 27)
[data] Protocol: yen_v1 — val=112 days, test=56 days
[data] Train : 2011-01-29 -> 2015-12-06  (7,978,500 rows)
[data] Val   : 2015-12-07 -> 2016-03-27  (504,000 rows)
[data] Test  : 2016-03-28 -> 2016-05-22  (252,000 rows)
[data] No normalisation — using raw sales counts
[data] Revenue weights computed (4500 series, protocol=yen_v1)
[data] train: 7,731,000 windows  (autoregressive=False)
[data] val: 382,500 windows  (autoregressive=False)
[data] test: 130,500 windows  (autoregressive=False)

[data] Feature set  : sales_yen_hierarchy  (14 features)
[data] Input shape  : (seq_len=28, n_features=14)
[data] Autoregressive: False
[data] Train batches: 3775
[data] Val batches  : 187
[data] Test batches : 64
[DEBUG] Train windows: 7,731,000
[DEBUG] Val windows  : 382,500
[DEBUG] Test windows : 130,500
[data] Vocab sizes  : {'state_id_int': 3, 'store_id_int': 10, 'cat_id_int': 3, 'dept_id_int': 7}

============================================================
  SEARCH: hierarchical_quantile_gru
============================================================

Starting hierarchical_quantile_gru hyperparameter search

Stage 0: training 8 models for 10 epochs

Starting training...
Epoch 01 | train_loss=214.4843 | val_loss=168.4410 | val_rmse=6.2645 | val_mae=2.1721 | val_mape=79.6966 | val_r2=0.3315
Epoch 02 | train_loss=169.8434 | val_loss=149.6532 | val_rmse=5.9252 | val_mae=2.0810 | val_mape=78.6048 | val_r2=0.4020
Epoch 03 | train_loss=151.0660 | val_loss=138.3331 | val_rmse=5.6104 | val_mae=2.0392 | val_mape=75.1291 | val_r2=0.4638
Epoch 04 | train_loss=139.7050 | val_loss=132.2678 | val_rmse=5.3483 | val_mae=1.9931 | val_mape=77.7325 | val_r2=0.5128
Epoch 05 | train_loss=133.5232 | val_loss=129.4249 | val_rmse=5.2386 | val_mae=1.9813 | val_mape=78.6480 | val_r2=0.5326
Epoch 06 | train_loss=130.2610 | val_loss=128.2395 | val_rmse=5.1163 | val_mae=1.9463 | val_mape=79.9166 | val_r2=0.5541
Epoch 07 | train_loss=128.7281 | val_loss=129.0283 | val_rmse=5.1178 | val_mae=1.9578 | val_mape=78.6514 | val_r2=0.5539
Epoch 08 | train_loss=127.6562 | val_loss=129.1953 | val_rmse=5.2245 | val_mae=1.9720 | val_mape=77.9859 | val_r2=0.5351
Epoch 09 | train_loss=127.1370 | val_loss=128.9805 | val_rmse=5.0670 | val_mae=1.9438 | val_mape=82.8273 | val_r2=0.5627
Epoch 10 | train_loss=126.9965 | val_loss=127.7006 | val_rmse=5.0884 | val_mae=1.9572 | val_mape=79.4563 | val_r2=0.5590
Training finished.
Restored best model from early stopping.
Best validation loss 127.7006 at epoch 10

search_stage0_0 training completed in 634.62 seconds

Starting training...
Epoch 01 | train_loss=196.3000 | val_loss=154.0312 | val_rmse=5.9576 | val_mae=2.0919 | val_mape=80.0186 | val_r2=0.3954
Epoch 02 | train_loss=153.2463 | val_loss=138.0691 | val_rmse=5.5828 | val_mae=2.0133 | val_mape=77.9791 | val_r2=0.4691
Epoch 03 | train_loss=138.9375 | val_loss=132.0197 | val_rmse=5.2709 | val_mae=1.9672 | val_mape=83.9171 | val_r2=0.5268
Epoch 04 | train_loss=132.1944 | val_loss=128.9687 | val_rmse=5.1904 | val_mae=1.9615 | val_mape=80.6536 | val_r2=0.5411
Epoch 05 | train_loss=128.9905 | val_loss=127.8503 | val_rmse=5.0855 | val_mae=1.9401 | val_mape=81.1784 | val_r2=0.5595
Epoch 06 | train_loss=127.6624 | val_loss=128.2443 | val_rmse=5.1160 | val_mae=1.9786 | val_mape=80.6851 | val_r2=0.5542
Epoch 07 | train_loss=126.7643 | val_loss=128.2116 | val_rmse=5.1081 | val_mae=1.9534 | val_mape=80.4505 | val_r2=0.5556
Epoch 08 | train_loss=126.4285 | val_loss=127.8422 | val_rmse=5.0612 | val_mae=1.9462 | val_mape=81.9222 | val_r2=0.5637
Epoch 09 | train_loss=126.3723 | val_loss=127.5055 | val_rmse=5.0249 | val_mae=1.9463 | val_mape=82.2525 | val_r2=0.5699
Epoch 10 | train_loss=126.0765 | val_loss=127.5057 | val_rmse=4.9896 | val_mae=1.9273 | val_mape=83.5216 | val_r2=0.5759
Training finished.
Restored best model from early stopping.
Best validation loss 127.5055 at epoch 9

search_stage0_1 training completed in 645.51 seconds

Starting training...
Epoch 01 | train_loss=183.5357 | val_loss=144.0484 | val_rmse=5.7187 | val_mae=2.0376 | val_mape=81.7413 | val_r2=0.4430
Epoch 02 | train_loss=141.8654 | val_loss=133.0948 | val_rmse=5.3860 | val_mae=1.9920 | val_mape=78.7790 | val_r2=0.5059
Epoch 03 | train_loss=131.6168 | val_loss=127.9209 | val_rmse=5.1111 | val_mae=1.9370 | val_mape=79.0235 | val_r2=0.5550
Epoch 04 | train_loss=127.4169 | val_loss=127.6247 | val_rmse=5.0525 | val_mae=1.9411 | val_mape=76.6731 | val_r2=0.5652
Epoch 05 | train_loss=125.3637 | val_loss=124.9116 | val_rmse=4.9727 | val_mae=1.8906 | val_mape=79.0778 | val_r2=0.5788
Epoch 06 | train_loss=124.1481 | val_loss=125.9230 | val_rmse=5.0823 | val_mae=1.9091 | val_mape=78.3218 | val_r2=0.5600
Epoch 07 | train_loss=123.6465 | val_loss=126.0219 | val_rmse=5.0571 | val_mae=1.9121 | val_mape=75.2960 | val_r2=0.5644
Epoch 08 | train_loss=123.5272 | val_loss=125.0326 | val_rmse=4.9692 | val_mae=1.8865 | val_mape=77.2494 | val_r2=0.5794
Epoch 09 | train_loss=123.2974 | val_loss=127.0968 | val_rmse=4.9506 | val_mae=1.9181 | val_mape=85.7148 | val_r2=0.5825
Epoch 10 | train_loss=123.2564 | val_loss=126.0343 | val_rmse=5.0279 | val_mae=1.9100 | val_mape=81.2210 | val_r2=0.5694
Training finished.
Restored best model from early stopping.
Best validation loss 124.9116 at epoch 5

search_stage0_2 training completed in 648.73 seconds

Starting training...
Epoch 01 | train_loss=198.6107 | val_loss=151.1829 | val_rmse=6.9200 | val_mae=2.4038 | val_mape=71.1867 | val_r2=0.1843
Epoch 02 | train_loss=142.6082 | val_loss=127.3129 | val_rmse=5.6216 | val_mae=1.9559 | val_mape=77.2519 | val_r2=0.4617
Epoch 03 | train_loss=124.5049 | val_loss=120.7926 | val_rmse=5.0465 | val_mae=1.8442 | val_mape=74.8879 | val_r2=0.5662
Epoch 04 | train_loss=118.6341 | val_loss=117.7649 | val_rmse=4.8277 | val_mae=1.7850 | val_mape=76.1304 | val_r2=0.6030
Epoch 05 | train_loss=116.2515 | val_loss=115.6910 | val_rmse=4.7657 | val_mae=1.7718 | val_mape=75.9333 | val_r2=0.6131
Epoch 06 | train_loss=115.0959 | val_loss=116.4314 | val_rmse=4.7792 | val_mae=1.7748 | val_mape=73.4597 | val_r2=0.6109
Epoch 07 | train_loss=113.8305 | val_loss=114.5501 | val_rmse=4.7478 | val_mae=1.7618 | val_mape=73.1842 | val_r2=0.6160
Epoch 08 | train_loss=112.9879 | val_loss=113.7837 | val_rmse=4.6979 | val_mae=1.7407 | val_mape=76.4337 | val_r2=0.6241
Epoch 09 | train_loss=112.5150 | val_loss=113.5676 | val_rmse=4.7421 | val_mae=1.7492 | val_mape=72.3227 | val_r2=0.6170
Epoch 10 | train_loss=112.1554 | val_loss=112.8824 | val_rmse=4.6863 | val_mae=1.7363 | val_mape=74.5352 | val_r2=0.6259
Training finished.
Restored best model from early stopping.
Best validation loss 112.8824 at epoch 10

search_stage0_3 training completed in 894.18 seconds

Starting training...
Epoch 01 | train_loss=274.7558 | val_loss=253.0278 | val_rmse=8.2951 | val_mae=3.1979 | val_mape=99.4543 | val_r2=-0.1720
Epoch 02 | train_loss=235.5599 | val_loss=161.7975 | val_rmse=7.3214 | val_mae=2.6094 | val_mape=77.3765 | val_r2=0.0870
Epoch 03 | train_loss=154.9627 | val_loss=141.6341 | val_rmse=6.4640 | val_mae=2.2627 | val_mape=73.7406 | val_r2=0.2883
Epoch 04 | train_loss=139.7566 | val_loss=132.6367 | val_rmse=5.7652 | val_mae=2.0551 | val_mape=78.0831 | val_r2=0.4339
Epoch 05 | train_loss=135.0951 | val_loss=132.8695 | val_rmse=5.4409 | val_mae=2.0102 | val_mape=78.6387 | val_r2=0.4958
Epoch 06 | train_loss=129.8688 | val_loss=129.4011 | val_rmse=5.0981 | val_mae=1.9631 | val_mape=75.8448 | val_r2=0.5573
Epoch 07 | train_loss=126.7165 | val_loss=129.0545 | val_rmse=5.0310 | val_mae=1.9221 | val_mape=77.0297 | val_r2=0.5689
Epoch 08 | train_loss=125.4893 | val_loss=130.5754 | val_rmse=5.0287 | val_mae=2.0005 | val_mape=76.4318 | val_r2=0.5693
Epoch 09 | train_loss=125.2334 | val_loss=134.4515 | val_rmse=5.1854 | val_mae=1.9952 | val_mape=77.3377 | val_r2=0.5420
Epoch 10 | train_loss=123.7097 | val_loss=135.8715 | val_rmse=5.0504 | val_mae=1.9549 | val_mape=76.3961 | val_r2=0.5655
Training finished.
Restored best model from early stopping.
Best validation loss 129.0545 at epoch 7

search_stage0_4 training completed in 908.53 seconds

Starting training...
Epoch 01 | train_loss=204.8784 | val_loss=160.0475 | val_rmse=7.0791 | val_mae=2.5008 | val_mape=70.8438 | val_r2=0.1464
Epoch 02 | train_loss=150.6311 | val_loss=132.3881 | val_rmse=5.7366 | val_mae=2.0092 | val_mape=77.6124 | val_r2=0.4395
Epoch 03 | train_loss=129.3432 | val_loss=124.7630 | val_rmse=5.2039 | val_mae=1.9067 | val_mape=74.5054 | val_r2=0.5387
Epoch 04 | train_loss=121.7383 | val_loss=120.1465 | val_rmse=4.9228 | val_mae=1.8222 | val_mape=80.0888 | val_r2=0.5872
Epoch 05 | train_loss=119.2961 | val_loss=119.4738 | val_rmse=4.8643 | val_mae=1.8199 | val_mape=75.0991 | val_r2=0.5970
Epoch 06 | train_loss=118.6180 | val_loss=118.3658 | val_rmse=4.7953 | val_mae=1.7952 | val_mape=77.9747 | val_r2=0.6083
Epoch 07 | train_loss=117.9999 | val_loss=120.5566 | val_rmse=4.9355 | val_mae=1.8415 | val_mape=74.8664 | val_r2=0.5851
Epoch 08 | train_loss=117.9118 | val_loss=121.8694 | val_rmse=4.9902 | val_mae=1.8730 | val_mape=75.4314 | val_r2=0.5758
Epoch 09 | train_loss=117.6007 | val_loss=117.8018 | val_rmse=4.7495 | val_mae=1.7813 | val_mape=78.0408 | val_r2=0.6158
Epoch 10 | train_loss=117.0357 | val_loss=119.7978 | val_rmse=4.8568 | val_mae=1.8159 | val_mape=75.7684 | val_r2=0.5982
Training finished.
Restored best model from early stopping.
Best validation loss 117.8018 at epoch 9

search_stage0_5 training completed in 911.05 seconds

Starting training...
Epoch 01 | train_loss=203.5728 | val_loss=156.2682 | val_rmse=6.0137 | val_mae=2.0913 | val_mape=81.9102 | val_r2=0.3840
Epoch 02 | train_loss=153.2729 | val_loss=137.1107 | val_rmse=5.5159 | val_mae=2.0165 | val_mape=71.9009 | val_r2=0.4818
Epoch 03 | train_loss=137.9390 | val_loss=130.0362 | val_rmse=5.2702 | val_mae=1.9496 | val_mape=73.7613 | val_r2=0.5269
Epoch 04 | train_loss=131.4069 | val_loss=129.5466 | val_rmse=5.1315 | val_mae=1.9464 | val_mape=81.9625 | val_r2=0.5515
Epoch 05 | train_loss=128.1835 | val_loss=126.0206 | val_rmse=4.9843 | val_mae=1.8986 | val_mape=79.7493 | val_r2=0.5768
Epoch 06 | train_loss=126.0087 | val_loss=126.4700 | val_rmse=4.9171 | val_mae=1.9012 | val_mape=82.6927 | val_r2=0.5882
Epoch 07 | train_loss=124.9949 | val_loss=124.7825 | val_rmse=4.9579 | val_mae=1.8933 | val_mape=77.3330 | val_r2=0.5813
Epoch 08 | train_loss=124.1809 | val_loss=124.2260 | val_rmse=4.9695 | val_mae=1.8746 | val_mape=77.2176 | val_r2=0.5793
Epoch 09 | train_loss=123.7238 | val_loss=124.2924 | val_rmse=4.9476 | val_mae=1.8801 | val_mape=78.9009 | val_r2=0.5830
Epoch 10 | train_loss=123.3255 | val_loss=123.7194 | val_rmse=4.8665 | val_mae=1.8676 | val_mape=79.4731 | val_r2=0.5966
Training finished.
Restored best model from early stopping.
Best validation loss 123.7194 at epoch 10

search_stage0_6 training completed in 1452.32 seconds

Starting training...
Epoch 01 | train_loss=269.2429 | val_loss=253.4584 | val_rmse=8.2802 | val_mae=3.2031 | val_mape=97.8007 | val_r2=-0.1678
Epoch 02 | train_loss=273.5175 | val_loss=253.4882 | val_rmse=8.2880 | val_mae=3.2050 | val_mape=98.6677 | val_r2=-0.1700
Epoch 03 | train_loss=273.5107 | val_loss=253.4196 | val_rmse=8.2814 | val_mae=3.2002 | val_mape=97.9393 | val_r2=-0.1682
Epoch 04 | train_loss=273.5080 | val_loss=253.4647 | val_rmse=8.2839 | val_mae=3.1988 | val_mape=98.2246 | val_r2=-0.1689
Epoch 05 | train_loss=273.4946 | val_loss=253.4110 | val_rmse=8.2757 | val_mae=3.2011 | val_mape=97.3111 | val_r2=-0.1666
Epoch 06 | train_loss=273.4962 | val_loss=253.4453 | val_rmse=8.2829 | val_mae=3.2004 | val_mape=98.1138 | val_r2=-0.1686
Epoch 07 | train_loss=273.4843 | val_loss=253.3639 | val_rmse=8.2829 | val_mae=3.1989 | val_mape=98.1156 | val_r2=-0.1686
Epoch 08 | train_loss=273.4730 | val_loss=253.3564 | val_rmse=8.2886 | val_mae=3.2011 | val_mape=98.7353 | val_r2=-0.1702
Epoch 09 | train_loss=273.4679 | val_loss=253.3273 | val_rmse=8.2818 | val_mae=3.2004 | val_mape=97.9850 | val_r2=-0.1683
Epoch 10 | train_loss=273.4556 | val_loss=253.3872 | val_rmse=8.2858 | val_mae=3.2011 | val_mape=98.4196 | val_r2=-0.1694
Training finished.
Restored best model from early stopping.
Best validation loss 253.3273 at epoch 9

search_stage0_7 training completed in 916.52 seconds
Pruned to 3 models

Stage 1: training 3 models for 10 epochs

Starting training...
Epoch 01 | train_loss=111.8970 | val_loss=112.8506 | val_rmse=4.6993 | val_mae=1.7353 | val_mape=74.0476 | val_r2=0.6238
Epoch 02 | train_loss=111.6399 | val_loss=113.4691 | val_rmse=4.6727 | val_mae=1.7320 | val_mape=74.1449 | val_r2=0.6281
Epoch 03 | train_loss=111.4518 | val_loss=113.0864 | val_rmse=4.6554 | val_mae=1.7310 | val_mape=75.9874 | val_r2=0.6308
Epoch 04 | train_loss=111.2731 | val_loss=112.9608 | val_rmse=4.6789 | val_mae=1.7341 | val_mape=76.2024 | val_r2=0.6271
Epoch 05 | train_loss=111.0902 | val_loss=113.1888 | val_rmse=4.6735 | val_mae=1.7289 | val_mape=75.1786 | val_r2=0.6280
Epoch 06 | train_loss=111.0076 | val_loss=112.7671 | val_rmse=4.6586 | val_mae=1.7388 | val_mape=75.8238 | val_r2=0.6303
Epoch 07 | train_loss=110.8438 | val_loss=112.2092 | val_rmse=4.6546 | val_mae=1.7248 | val_mape=74.1147 | val_r2=0.6310
Epoch 08 | train_loss=110.7335 | val_loss=112.5749 | val_rmse=4.6385 | val_mae=1.7239 | val_mape=75.9853 | val_r2=0.6335
Epoch 09 | train_loss=110.5926 | val_loss=112.1350 | val_rmse=4.6549 | val_mae=1.7268 | val_mape=72.7154 | val_r2=0.6309
Epoch 10 | train_loss=110.4858 | val_loss=112.3470 | val_rmse=4.6427 | val_mae=1.7253 | val_mape=75.3169 | val_r2=0.6328
Training finished.
Restored best model from early stopping.
Best validation loss 112.1350 at epoch 9

search_stage1_0 training completed in 896.49 seconds

Starting training...
Epoch 01 | train_loss=117.0114 | val_loss=121.9842 | val_rmse=5.0281 | val_mae=1.9162 | val_mape=75.0192 | val_r2=0.5694
Epoch 02 | train_loss=116.8987 | val_loss=119.0882 | val_rmse=4.7634 | val_mae=1.8640 | val_mape=79.9347 | val_r2=0.6135
Epoch 03 | train_loss=115.9832 | val_loss=115.2338 | val_rmse=4.7038 | val_mae=1.7662 | val_mape=78.8792 | val_r2=0.6231
Epoch 04 | train_loss=115.7215 | val_loss=115.2041 | val_rmse=4.6936 | val_mae=1.7620 | val_mape=78.3912 | val_r2=0.6248
Epoch 05 | train_loss=116.2459 | val_loss=115.8716 | val_rmse=4.7361 | val_mae=1.7682 | val_mape=76.5849 | val_r2=0.6179
Epoch 06 | train_loss=115.9179 | val_loss=120.0142 | val_rmse=4.8248 | val_mae=1.8223 | val_mape=76.2192 | val_r2=0.6035
Epoch 07 | train_loss=115.4639 | val_loss=115.7974 | val_rmse=4.7261 | val_mae=1.7606 | val_mape=77.4734 | val_r2=0.6195
Epoch 08 | train_loss=115.3966 | val_loss=115.5307 | val_rmse=4.7206 | val_mae=1.7651 | val_mape=77.7442 | val_r2=0.6204
Epoch 09 | train_loss=115.4984 | val_loss=115.7840 | val_rmse=4.7343 | val_mae=1.7649 | val_mape=77.6689 | val_r2=0.6182
Epoch 10 | train_loss=115.4011 | val_loss=117.8399 | val_rmse=4.8212 | val_mae=1.8077 | val_mape=74.8040 | val_r2=0.6041
Training finished.
Restored best model from early stopping.
Best validation loss 115.2041 at epoch 4

search_stage1_1 training completed in 913.28 seconds

Starting training...
Epoch 01 | train_loss=123.1466 | val_loss=123.6090 | val_rmse=4.8996 | val_mae=1.8543 | val_mape=79.3324 | val_r2=0.5911
Epoch 02 | train_loss=122.8671 | val_loss=126.5525 | val_rmse=5.0776 | val_mae=1.9283 | val_mape=76.3461 | val_r2=0.5608
Epoch 03 | train_loss=122.7279 | val_loss=123.9960 | val_rmse=4.9520 | val_mae=1.8762 | val_mape=76.2306 | val_r2=0.5823
Epoch 04 | train_loss=122.5445 | val_loss=124.8631 | val_rmse=4.9916 | val_mae=1.8953 | val_mape=75.6385 | val_r2=0.5756
Epoch 05 | train_loss=122.4472 | val_loss=124.6721 | val_rmse=4.9737 | val_mae=1.8722 | val_mape=75.7012 | val_r2=0.5786
Epoch 06 | train_loss=122.3367 | val_loss=124.1978 | val_rmse=4.8765 | val_mae=1.8690 | val_mape=81.0712 | val_r2=0.5949
Epoch 07 | train_loss=122.0683 | val_loss=124.1169 | val_rmse=4.8636 | val_mae=1.8646 | val_mape=81.6910 | val_r2=0.5971
Epoch 08 | train_loss=120.4584 | val_loss=122.5266 | val_rmse=4.8800 | val_mae=1.8582 | val_mape=78.1623 | val_r2=0.5944
Epoch 09 | train_loss=120.3314 | val_loss=121.7113 | val_rmse=4.8650 | val_mae=1.8423 | val_mape=78.6587 | val_r2=0.5968
Epoch 10 | train_loss=120.2887 | val_loss=122.6462 | val_rmse=4.9271 | val_mae=1.8677 | val_mape=77.5969 | val_r2=0.5865
Training finished.
Restored best model from early stopping.
Best validation loss 121.7113 at epoch 9

search_stage1_2 training completed in 1453.98 seconds
Pruned to 2 models

Stage 2: training 2 models for 20 epochs

Starting training...
Epoch 01 | train_loss=110.4881 | val_loss=112.0926 | val_rmse=4.6321 | val_mae=1.7229 | val_mape=76.3196 | val_r2=0.6345
Epoch 02 | train_loss=110.3958 | val_loss=112.6850 | val_rmse=4.6274 | val_mae=1.7245 | val_mape=74.8198 | val_r2=0.6353
Epoch 03 | train_loss=110.2938 | val_loss=112.0066 | val_rmse=4.6286 | val_mae=1.7244 | val_mape=76.7978 | val_r2=0.6351
Epoch 04 | train_loss=110.1604 | val_loss=112.7367 | val_rmse=4.6224 | val_mae=1.7207 | val_mape=74.6033 | val_r2=0.6361
Epoch 05 | train_loss=110.0441 | val_loss=111.4667 | val_rmse=4.5997 | val_mae=1.7145 | val_mape=75.9717 | val_r2=0.6396
Epoch 06 | train_loss=109.9132 | val_loss=112.0315 | val_rmse=4.6504 | val_mae=1.7258 | val_mape=72.9624 | val_r2=0.6316
Epoch 07 | train_loss=109.8570 | val_loss=111.6618 | val_rmse=4.6175 | val_mae=1.7180 | val_mape=73.5106 | val_r2=0.6368
Epoch 08 | train_loss=109.7404 | val_loss=111.9108 | val_rmse=4.6433 | val_mae=1.7249 | val_mape=70.5872 | val_r2=0.6328
Epoch 09 | train_loss=109.6270 | val_loss=112.0004 | val_rmse=4.6179 | val_mae=1.7232 | val_mape=73.4935 | val_r2=0.6368
Epoch 10 | train_loss=109.5984 | val_loss=112.0711 | val_rmse=4.5828 | val_mae=1.7169 | val_mape=76.6796 | val_r2=0.6423
Epoch 11 | train_loss=109.5280 | val_loss=111.6139 | val_rmse=4.5924 | val_mae=1.7149 | val_mape=75.0089 | val_r2=0.6408
Epoch 12 | train_loss=108.8973 | val_loss=111.1746 | val_rmse=4.6083 | val_mae=1.7128 | val_mape=73.9603 | val_r2=0.6383
Epoch 13 | train_loss=108.8034 | val_loss=111.4304 | val_rmse=4.6038 | val_mae=1.7144 | val_mape=75.0134 | val_r2=0.6390
Epoch 14 | train_loss=108.7494 | val_loss=111.8566 | val_rmse=4.5996 | val_mae=1.7154 | val_mape=74.0228 | val_r2=0.6396
Epoch 15 | train_loss=108.7053 | val_loss=111.9131 | val_rmse=4.5970 | val_mae=1.7155 | val_mape=75.7488 | val_r2=0.6400
Epoch 16 | train_loss=108.6460 | val_loss=111.8451 | val_rmse=4.6331 | val_mae=1.7213 | val_mape=72.6401 | val_r2=0.6344
Epoch 17 | train_loss=108.6017 | val_loss=111.1135 | val_rmse=4.6014 | val_mae=1.7099 | val_mape=74.3851 | val_r2=0.6394
Epoch 18 | train_loss=108.5499 | val_loss=111.4078 | val_rmse=4.6007 | val_mae=1.7116 | val_mape=74.2720 | val_r2=0.6395
Epoch 19 | train_loss=108.5221 | val_loss=111.5772 | val_rmse=4.5899 | val_mae=1.7132 | val_mape=74.5623 | val_r2=0.6412
Epoch 20 | train_loss=108.4710 | val_loss=111.5463 | val_rmse=4.5977 | val_mae=1.7154 | val_mape=73.9179 | val_r2=0.6399
Training finished.
Restored best model from early stopping.
Best validation loss 111.1135 at epoch 17

search_stage2_0 training completed in 1795.20 seconds

Starting training...
Epoch 01 | train_loss=114.3593 | val_loss=115.9694 | val_rmse=4.7364 | val_mae=1.7641 | val_mape=77.0042 | val_r2=0.6179
Epoch 02 | train_loss=114.4077 | val_loss=115.6047 | val_rmse=4.7226 | val_mae=1.7616 | val_mape=77.6477 | val_r2=0.6201
Epoch 03 | train_loss=114.4255 | val_loss=115.8319 | val_rmse=4.8047 | val_mae=1.7764 | val_mape=75.2462 | val_r2=0.6068
Epoch 04 | train_loss=114.0448 | val_loss=118.2542 | val_rmse=4.8587 | val_mae=1.8093 | val_mape=74.6084 | val_r2=0.5979
Epoch 05 | train_loss=113.9666 | val_loss=117.1283 | val_rmse=4.6715 | val_mae=1.7732 | val_mape=79.2104 | val_r2=0.6283
Epoch 06 | train_loss=113.9263 | val_loss=114.6427 | val_rmse=4.6770 | val_mae=1.7573 | val_mape=79.1418 | val_r2=0.6274
Epoch 07 | train_loss=113.8076 | val_loss=114.5502 | val_rmse=4.7093 | val_mae=1.7555 | val_mape=77.1177 | val_r2=0.6222
Epoch 08 | train_loss=113.8367 | val_loss=114.4474 | val_rmse=4.7408 | val_mae=1.7573 | val_mape=76.1486 | val_r2=0.6172
Epoch 09 | train_loss=113.8447 | val_loss=119.0584 | val_rmse=4.8043 | val_mae=1.7872 | val_mape=74.7968 | val_r2=0.6068
Epoch 10 | train_loss=113.6002 | val_loss=115.5007 | val_rmse=4.7047 | val_mae=1.7557 | val_mape=76.3803 | val_r2=0.6230
Epoch 11 | train_loss=113.5707 | val_loss=114.5496 | val_rmse=4.7622 | val_mae=1.7643 | val_mape=75.5837 | val_r2=0.6137
Epoch 12 | train_loss=113.5979 | val_loss=113.7821 | val_rmse=4.6593 | val_mae=1.7511 | val_mape=78.2501 | val_r2=0.6302
Epoch 13 | train_loss=113.5583 | val_loss=117.4485 | val_rmse=4.7892 | val_mae=1.7811 | val_mape=75.1984 | val_r2=0.6093
Epoch 14 | train_loss=113.7243 | val_loss=113.7807 | val_rmse=4.7057 | val_mae=1.7471 | val_mape=76.3780 | val_r2=0.6228
Epoch 15 | train_loss=113.5327 | val_loss=113.8802 | val_rmse=4.7081 | val_mae=1.7490 | val_mape=76.1244 | val_r2=0.6224
Epoch 16 | train_loss=113.3779 | val_loss=113.7317 | val_rmse=4.6797 | val_mae=1.7502 | val_mape=78.0253 | val_r2=0.6270
Epoch 17 | train_loss=113.3459 | val_loss=115.4684 | val_rmse=4.7928 | val_mae=1.7678 | val_mape=75.4998 | val_r2=0.6087
Epoch 18 | train_loss=113.4840 | val_loss=117.9270 | val_rmse=4.8745 | val_mae=1.8243 | val_mape=74.0489 | val_r2=0.5953
Epoch 19 | train_loss=113.3860 | val_loss=113.7050 | val_rmse=4.7137 | val_mae=1.7471 | val_mape=76.4993 | val_r2=0.6215
Epoch 20 | train_loss=113.2652 | val_loss=117.1291 | val_rmse=4.7646 | val_mae=1.7635 | val_mape=74.5036 | val_r2=0.6133
Training finished.
Restored best model from early stopping.
Best validation loss 113.7050 at epoch 19

search_stage2_1 training completed in 1832.29 seconds
Pruned to 1 models

Hyperparameter search summary saved to: /workspace/comp0197-experiments/runs/baseline_ablation_sales_yen_hierarchy_embedded_seq2seq_search/models/hierarchical_quantile_gru/hierarchical_quantile_gru_search.json
Best hierarchical_quantile_gru configuration:
{'split_protocol': 'yen_v1', 'weight_protocol': 'yen_v1', 'data_dir': './data', 'sampling': 'all', 'top_k_series': 30490, 'feature_set': 'sales_yen_hierarchy', 'seq_len': 28, 'horizon': 28, 'autoregressive': False, 'use_normalise': False, 'epochs': 60, 'early_stopping_patience': 8, 'early_stopping_min_delta': 0.0005, 'batch_size': 2048, 'num_workers': 8, 'seed': 42, 'optimiser': 'adamw', 'optimiser_params': {'lr': 0.0005045249494155093, 'weight_decay': 0.0002339175129335525}, 'scheduler': 'plateau', 'scheduler_params': {'patience': 5, 'factor': 0.5}, 'clip_grad_norm': 0.9743278433240687, 'hidden': 256, 'layers': 2, 'dropout': 0.0705658475838806, 'embed_dim': 6, 'quantiles': [0.025, 0.05, 0.1, 0.25, 0.5, 0.75, 0.9, 0.95, 0.975], 'n_features': 14, 'vocab_sizes': {'state_id_int': 3, 'store_id_int': 10, 'cat_id_int': 3, 'dept_id_int': 7}, 'feature_index': {'sales': 0, 'sell_price': 1, 'is_available': 2, 'wday': 3, 'month': 4, 'year': 5, 'snap_CA': 6, 'snap_TX': 7, 'snap_WI': 8, 'has_event': 9, 'state_id_int': 10, 'store_id_int': 11, 'cat_id_int': 12, 'dept_id_int': 13}}
[config] Best config written → /workspace/comp0197-experiments/runs/baseline_ablation_sales_yen_hierarchy_embedded_seq2seq_search/configs/models/hierarchical_quantile_gru.yml

  Best config for hierarchical_quantile_gru:
    split_protocol: yen_v1
    weight_protocol: yen_v1
    data_dir: ./data
    sampling: all
    top_k_series: 30490
    feature_set: sales_yen_hierarchy
    seq_len: 28
    horizon: 28
    autoregressive: False
    use_normalise: False
    epochs: 60
    early_stopping_patience: 8
    early_stopping_min_delta: 0.0005
    batch_size: 2048
    num_workers: 8
    seed: 42
    optimiser: adamw
    optimiser_params.lr: 0.0005045249494155093
    optimiser_params.weight_decay: 0.0002339175129335525
    scheduler: plateau
    scheduler_params.patience: 5
    scheduler_params.factor: 0.5
    clip_grad_norm: 0.9743278433240687
    hidden: 256
    layers: 2
    dropout: 0.0705658475838806
    embed_dim: 6
    quantiles: [0.025, 0.05, 0.1, 0.25, 0.5, 0.75, 0.9, 0.95, 0.975]
    n_features: 14
    vocab_sizes.state_id_int: 3
    vocab_sizes.store_id_int: 10
    vocab_sizes.cat_id_int: 3
    vocab_sizes.dept_id_int: 7
    feature_index.sales: 0
    feature_index.sell_price: 1
    feature_index.is_available: 2
    feature_index.wday: 3
    feature_index.month: 4
    feature_index.year: 5
    feature_index.snap_CA: 6
    feature_index.snap_TX: 7
    feature_index.snap_WI: 8
    feature_index.has_event: 9
    feature_index.state_id_int: 10
    feature_index.store_id_int: 11
    feature_index.cat_id_int: 12
    feature_index.dept_id_int: 13

[models] Search detour complete for hierarchical_quantile_gru
Random seed set to 42
Loaded cached data splits.
[data] After hierarchy encoding : (59181090, 28)
[data] train: 52,381,820 windows  (autoregressive=False)
[data] val: 2,591,650 windows  (autoregressive=False)
[data] test: 884,210 windows  (autoregressive=False)
[preprocess] hierarchical_quantile_gru — 52,381,820 train / 2,591,650 val / 884,210 test windows
Random seed set to 42

Starting training...
Epoch 01 | train_loss=57.7340 | val_loss=63.3785 | val_rmse=2.4670 | val_mae=0.9757 | val_mape=58.7643 | val_r2=0.5145
Epoch 02 | train_loss=51.9777 | val_loss=63.3255 | val_rmse=2.4916 | val_mae=0.9592 | val_mape=77.5057 | val_r2=0.5048
Epoch 03 | train_loss=52.1164 | val_loss=61.2219 | val_rmse=2.4305 | val_mae=0.9352 | val_mape=69.7972 | val_r2=0.5288
Epoch 04 | train_loss=52.1353 | val_loss=61.6245 | val_rmse=2.4187 | val_mae=0.9436 | val_mape=71.1474 | val_r2=0.5334
Epoch 05 | train_loss=51.9755 | val_loss=62.0461 | val_rmse=2.4408 | val_mae=0.9496 | val_mape=73.3034 | val_r2=0.5248
Epoch 06 | train_loss=51.9884 | val_loss=62.2946 | val_rmse=2.5030 | val_mae=0.9560 | val_mape=75.0588 | val_r2=0.5003
Epoch 07 | train_loss=52.0731 | val_loss=62.9536 | val_rmse=2.5042 | val_mae=0.9841 | val_mape=71.2208 | val_r2=0.4998
Epoch 08 | train_loss=52.0477 | val_loss=60.4290 | val_rmse=2.3894 | val_mae=0.9293 | val_mape=67.1485 | val_r2=0.5446
Epoch 09 | train_loss=51.9697 | val_loss=61.0606 | val_rmse=2.4406 | val_mae=0.9416 | val_mape=73.6874 | val_r2=0.5249
Epoch 10 | train_loss=52.0504 | val_loss=65.4411 | val_rmse=2.4480 | val_mae=0.9920 | val_mape=71.6610 | val_r2=0.5220
Epoch 11 | train_loss=51.8625 | val_loss=62.9798 | val_rmse=2.4764 | val_mae=0.9691 | val_mape=73.1962 | val_r2=0.5108
Epoch 12 | train_loss=51.9473 | val_loss=61.5069 | val_rmse=2.4072 | val_mae=0.9404 | val_mape=65.0043 | val_r2=0.5378
Epoch 13 | train_loss=52.0519 | val_loss=61.5179 | val_rmse=2.3942 | val_mae=0.9420 | val_mape=66.1886 | val_r2=0.5428
Epoch 14 | train_loss=51.9279 | val_loss=62.5545 | val_rmse=2.4615 | val_mae=0.9534 | val_mape=72.1439 | val_r2=0.5167
Epoch 15 | train_loss=50.7506 | val_loss=60.5563 | val_rmse=2.4285 | val_mae=0.9330 | val_mape=69.8318 | val_r2=0.5296
Epoch 16 | train_loss=50.7986 | val_loss=60.2931 | val_rmse=2.4259 | val_mae=0.9351 | val_mape=68.8585 | val_r2=0.5306
Epoch 17 | train_loss=50.7238 | val_loss=60.5407 | val_rmse=2.4404 | val_mae=0.9352 | val_mape=70.7073 | val_r2=0.5250
Epoch 18 | train_loss=50.6926 | val_loss=60.2051 | val_rmse=2.4230 | val_mae=0.9307 | val_mape=70.7039 | val_r2=0.5317
Epoch 19 | train_loss=50.7080 | val_loss=60.1357 | val_rmse=2.4000 | val_mae=0.9283 | val_mape=65.8439 | val_r2=0.5406
Epoch 20 | train_loss=50.6558 | val_loss=63.6782 | val_rmse=2.5076 | val_mae=0.9715 | val_mape=68.5777 | val_r2=0.4984
Epoch 21 | train_loss=50.7746 | val_loss=62.2243 | val_rmse=2.4794 | val_mae=0.9555 | val_mape=73.1749 | val_r2=0.5097
Epoch 22 | train_loss=50.6841 | val_loss=60.0286 | val_rmse=2.4089 | val_mae=0.9279 | val_mape=68.9485 | val_r2=0.5372
Epoch 23 | train_loss=50.6478 | val_loss=60.1575 | val_rmse=2.4162 | val_mae=0.9297 | val_mape=70.1501 | val_r2=0.5343
Epoch 24 | train_loss=50.6941 | val_loss=64.0974 | val_rmse=2.5448 | val_mae=0.9760 | val_mape=67.8340 | val_r2=0.4834
Epoch 25 | train_loss=50.6530 | val_loss=60.3601 | val_rmse=2.4254 | val_mae=0.9306 | val_mape=70.1670 | val_r2=0.5308
Epoch 26 | train_loss=50.6878 | val_loss=60.5809 | val_rmse=2.4398 | val_mae=0.9349 | val_mape=71.2784 | val_r2=0.5252
Epoch 27 | train_loss=50.5824 | val_loss=60.4741 | val_rmse=2.4381 | val_mae=0.9324 | val_mape=70.7922 | val_r2=0.5258
Epoch 28 | train_loss=50.6167 | val_loss=63.3956 | val_rmse=2.4925 | val_mae=0.9751 | val_mape=76.3109 | val_r2=0.5044
Epoch 29 | train_loss=50.1153 | val_loss=59.7002 | val_rmse=2.3757 | val_mae=0.9235 | val_mape=68.4726 | val_r2=0.5498
Epoch 30 | train_loss=50.0905 | val_loss=60.4918 | val_rmse=2.4274 | val_mae=0.9326 | val_mape=70.3824 | val_r2=0.5300
Epoch 31 | train_loss=50.0746 | val_loss=59.8813 | val_rmse=2.4023 | val_mae=0.9259 | val_mape=66.7932 | val_r2=0.5397
Epoch 32 | train_loss=50.0653 | val_loss=59.8009 | val_rmse=2.4048 | val_mae=0.9248 | val_mape=68.7657 | val_r2=0.5387
Epoch 33 | train_loss=50.0773 | val_loss=61.1070 | val_rmse=2.4566 | val_mae=0.9453 | val_mape=71.9478 | val_r2=0.5186
Epoch 34 | train_loss=50.0844 | val_loss=59.7440 | val_rmse=2.3971 | val_mae=0.9241 | val_mape=68.0813 | val_r2=0.5417
Epoch 35 | train_loss=50.0822 | val_loss=59.8409 | val_rmse=2.3959 | val_mae=0.9249 | val_mape=70.3059 | val_r2=0.5421
Epoch 36 | train_loss=49.8333 | val_loss=60.0858 | val_rmse=2.4239 | val_mae=0.9289 | val_mape=69.9964 | val_r2=0.5313
Epoch 37 | train_loss=49.8247 | val_loss=59.6147 | val_rmse=2.4019 | val_mae=0.9240 | val_mape=69.3484 | val_r2=0.5398
Epoch 38 | train_loss=49.7920 | val_loss=59.7802 | val_rmse=2.4147 | val_mae=0.9256 | val_mape=68.8001 | val_r2=0.5349
Epoch 39 | train_loss=49.7604 | val_loss=60.2087 | val_rmse=2.4426 | val_mae=0.9325 | val_mape=71.6884 | val_r2=0.5241
Epoch 40 | train_loss=49.7363 | val_loss=59.9247 | val_rmse=2.4226 | val_mae=0.9342 | val_mape=68.5845 | val_r2=0.5318
Epoch 41 | train_loss=49.7213 | val_loss=59.8009 | val_rmse=2.4278 | val_mae=0.9273 | val_mape=70.5348 | val_r2=0.5298
Epoch 42 | train_loss=49.7026 | val_loss=60.1813 | val_rmse=2.4238 | val_mae=0.9279 | val_mape=67.7249 | val_r2=0.5314
Epoch 43 | train_loss=49.6842 | val_loss=59.7860 | val_rmse=2.4256 | val_mae=0.9271 | val_mape=70.3328 | val_r2=0.5307
Epoch 44 | train_loss=49.5657 | val_loss=59.5211 | val_rmse=2.4183 | val_mae=0.9251 | val_mape=68.8885 | val_r2=0.5335
Epoch 45 | train_loss=49.5564 | val_loss=59.5097 | val_rmse=2.4027 | val_mae=0.9224 | val_mape=68.9530 | val_r2=0.5395
Epoch 46 | train_loss=49.5518 | val_loss=59.5033 | val_rmse=2.4121 | val_mae=0.9235 | val_mape=68.7194 | val_r2=0.5359
Epoch 47 | train_loss=49.5350 | val_loss=59.3904 | val_rmse=2.3964 | val_mae=0.9213 | val_mape=69.0615 | val_r2=0.5419
Epoch 48 | train_loss=49.5174 | val_loss=59.6128 | val_rmse=2.4165 | val_mae=0.9245 | val_mape=69.9172 | val_r2=0.5342
Epoch 49 | train_loss=49.5021 | val_loss=59.4359 | val_rmse=2.4147 | val_mae=0.9251 | val_mape=69.2280 | val_r2=0.5349
Epoch 50 | train_loss=49.4925 | val_loss=59.8188 | val_rmse=2.4248 | val_mae=0.9262 | val_mape=70.5191 | val_r2=0.5310
Epoch 51 | train_loss=49.4819 | val_loss=59.7502 | val_rmse=2.3881 | val_mae=0.9254 | val_mape=65.3671 | val_r2=0.5451
Epoch 52 | train_loss=49.4692 | val_loss=59.4696 | val_rmse=2.3774 | val_mae=0.9224 | val_mape=66.1094 | val_r2=0.5492
Epoch 53 | train_loss=49.4572 | val_loss=59.7972 | val_rmse=2.4288 | val_mae=0.9265 | val_mape=70.9841 | val_r2=0.5295
Epoch 54 | train_loss=49.3951 | val_loss=59.2894 | val_rmse=2.4002 | val_mae=0.9209 | val_mape=68.7894 | val_r2=0.5405
Epoch 55 | train_loss=49.3883 | val_loss=59.5695 | val_rmse=2.4147 | val_mae=0.9234 | val_mape=69.6015 | val_r2=0.5349
Epoch 56 | train_loss=49.3855 | val_loss=59.4068 | val_rmse=2.4176 | val_mae=0.9234 | val_mape=69.7135 | val_r2=0.5338
Epoch 57 | train_loss=49.3834 | val_loss=59.2840 | val_rmse=2.4016 | val_mae=0.9210 | val_mape=68.5824 | val_r2=0.5399
Epoch 58 | train_loss=49.3760 | val_loss=59.6479 | val_rmse=2.4128 | val_mae=0.9240 | val_mape=70.7063 | val_r2=0.5357
Epoch 59 | train_loss=49.3733 | val_loss=59.7514 | val_rmse=2.4288 | val_mae=0.9264 | val_mape=70.6836 | val_r2=0.5295
Epoch 60 | train_loss=49.3685 | val_loss=59.2175 | val_rmse=2.3948 | val_mae=0.9203 | val_mape=68.0853 | val_r2=0.5425
Training finished.
Restored best model from early stopping.
Best validation loss 59.2175 at epoch 60
Model saved to: /workspace/comp0197-experiments/runs/baseline_ablation_sales_yen_hierarchy_embedded_seq2seq_search/models/hierarchical_quantile_gru/hierarchical_quantile_gru_model.pt
History saved to: /workspace/comp0197-experiments/runs/baseline_ablation_sales_yen_hierarchy_embedded_seq2seq_search/models/hierarchical_quantile_gru/hierarchical_quantile_gru_train_history.json

hierarchical_quantile_gru training completed in 38280.36 seconds

hierarchical_quantile_gru model:
HierarchicalQuantileGRU(
  (embedder): _HierarchyEmbedder(
    (state_emb): Embedding(3, 6)
    (store_emb): Embedding(10, 6)
    (cat_emb): Embedding(3, 6)
    (dept_emb): Embedding(7, 6)
  )
  (gru): GRU(34, 256, num_layers=2, batch_first=True, dropout=0.0705658475838806)
  (fc): Linear(in_features=256, out_features=252, bias=True)
)

hierarchical_quantile_gru final epoch metrics:
{'epoch': 60, 'train_loss': 49.36853790283203, 'validation_loss': 59.21747309506817, 'validation_accuracy': None, 'val_rmse': 2.394810199737549, 'val_mae': 0.9203360080718994, 'val_mape': 68.08528900146484, 'val_r2': 0.5425386428833008}

  [DONE] hierarchical_quantile_gru — artefacts in /workspace/comp0197-experiments/runs/baseline_ablation_sales_yen_hierarchy_embedded_seq2seq_search/models/hierarchical_quantile_gru

  [DONE] hierarchical_quantile_gru

============================================================
  ALL TRAINING COMPLETE
  Trained  : 3/3 models
  Run folder: /workspace/comp0197-experiments/runs/baseline_ablation_sales_yen_hierarchy_embedded_seq2seq_search
============================================================
